{"C:\\Users\\ACER NITRO\\Desktop\\WC_repo\\Frontend\\mundial-app\\src\\middleware.ts": {"path":"C:\\Users\\ACER NITRO\\Desktop\\WC_repo\\Frontend\\mundial-app\\src\\middleware.ts","statementMap":{"0":{"start":{"line":5,"column":0},"end":{"line":5,"column":16}},"1":{"start":{"line":1,"column":0},"end":{"line":1,"column":43}},"2":{"start":{"line":3,"column":0},"end":{"line":3,"column":57}},"3":{"start":{"line":6,"column":23},"end":{"line":6,"column":38}},"4":{"start":{"line":8,"column":2},"end":{"line":10,"column":3}},"5":{"start":{"line":9,"column":4},"end":{"line":9,"column":31}},"6":{"start":{"line":12,"column":23},"end":{"line":12,"column":61}},"7":{"start":{"line":13,"column":2},"end":{"line":13,"column":73}},"8":{"start":{"line":13,"column":46},"end":{"line":13,"column":73}},"9":{"start":{"line":15,"column":14},"end":{"line":15,"column":37}},"10":{"start":{"line":16,"column":2},"end":{"line":16,"column":72}},"11":{"start":{"line":17,"column":2},"end":{"line":17,"column":36}},"12":{"start":{"line":20,"column":13},"end":{"line":22,"column":2}}},"fnMap":{"0":{"name":"middleware","decl":{"start":{"line":5,"column":16},"end":{"line":5,"column":26}},"loc":{"start":{"line":5,"column":47},"end":{"line":18,"column":1}}}},"branchMap":{"0":{"loc":{"start":{"line":8,"column":2},"end":{"line":10,"column":3}},"type":"if","locations":[{"start":{"line":8,"column":2},"end":{"line":10,"column":3}}]},"1":{"loc":{"start":{"line":8,"column":6},"end":{"line":8,"column":92}},"type":"binary-expr","locations":[{"start":{"line":8,"column":6},"end":{"line":8,"column":35}},{"start":{"line":8,"column":39},"end":{"line":8,"column":66}},{"start":{"line":8,"column":70},"end":{"line":8,"column":92}}]},"2":{"loc":{"start":{"line":13,"column":2},"end":{"line":13,"column":73}},"type":"if","locations":[{"start":{"line":13,"column":2},"end":{"line":13,"column":73}}]},"3":{"loc":{"start":{"line":13,"column":6},"end":{"line":13,"column":44}},"type":"binary-expr","locations":[{"start":{"line":13,"column":6},"end":{"line":13,"column":18}},{"start":{"line":13,"column":22},"end":{"line":13,"column":44}}]},"4":{"loc":{"start":{"line":16,"column":37},"end":{"line":16,"column":69}},"type":"cond-expr","locations":[{"start":{"line":16,"column":56},"end":{"line":16,"column":58}},{"start":{"line":16,"column":61},"end":{"line":16,"column":69}}]}},"s":{"0":0,"1":0,"2":0,"3":0,"4":0,"5":0,"6":0,"7":0,"8":0,"9":0,"10":0,"11":0,"12":0},"f":{"0":0},"b":{"0":[0],"1":[0,0,0],"2":[0],"3":[0,0],"4":[0,0]}}
,"C:\\Users\\ACER NITRO\\Desktop\\WC_repo\\Frontend\\mundial-app\\src\\app\\layout.tsx": {"path":"C:\\Users\\ACER NITRO\\Desktop\\WC_repo\\Frontend\\mundial-app\\src\\app\\layout.tsx","statementMap":{"0":{"start":{"line":14,"column":0},"end":{"line":14,"column":24}},"1":{"start":{"line":2,"column":0},"end":{"line":2,"column":23}},"2":{"start":{"line":4,"column":13},"end":{"line":12,"column":2}},"3":{"start":{"line":15,"column":2},"end":{"line":29,"column":4}}},"fnMap":{"0":{"name":"RootLayout","decl":{"start":{"line":14,"column":24},"end":{"line":14,"column":34}},"loc":{"start":{"line":14,"column":78},"end":{"line":30,"column":1}}}},"branchMap":{},"s":{"0":0,"1":0,"2":0,"3":0},"f":{"0":0},"b":{}}
,"C:\\Users\\ACER NITRO\\Desktop\\WC_repo\\Frontend\\mundial-app\\src\\app\\[locale]\\layout.tsx": {"path":"C:\\Users\\ACER NITRO\\Desktop\\WC_repo\\Frontend\\mundial-app\\src\\app\\[locale]\\layout.tsx","statementMap":{"0":{"start":{"line":12,"column":0},"end":{"line":12,"column":24}},"1":{"start":{"line":3,"column":0},"end":{"line":3,"column":33}},"2":{"start":{"line":4,"column":0},"end":{"line":4,"column":53}},"3":{"start":{"line":5,"column":0},"end":{"line":5,"column":55}},"4":{"start":{"line":6,"column":0},"end":{"line":6,"column":49}},"5":{"start":{"line":7,"column":0},"end":{"line":7,"column":54}},"6":{"start":{"line":8,"column":0},"end":{"line":8,"column":60}},"7":{"start":{"line":10,"column":14},"end":{"line":10,"column":43}},"8":{"start":{"line":13,"column":2},"end":{"line":33,"column":4}}},"fnMap":{"0":{"name":"LocaleLayout","decl":{"start":{"line":12,"column":24},"end":{"line":12,"column":36}},"loc":{"start":{"line":12,"column":80},"end":{"line":34,"column":1}}}},"branchMap":{"0":{"loc":{"start":{"line":15,"column":7},"end":{"line":21,"column":null}},"type":"binary-expr","locations":[{"start":{"line":15,"column":7},"end":{"line":15,"column":12}},{"start":{"line":16,"column":8},"end":{"line":20,"column":null}}]}},"s":{"0":0,"1":0,"2":0,"3":0,"4":0,"5":0,"6":0,"7":0,"8":0},"f":{"0":0},"b":{"0":[0,0]}}
,"C:\\Users\\ACER NITRO\\Desktop\\WC_repo\\Frontend\\mundial-app\\src\\app\\[locale]\\page.tsx": {"path":"C:\\Users\\ACER NITRO\\Desktop\\WC_repo\\Frontend\\mundial-app\\src\\app\\[locale]\\page.tsx","statementMap":{"0":{"start":{"line":245,"column":0},"end":{"line":245,"column":24}},"1":{"start":{"line":3,"column":0},"end":{"line":3,"column":51}},"2":{"start":{"line":4,"column":0},"end":{"line":4,"column":56}},"3":{"start":{"line":5,"column":0},"end":{"line":5,"column":44}},"4":{"start":{"line":6,"column":0},"end":{"line":6,"column":29}},"5":{"start":{"line":7,"column":0},"end":{"line":7,"column":null}},"6":{"start":{"line":11,"column":0},"end":{"line":11,"column":49}},"7":{"start":{"line":12,"column":0},"end":{"line":12,"column":49}},"8":{"start":{"line":13,"column":0},"end":{"line":13,"column":110}},"9":{"start":{"line":14,"column":0},"end":{"line":14,"column":56}},"10":{"start":{"line":16,"column":14},"end":{"line":16,"column":32}},"11":{"start":{"line":23,"column":15},"end":{"line":45,"column":1}},"12":{"start":{"line":26,"column":14},"end":{"line":26,"column":62}},"13":{"start":{"line":27,"column":2},"end":{"line":44,"column":4}},"14":{"start":{"line":30,"column":19},"end":{"line":30,"column":52}},"15":{"start":{"line":31,"column":19},"end":{"line":31,"column":58}},"16":{"start":{"line":32,"column":19},"end":{"line":32,"column":58}},"17":{"start":{"line":33,"column":8},"end":{"line":41,"column":10}},"18":{"start":{"line":48,"column":13},"end":{"line":70,"column":1}},"19":{"start":{"line":52,"column":15},"end":{"line":52,"column":38}},"20":{"start":{"line":53,"column":15},"end":{"line":53,"column":30}},"21":{"start":{"line":54,"column":15},"end":{"line":54,"column":52}},"22":{"start":{"line":55,"column":15},"end":{"line":55,"column":31}},"23":{"start":{"line":56,"column":2},"end":{"line":69,"column":4}},"24":{"start":{"line":73,"column":16},"end":{"line":98,"column":1}},"25":{"start":{"line":76,"column":14},"end":{"line":76,"column":61}},"26":{"start":{"line":77,"column":2},"end":{"line":97,"column":4}},"27":{"start":{"line":101,"column":20},"end":{"line":151,"column":1}},"28":{"start":{"line":107,"column":14},"end":{"line":107,"column":71}},"29":{"start":{"line":108,"column":19},"end":{"line":108,"column":51}},"30":{"start":{"line":109,"column":17},"end":{"line":109,"column":80}},"31":{"start":{"line":110,"column":2},"end":{"line":150,"column":4}},"32":{"start":{"line":154,"column":16},"end":{"line":198,"column":null}},"33":{"start":{"line":160,"column":2},"end":{"line":197,"column":null}},"34":{"start":{"line":202,"column":13},"end":{"line":217,"column":1}},"35":{"start":{"line":205,"column":13},"end":{"line":205,"column":72}},"36":{"start":{"line":206,"column":2},"end":{"line":216,"column":4}},"37":{"start":{"line":220,"column":17},"end":{"line":240,"column":1}},"38":{"start":{"line":221,"column":12},"end":{"line":221,"column":35}},"39":{"start":{"line":222,"column":15},"end":{"line":222,"column":30}},"40":{"start":{"line":223,"column":16},"end":{"line":223,"column":34}},"41":{"start":{"line":224,"column":19},"end":{"line":224,"column":34}},"42":{"start":{"line":225,"column":35},"end":{"line":230,"column":4}},"43":{"start":{"line":231,"column":23},"end":{"line":231,"column":48}},"44":{"start":{"line":232,"column":2},"end":{"line":239,"column":4}},"45":{"start":{"line":246,"column":17},"end":{"line":246,"column":28}},"46":{"start":{"line":247,"column":58},"end":{"line":247,"column":67}},"47":{"start":{"line":249,"column":42},"end":{"line":249,"column":56}},"48":{"start":{"line":250,"column":42},"end":{"line":250,"column":61}},"49":{"start":{"line":251,"column":42},"end":{"line":251,"column":61}},"50":{"start":{"line":252,"column":42},"end":{"line":252,"column":61}},"51":{"start":{"line":253,"column":42},"end":{"line":253,"column":61}},"52":{"start":{"line":254,"column":42},"end":{"line":254,"column":102}},"53":{"start":{"line":255,"column":42},"end":{"line":255,"column":97}},"54":{"start":{"line":256,"column":46},"end":{"line":256,"column":61}},"55":{"start":{"line":258,"column":2},"end":{"line":260,"column":45}},"56":{"start":{"line":259,"column":4},"end":{"line":259,"column":64}},"57":{"start":{"line":259,"column":42},"end":{"line":259,"column":64}},"58":{"start":{"line":262,"column":2},"end":{"line":280,"column":9}},"59":{"start":{"line":263,"column":19},"end":{"line":263,"column":50}},"60":{"start":{"line":264,"column":17},"end":{"line":276,"column":5}},"61":{"start":{"line":265,"column":19},"end":{"line":265,"column":48}},"62":{"start":{"line":266,"column":6},"end":{"line":269,"column":7}},"63":{"start":{"line":267,"column":8},"end":{"line":267,"column":32}},"64":{"start":{"line":268,"column":8},"end":{"line":268,"column":15}},"65":{"start":{"line":270,"column":6},"end":{"line":275,"column":9}},"66":{"start":{"line":277,"column":4},"end":{"line":277,"column":11}},"67":{"start":{"line":278,"column":15},"end":{"line":278,"column":38}},"68":{"start":{"line":279,"column":4},"end":{"line":279,"column":35}},"69":{"start":{"line":279,"column":17},"end":{"line":279,"column":34}},"70":{"start":{"line":282,"column":2},"end":{"line":284,"column":43}},"71":{"start":{"line":283,"column":4},"end":{"line":283,"column":65}},"72":{"start":{"line":283,"column":49},"end":{"line":283,"column":65}},"73":{"start":{"line":286,"column":24},"end":{"line":330,"column":3}},"74":{"start":{"line":287,"column":4},"end":{"line":329,"column":5}},"75":{"start":{"line":288,"column":6},"end":{"line":288,"column":23}},"76":{"start":{"line":289,"column":21},"end":{"line":289,"column":37}},"77":{"start":{"line":290,"column":25},"end":{"line":290,"column":53}},"78":{"start":{"line":291,"column":6},"end":{"line":291,"column":53}},"79":{"start":{"line":291,"column":25},"end":{"line":291,"column":43}},"80":{"start":{"line":291,"column":44},"end":{"line":291,"column":51}},"81":{"start":{"line":292,"column":18},"end":{"line":292,"column":31}},"82":{"start":{"line":294,"column":56},"end":{"line":299,"column":8}},"83":{"start":{"line":296,"column":69},"end":{"line":296,"column":99}},"84":{"start":{"line":297,"column":78},"end":{"line":297,"column":110}},"85":{"start":{"line":298,"column":83},"end":{"line":298,"column":87}},"86":{"start":{"line":301,"column":24},"end":{"line":303,"column":90}},"87":{"start":{"line":302,"column":21},"end":{"line":302,"column":68}},"88":{"start":{"line":303,"column":24},"end":{"line":303,"column":89}},"89":{"start":{"line":304,"column":24},"end":{"line":306,"column":90}},"90":{"start":{"line":305,"column":21},"end":{"line":305,"column":44}},"91":{"start":{"line":306,"column":24},"end":{"line":306,"column":89}},"92":{"start":{"line":308,"column":6},"end":{"line":308,"column":42}},"93":{"start":{"line":309,"column":6},"end":{"line":309,"column":41}},"94":{"start":{"line":311,"column":27},"end":{"line":311,"column":47}},"95":{"start":{"line":312,"column":6},"end":{"line":312,"column":96}},"96":{"start":{"line":312,"column":23},"end":{"line":312,"column":96}},"97":{"start":{"line":312,"column":55},"end":{"line":312,"column":85}},"98":{"start":{"line":314,"column":20},"end":{"line":314,"column":35}},"99":{"start":{"line":315,"column":6},"end":{"line":315,"column":145}},"100":{"start":{"line":317,"column":6},"end":{"line":324,"column":7}},"101":{"start":{"line":318,"column":8},"end":{"line":323,"column":13}},"102":{"start":{"line":318,"column":87},"end":{"line":323,"column":10}},"103":{"start":{"line":326,"column":6},"end":{"line":326,"column":23}},"104":{"start":{"line":328,"column":6},"end":{"line":328,"column":24}},"105":{"start":{"line":332,"column":2},"end":{"line":343,"column":3}},"106":{"start":{"line":333,"column":4},"end":{"line":342,"column":6}},"107":{"start":{"line":345,"column":2},"end":{"line":345,"column":36}},"108":{"start":{"line":345,"column":24},"end":{"line":345,"column":36}},"109":{"start":{"line":347,"column":18},"end":{"line":351,"column":3}},"110":{"start":{"line":348,"column":15},"end":{"line":348,"column":26}},"111":{"start":{"line":349,"column":4},"end":{"line":350,"column":87}},"112":{"start":{"line":353,"column":21},"end":{"line":359,"column":13}},"113":{"start":{"line":354,"column":63},"end":{"line":354,"column":75}},"114":{"start":{"line":355,"column":45},"end":{"line":355,"column":55}},"115":{"start":{"line":356,"column":4},"end":{"line":356,"column":163}},"116":{"start":{"line":356,"column":32},"end":{"line":356,"column":163}},"117":{"start":{"line":357,"column":4},"end":{"line":357,"column":179}},"118":{"start":{"line":357,"column":51},"end":{"line":357,"column":179}},"119":{"start":{"line":358,"column":4},"end":{"line":358,"column":121}},"120":{"start":{"line":361,"column":22},"end":{"line":363,"column":7}},"121":{"start":{"line":365,"column":21},"end":{"line":365,"column":94}},"122":{"start":{"line":365,"column":77},"end":{"line":365,"column":85}},"123":{"start":{"line":368,"column":18},"end":{"line":373,"column":4}},"124":{"start":{"line":375,"column":2},"end":{"line":1063,"column":4}},"125":{"start":{"line":415,"column":50},"end":{"line":415,"column":68}},"126":{"start":{"line":612,"column":20},"end":{"line":612,"column":null}},"127":{"start":{"line":921,"column":22},"end":{"line":921,"column":null}},"128":{"start":{"line":962,"column":39},"end":{"line":962,"column":72}},"129":{"start":{"line":963,"column":37},"end":{"line":963,"column":101}},"130":{"start":{"line":964,"column":20},"end":{"line":995,"column":22}},"131":{"start":{"line":1028,"column":12},"end":{"line":1028,"column":29}}},"fnMap":{"0":{"name":"(anonymous_10)","decl":{"start":{"line":23,"column":15},"end":{"line":23,"column":16}},"loc":{"start":{"line":25,"column":55},"end":{"line":45,"column":1}}},"1":{"name":"(anonymous_11)","decl":{"start":{"line":29,"column":41},"end":{"line":29,"column":42}},"loc":{"start":{"line":29,"column":50},"end":{"line":42,"column":7}}},"2":{"name":"(anonymous_12)","decl":{"start":{"line":48,"column":13},"end":{"line":48,"column":14}},"loc":{"start":{"line":51,"column":101},"end":{"line":70,"column":1}}},"3":{"name":"(anonymous_13)","decl":{"start":{"line":73,"column":16},"end":{"line":73,"column":17}},"loc":{"start":{"line":75,"column":70},"end":{"line":98,"column":1}}},"4":{"name":"(anonymous_14)","decl":{"start":{"line":101,"column":20},"end":{"line":101,"column":21}},"loc":{"start":{"line":106,"column":5},"end":{"line":151,"column":1}}},"5":{"name":"(anonymous_15)","decl":{"start":{"line":154,"column":16},"end":{"line":154,"column":17}},"loc":{"start":{"line":160,"column":2},"end":{"line":197,"column":null}}},"6":{"name":"(anonymous_16)","decl":{"start":{"line":202,"column":13},"end":{"line":202,"column":14}},"loc":{"start":{"line":204,"column":5},"end":{"line":217,"column":1}}},"7":{"name":"(anonymous_17)","decl":{"start":{"line":220,"column":17},"end":{"line":220,"column":18}},"loc":{"start":{"line":220,"column":50},"end":{"line":240,"column":1}}},"8":{"name":"HomePage","decl":{"start":{"line":245,"column":24},"end":{"line":245,"column":32}},"loc":{"start":{"line":245,"column":32},"end":{"line":1064,"column":1}}},"9":{"name":"(anonymous_19)","decl":{"start":{"line":258,"column":12},"end":{"line":258,"column":15}},"loc":{"start":{"line":258,"column":17},"end":{"line":260,"column":3}}},"10":{"name":"(anonymous_20)","decl":{"start":{"line":262,"column":12},"end":{"line":262,"column":15}},"loc":{"start":{"line":262,"column":17},"end":{"line":280,"column":3}}},"11":{"name":"(anonymous_21)","decl":{"start":{"line":264,"column":17},"end":{"line":264,"column":20}},"loc":{"start":{"line":264,"column":22},"end":{"line":276,"column":5}}},"12":{"name":"(anonymous_22)","decl":{"start":{"line":279,"column":11},"end":{"line":279,"column":14}},"loc":{"start":{"line":279,"column":17},"end":{"line":279,"column":34}}},"13":{"name":"(anonymous_23)","decl":{"start":{"line":282,"column":12},"end":{"line":282,"column":15}},"loc":{"start":{"line":282,"column":17},"end":{"line":284,"column":3}}},"14":{"name":"(anonymous_24)","decl":{"start":{"line":286,"column":24},"end":{"line":286,"column":29}},"loc":{"start":{"line":286,"column":35},"end":{"line":330,"column":3}}},"15":{"name":"(anonymous_25)","decl":{"start":{"line":296,"column":64},"end":{"line":296,"column":65}},"loc":{"start":{"line":296,"column":69},"end":{"line":296,"column":99}}},"16":{"name":"(anonymous_26)","decl":{"start":{"line":297,"column":73},"end":{"line":297,"column":74}},"loc":{"start":{"line":297,"column":78},"end":{"line":297,"column":110}}},"17":{"name":"(anonymous_27)","decl":{"start":{"line":298,"column":77},"end":{"line":298,"column":80}},"loc":{"start":{"line":298,"column":83},"end":{"line":298,"column":87}}},"18":{"name":"(anonymous_28)","decl":{"start":{"line":302,"column":16},"end":{"line":302,"column":17}},"loc":{"start":{"line":302,"column":21},"end":{"line":302,"column":68}}},"19":{"name":"(anonymous_29)","decl":{"start":{"line":303,"column":14},"end":{"line":303,"column":15}},"loc":{"start":{"line":303,"column":24},"end":{"line":303,"column":89}}},"20":{"name":"(anonymous_30)","decl":{"start":{"line":305,"column":16},"end":{"line":305,"column":17}},"loc":{"start":{"line":305,"column":21},"end":{"line":305,"column":44}}},"21":{"name":"(anonymous_31)","decl":{"start":{"line":306,"column":14},"end":{"line":306,"column":15}},"loc":{"start":{"line":306,"column":24},"end":{"line":306,"column":89}}},"22":{"name":"(anonymous_32)","decl":{"start":{"line":312,"column":50},"end":{"line":312,"column":51}},"loc":{"start":{"line":312,"column":55},"end":{"line":312,"column":85}}},"23":{"name":"(anonymous_33)","decl":{"start":{"line":318,"column":63},"end":{"line":318,"column":64}},"loc":{"start":{"line":318,"column":87},"end":{"line":323,"column":10}}},"24":{"name":"(anonymous_34)","decl":{"start":{"line":347,"column":18},"end":{"line":347,"column":19}},"loc":{"start":{"line":347,"column":29},"end":{"line":351,"column":3}}},"25":{"name":"(anonymous_35)","decl":{"start":{"line":353,"column":51},"end":{"line":353,"column":54}},"loc":{"start":{"line":353,"column":56},"end":{"line":359,"column":3}}},"26":{"name":"(anonymous_36)","decl":{"start":{"line":365,"column":72},"end":{"line":365,"column":73}},"loc":{"start":{"line":365,"column":77},"end":{"line":365,"column":85}}},"27":{"name":"(anonymous_37)","decl":{"start":{"line":415,"column":40},"end":{"line":415,"column":41}},"loc":{"start":{"line":415,"column":50},"end":{"line":415,"column":68}}},"28":{"name":"(anonymous_38)","decl":{"start":{"line":611,"column":31},"end":{"line":611,"column":32}},"loc":{"start":{"line":612,"column":20},"end":{"line":612,"column":null}}},"29":{"name":"(anonymous_39)","decl":{"start":{"line":920,"column":26},"end":{"line":920,"column":27}},"loc":{"start":{"line":921,"column":22},"end":{"line":921,"column":null}}},"30":{"name":"(anonymous_40)","decl":{"start":{"line":961,"column":58},"end":{"line":961,"column":59}},"loc":{"start":{"line":961,"column":67},"end":{"line":996,"column":19}}},"31":{"name":"(anonymous_41)","decl":{"start":{"line":1027,"column":16},"end":{"line":1027,"column":17}},"loc":{"start":{"line":1028,"column":12},"end":{"line":1028,"column":29}}}},"branchMap":{"0":{"loc":{"start":{"line":24,"column":9},"end":{"line":24,"column":18}},"type":"default-arg","locations":[{"start":{"line":24,"column":17},"end":{"line":24,"column":18}}]},"1":{"loc":{"start":{"line":24,"column":20},"end":{"line":24,"column":29}},"type":"default-arg","locations":[{"start":{"line":24,"column":27},"end":{"line":24,"column":29}}]},"2":{"loc":{"start":{"line":49,"column":9},"end":{"line":49,"column":18}},"type":"default-arg","locations":[{"start":{"line":49,"column":15},"end":{"line":49,"column":18}}]},"3":{"loc":{"start":{"line":49,"column":20},"end":{"line":49,"column":29}},"type":"default-arg","locations":[{"start":{"line":49,"column":27},"end":{"line":49,"column":29}}]},"4":{"loc":{"start":{"line":49,"column":31},"end":{"line":49,"column":41}},"type":"default-arg","locations":[{"start":{"line":49,"column":40},"end":{"line":49,"column":41}}]},"5":{"loc":{"start":{"line":50,"column":2},"end":{"line":50,"column":34}},"type":"default-arg","locations":[{"start":{"line":50,"column":10},"end":{"line":50,"column":34}}]},"6":{"loc":{"start":{"line":74,"column":9},"end":{"line":74,"column":18}},"type":"default-arg","locations":[{"start":{"line":74,"column":15},"end":{"line":74,"column":18}}]},"7":{"loc":{"start":{"line":74,"column":27},"end":{"line":74,"column":37}},"type":"default-arg","locations":[{"start":{"line":74,"column":36},"end":{"line":74,"column":37}}]},"8":{"loc":{"start":{"line":102,"column":25},"end":{"line":102,"column":36}},"type":"default-arg","locations":[{"start":{"line":102,"column":32},"end":{"line":102,"column":36}}]},"9":{"loc":{"start":{"line":102,"column":38},"end":{"line":102,"column":47}},"type":"default-arg","locations":[{"start":{"line":102,"column":46},"end":{"line":102,"column":47}}]},"10":{"loc":{"start":{"line":196,"column":34},"end":{"line":196,"column":43}},"type":"binary-expr","locations":[{"start":{"line":196,"column":34},"end":{"line":196,"column":38}},{"start":{"line":196,"column":42},"end":{"line":196,"column":43}}]},"11":{"loc":{"start":{"line":202,"column":27},"end":{"line":202,"column":38}},"type":"default-arg","locations":[{"start":{"line":202,"column":34},"end":{"line":202,"column":38}}]},"12":{"loc":{"start":{"line":208,"column":7},"end":{"line":210,"column":null}},"type":"binary-expr","locations":[{"start":{"line":208,"column":7},"end":{"line":208,"column":11}},{"start":{"line":209,"column":8},"end":{"line":210,"column":88}}]},"13":{"loc":{"start":{"line":259,"column":4},"end":{"line":259,"column":64}},"type":"if","locations":[{"start":{"line":259,"column":4},"end":{"line":259,"column":64}}]},"14":{"loc":{"start":{"line":259,"column":8},"end":{"line":259,"column":40}},"type":"binary-expr","locations":[{"start":{"line":259,"column":8},"end":{"line":259,"column":20}},{"start":{"line":259,"column":24},"end":{"line":259,"column":40}}]},"15":{"loc":{"start":{"line":266,"column":6},"end":{"line":269,"column":7}},"type":"if","locations":[{"start":{"line":266,"column":6},"end":{"line":269,"column":7}}]},"16":{"loc":{"start":{"line":283,"column":4},"end":{"line":283,"column":65}},"type":"if","locations":[{"start":{"line":283,"column":4},"end":{"line":283,"column":65}}]},"17":{"loc":{"start":{"line":283,"column":8},"end":{"line":283,"column":47}},"type":"binary-expr","locations":[{"start":{"line":283,"column":8},"end":{"line":283,"column":20}},{"start":{"line":283,"column":24},"end":{"line":283,"column":39}},{"start":{"line":283,"column":43},"end":{"line":283,"column":47}}]},"18":{"loc":{"start":{"line":291,"column":6},"end":{"line":291,"column":53}},"type":"if","locations":[{"start":{"line":291,"column":6},"end":{"line":291,"column":53}}]},"19":{"loc":{"start":{"line":296,"column":69},"end":{"line":296,"column":99}},"type":"cond-expr","locations":[{"start":{"line":296,"column":76},"end":{"line":296,"column":84}},{"start":{"line":296,"column":87},"end":{"line":296,"column":99}}]},"20":{"loc":{"start":{"line":297,"column":78},"end":{"line":297,"column":110}},"type":"cond-expr","locations":[{"start":{"line":297,"column":85},"end":{"line":297,"column":93}},{"start":{"line":297,"column":96},"end":{"line":297,"column":110}}]},"21":{"loc":{"start":{"line":302,"column":21},"end":{"line":302,"column":68}},"type":"binary-expr","locations":[{"start":{"line":302,"column":21},"end":{"line":302,"column":45}},{"start":{"line":302,"column":49},"end":{"line":302,"column":68}}]},"22":{"loc":{"start":{"line":308,"column":21},"end":{"line":308,"column":40}},"type":"binary-expr","locations":[{"start":{"line":308,"column":21},"end":{"line":308,"column":32}},{"start":{"line":308,"column":36},"end":{"line":308,"column":40}}]},"23":{"loc":{"start":{"line":309,"column":20},"end":{"line":309,"column":39}},"type":"binary-expr","locations":[{"start":{"line":309,"column":20},"end":{"line":309,"column":31}},{"start":{"line":309,"column":35},"end":{"line":309,"column":39}}]},"24":{"loc":{"start":{"line":311,"column":27},"end":{"line":311,"column":47}},"type":"binary-expr","locations":[{"start":{"line":311,"column":27},"end":{"line":311,"column":41}},{"start":{"line":311,"column":45},"end":{"line":311,"column":47}}]},"25":{"loc":{"start":{"line":312,"column":6},"end":{"line":312,"column":96}},"type":"if","locations":[{"start":{"line":312,"column":6},"end":{"line":312,"column":96}}]},"26":{"loc":{"start":{"line":312,"column":39},"end":{"line":312,"column":94}},"type":"binary-expr","locations":[{"start":{"line":312,"column":39},"end":{"line":312,"column":86}},{"start":{"line":312,"column":90},"end":{"line":312,"column":94}}]},"27":{"loc":{"start":{"line":315,"column":53},"end":{"line":315,"column":76}},"type":"binary-expr","locations":[{"start":{"line":315,"column":53},"end":{"line":315,"column":71}},{"start":{"line":315,"column":75},"end":{"line":315,"column":76}}]},"28":{"loc":{"start":{"line":315,"column":86},"end":{"line":315,"column":109}},"type":"binary-expr","locations":[{"start":{"line":315,"column":86},"end":{"line":315,"column":104}},{"start":{"line":315,"column":108},"end":{"line":315,"column":109}}]},"29":{"loc":{"start":{"line":315,"column":117},"end":{"line":315,"column":141}},"type":"binary-expr","locations":[{"start":{"line":315,"column":117},"end":{"line":315,"column":136}},{"start":{"line":315,"column":140},"end":{"line":315,"column":141}}]},"30":{"loc":{"start":{"line":317,"column":6},"end":{"line":324,"column":7}},"type":"if","locations":[{"start":{"line":317,"column":6},"end":{"line":324,"column":7}}]},"31":{"loc":{"start":{"line":319,"column":16},"end":{"line":319,"column":39}},"type":"binary-expr","locations":[{"start":{"line":319,"column":16},"end":{"line":319,"column":30}},{"start":{"line":319,"column":34},"end":{"line":319,"column":39}}]},"32":{"loc":{"start":{"line":320,"column":16},"end":{"line":320,"column":53}},"type":"binary-expr","locations":[{"start":{"line":320,"column":16},"end":{"line":320,"column":26}},{"start":{"line":320,"column":30},"end":{"line":320,"column":40}},{"start":{"line":320,"column":44},"end":{"line":320,"column":53}}]},"33":{"loc":{"start":{"line":321,"column":18},"end":{"line":321,"column":36}},"type":"binary-expr","locations":[{"start":{"line":321,"column":18},"end":{"line":321,"column":31}},{"start":{"line":321,"column":35},"end":{"line":321,"column":36}}]},"34":{"loc":{"start":{"line":332,"column":2},"end":{"line":343,"column":3}},"type":"if","locations":[{"start":{"line":332,"column":2},"end":{"line":343,"column":3}}]},"35":{"loc":{"start":{"line":332,"column":6},"end":{"line":332,"column":28}},"type":"binary-expr","locations":[{"start":{"line":332,"column":6},"end":{"line":332,"column":17}},{"start":{"line":332,"column":21},"end":{"line":332,"column":28}}]},"36":{"loc":{"start":{"line":345,"column":2},"end":{"line":345,"column":36}},"type":"if","locations":[{"start":{"line":345,"column":2},"end":{"line":345,"column":36}}]},"37":{"loc":{"start":{"line":353,"column":21},"end":{"line":359,"column":13}},"type":"cond-expr","locations":[{"start":{"line":353,"column":50},"end":{"line":359,"column":6}},{"start":{"line":359,"column":9},"end":{"line":359,"column":13}}]},"38":{"loc":{"start":{"line":353,"column":21},"end":{"line":353,"column":47}},"type":"binary-expr","locations":[{"start":{"line":353,"column":21},"end":{"line":353,"column":33}},{"start":{"line":353,"column":37},"end":{"line":353,"column":47}}]},"39":{"loc":{"start":{"line":356,"column":4},"end":{"line":356,"column":163}},"type":"if","locations":[{"start":{"line":356,"column":4},"end":{"line":356,"column":163}}]},"40":{"loc":{"start":{"line":356,"column":8},"end":{"line":356,"column":30}},"type":"binary-expr","locations":[{"start":{"line":356,"column":8},"end":{"line":356,"column":17}},{"start":{"line":356,"column":21},"end":{"line":356,"column":30}}]},"41":{"loc":{"start":{"line":357,"column":4},"end":{"line":357,"column":179}},"type":"if","locations":[{"start":{"line":357,"column":4},"end":{"line":357,"column":179}}]},"42":{"loc":{"start":{"line":361,"column":22},"end":{"line":363,"column":7}},"type":"cond-expr","locations":[{"start":{"line":362,"column":6},"end":{"line":362,"column":59}},{"start":{"line":363,"column":6},"end":{"line":363,"column":7}}]},"43":{"loc":{"start":{"line":365,"column":21},"end":{"line":365,"column":94}},"type":"cond-expr","locations":[{"start":{"line":365,"column":45},"end":{"line":365,"column":90}},{"start":{"line":365,"column":93},"end":{"line":365,"column":94}}]},"44":{"loc":{"start":{"line":484,"column":50},"end":{"line":484,"column":89}},"type":"cond-expr","locations":[{"start":{"line":484,"column":67},"end":{"line":484,"column":83}},{"start":{"line":484,"column":86},"end":{"line":484,"column":89}}]},"45":{"loc":{"start":{"line":491,"column":11},"end":{"line":635,"column":null}},"type":"cond-expr","locations":[{"start":{"line":493,"column":12},"end":{"line":494,"column":null}},{"start":{"line":580,"column":12},"end":{"line":581,"column":null}}]},"46":{"loc":{"start":{"line":613,"column":23},"end":{"line":613,"column":95}},"type":"binary-expr","locations":[{"start":{"line":613,"column":23},"end":{"line":613,"column":28}},{"start":{"line":613,"column":32},"end":{"line":613,"column":95}}]},"47":{"loc":{"start":{"line":687,"column":17},"end":{"line":758,"column":null}},"type":"cond-expr","locations":[{"start":{"line":688,"column":18},"end":{"line":752,"column":null}},{"start":{"line":755,"column":18},"end":{"line":757,"column":null}}]},"48":{"loc":{"start":{"line":792,"column":17},"end":{"line":870,"column":null}},"type":"cond-expr","locations":[{"start":{"line":793,"column":18},"end":{"line":864,"column":null}},{"start":{"line":867,"column":18},"end":{"line":869,"column":null}}]},"49":{"loc":{"start":{"line":827,"column":21},"end":{"line":863,"column":null}},"type":"cond-expr","locations":[{"start":{"line":828,"column":22},"end":{"line":860,"column":null}},{"start":{"line":863,"column":22},"end":{"line":863,"column":106}}]},"50":{"loc":{"start":{"line":833,"column":65},"end":{"line":833,"column":94}},"type":"binary-expr","locations":[{"start":{"line":833,"column":65},"end":{"line":833,"column":81}},{"start":{"line":833,"column":85},"end":{"line":833,"column":94}}]},"51":{"loc":{"start":{"line":834,"column":47},"end":{"line":834,"column":93}},"type":"binary-expr","locations":[{"start":{"line":834,"column":47},"end":{"line":834,"column":65}},{"start":{"line":834,"column":69},"end":{"line":834,"column":93}}]},"52":{"loc":{"start":{"line":838,"column":25},"end":{"line":840,"column":null}},"type":"binary-expr","locations":[{"start":{"line":838,"column":25},"end":{"line":838,"column":35}},{"start":{"line":839,"column":26},"end":{"line":840,"column":127}}]},"53":{"loc":{"start":{"line":851,"column":27},"end":{"line":858,"column":null}},"type":"binary-expr","locations":[{"start":{"line":851,"column":27},"end":{"line":851,"column":37}},{"start":{"line":852,"column":28},"end":{"line":857,"column":null}}]},"54":{"loc":{"start":{"line":918,"column":78},"end":{"line":918,"column":100}},"type":"binary-expr","locations":[{"start":{"line":918,"column":78},"end":{"line":918,"column":95}},{"start":{"line":918,"column":99},"end":{"line":918,"column":100}}]},"55":{"loc":{"start":{"line":961,"column":19},"end":{"line":997,"column":null}},"type":"cond-expr","locations":[{"start":{"line":961,"column":43},"end":{"line":996,"column":20}},{"start":{"line":997,"column":20},"end":{"line":997,"column":103}}]},"56":{"loc":{"start":{"line":963,"column":37},"end":{"line":963,"column":101}},"type":"cond-expr","locations":[{"start":{"line":963,"column":46},"end":{"line":963,"column":55}},{"start":{"line":963,"column":59},"end":{"line":963,"column":100}}]},"57":{"loc":{"start":{"line":963,"column":59},"end":{"line":963,"column":100}},"type":"binary-expr","locations":[{"start":{"line":963,"column":59},"end":{"line":963,"column":72}},{"start":{"line":963,"column":76},"end":{"line":963,"column":100}}]},"58":{"loc":{"start":{"line":972,"column":38},"end":{"line":972,"column":97}},"type":"cond-expr","locations":[{"start":{"line":972,"column":47},"end":{"line":972,"column":70}},{"start":{"line":972,"column":73},"end":{"line":972,"column":97}}]},"59":{"loc":{"start":{"line":973,"column":34},"end":{"line":973,"column":113}},"type":"cond-expr","locations":[{"start":{"line":973,"column":43},"end":{"line":973,"column":76}},{"start":{"line":973,"column":79},"end":{"line":973,"column":113}}]},"60":{"loc":{"start":{"line":976,"column":25},"end":{"line":977,"column":null}},"type":"binary-expr","locations":[{"start":{"line":976,"column":25},"end":{"line":976,"column":31}},{"start":{"line":977,"column":26},"end":{"line":977,"column":173}}]},"61":{"loc":{"start":{"line":981,"column":29},"end":{"line":981,"column":114}},"type":"cond-expr","locations":[{"start":{"line":981,"column":37},"end":{"line":981,"column":45}},{"start":{"line":981,"column":48},"end":{"line":981,"column":114}}]},"62":{"loc":{"start":{"line":983,"column":80},"end":{"line":983,"column":123}},"type":"cond-expr","locations":[{"start":{"line":983,"column":89},"end":{"line":983,"column":104}},{"start":{"line":983,"column":107},"end":{"line":983,"column":123}}]},"63":{"loc":{"start":{"line":984,"column":29},"end":{"line":984,"column":86}},"type":"binary-expr","locations":[{"start":{"line":984,"column":29},"end":{"line":984,"column":35}},{"start":{"line":984,"column":39},"end":{"line":984,"column":86}}]}},"s":{"0":0,"1":0,"2":0,"3":0,"4":0,"5":0,"6":0,"7":0,"8":0,"9":0,"10":0,"11":0,"12":0,"13":0,"14":0,"15":0,"16":0,"17":0,"18":0,"19":0,"20":0,"21":0,"22":0,"23":0,"24":0,"25":0,"26":0,"27":0,"28":0,"29":0,"30":0,"31":0,"32":0,"33":0,"34":0,"35":0,"36":0,"37":0,"38":0,"39":0,"40":0,"41":0,"42":0,"43":0,"44":0,"45":0,"46":0,"47":0,"48":0,"49":0,"50":0,"51":0,"52":0,"53":0,"54":0,"55":0,"56":0,"57":0,"58":0,"59":0,"60":0,"61":0,"62":0,"63":0,"64":0,"65":0,"66":0,"67":0,"68":0,"69":0,"70":0,"71":0,"72":0,"73":0,"74":0,"75":0,"76":0,"77":0,"78":0,"79":0,"80":0,"81":0,"82":0,"83":0,"84":0,"85":0,"86":0,"87":0,"88":0,"89":0,"90":0,"91":0,"92":0,"93":0,"94":0,"95":0,"96":0,"97":0,"98":0,"99":0,"100":0,"101":0,"102":0,"103":0,"104":0,"105":0,"106":0,"107":0,"108":0,"109":0,"110":0,"111":0,"112":0,"113":0,"114":0,"115":0,"116":0,"117":0,"118":0,"119":0,"120":0,"121":0,"122":0,"123":0,"124":0,"125":0,"126":0,"127":0,"128":0,"129":0,"130":0,"131":0},"f":{"0":0,"1":0,"2":0,"3":0,"4":0,"5":0,"6":0,"7":0,"8":0,"9":0,"10":0,"11":0,"12":0,"13":0,"14":0,"15":0,"16":0,"17":0,"18":0,"19":0,"20":0,"21":0,"22":0,"23":0,"24":0,"25":0,"26":0,"27":0,"28":0,"29":0,"30":0,"31":0},"b":{"0":[0],"1":[0],"2":[0],"3":[0],"4":[0],"5":[0],"6":[0],"7":[0],"8":[0],"9":[0],"10":[0,0],"11":[0],"12":[0,0],"13":[0],"14":[0,0],"15":[0],"16":[0],"17":[0,0,0],"18":[0],"19":[0,0],"20":[0,0],"21":[0,0],"22":[0,0],"23":[0,0],"24":[0,0],"25":[0],"26":[0,0],"27":[0,0],"28":[0,0],"29":[0,0],"30":[0],"31":[0,0],"32":[0,0,0],"33":[0,0],"34":[0],"35":[0,0],"36":[0],"37":[0,0],"38":[0,0],"39":[0],"40":[0,0],"41":[0],"42":[0,0],"43":[0,0],"44":[0,0],"45":[0,0],"46":[0,0],"47":[0,0],"48":[0,0],"49":[0,0],"50":[0,0],"51":[0,0],"52":[0,0],"53":[0,0],"54":[0,0],"55":[0,0],"56":[0,0],"57":[0,0],"58":[0,0],"59":[0,0],"60":[0,0],"61":[0,0],"62":[0,0],"63":[0,0]}}
,"C:\\Users\\ACER NITRO\\Desktop\\WC_repo\\Frontend\\mundial-app\\src\\app\\[locale]\\admin\\page.tsx": {"path":"C:\\Users\\ACER NITRO\\Desktop\\WC_repo\\Frontend\\mundial-app\\src\\app\\[locale]\\admin\\page.tsx","statementMap":{"0":{"start":{"line":373,"column":0},"end":{"line":373,"column":24}},"1":{"start":{"line":3,"column":0},"end":{"line":3,"column":59}},"2":{"start":{"line":4,"column":0},"end":{"line":4,"column":44}},"3":{"start":{"line":6,"column":0},"end":{"line":6,"column":83}},"4":{"start":{"line":7,"column":0},"end":{"line":7,"column":49}},"5":{"start":{"line":8,"column":0},"end":{"line":8,"column":67}},"6":{"start":{"line":10,"column":14},"end":{"line":10,"column":43}},"7":{"start":{"line":14,"column":32},"end":{"line":14,"column":43}},"8":{"start":{"line":15,"column":2},"end":{"line":26,"column":14}},"9":{"start":{"line":16,"column":16},"end":{"line":16,"column":17}},"10":{"start":{"line":17,"column":21},"end":{"line":17,"column":24}},"11":{"start":{"line":18,"column":17},"end":{"line":18,"column":19}},"12":{"start":{"line":19,"column":22},"end":{"line":19,"column":47}},"13":{"start":{"line":20,"column":18},"end":{"line":24,"column":12}},"14":{"start":{"line":21,"column":6},"end":{"line":21,"column":25}},"15":{"start":{"line":22,"column":6},"end":{"line":23,"column":41}},"16":{"start":{"line":22,"column":28},"end":{"line":22,"column":46}},"17":{"start":{"line":22,"column":47},"end":{"line":22,"column":68}},"18":{"start":{"line":23,"column":11},"end":{"line":23,"column":41}},"19":{"start":{"line":25,"column":4},"end":{"line":25,"column":38}},"20":{"start":{"line":25,"column":17},"end":{"line":25,"column":37}},"21":{"start":{"line":27,"column":2},"end":{"line":27,"column":41}},"22":{"start":{"line":31,"column":18},"end":{"line":35,"column":null}},"23":{"start":{"line":32,"column":2},"end":{"line":34,"column":null}},"24":{"start":{"line":37,"column":17},"end":{"line":42,"column":null}},"25":{"start":{"line":38,"column":2},"end":{"line":41,"column":null}},"26":{"start":{"line":44,"column":21},"end":{"line":48,"column":null}},"27":{"start":{"line":45,"column":2},"end":{"line":47,"column":null}},"28":{"start":{"line":50,"column":17},"end":{"line":54,"column":null}},"29":{"start":{"line":51,"column":2},"end":{"line":53,"column":null}},"30":{"start":{"line":56,"column":18},"end":{"line":59,"column":null}},"31":{"start":{"line":57,"column":2},"end":{"line":58,"column":null}},"32":{"start":{"line":61,"column":14},"end":{"line":64,"column":null}},"33":{"start":{"line":62,"column":2},"end":{"line":63,"column":null}},"34":{"start":{"line":66,"column":19},"end":{"line":69,"column":null}},"35":{"start":{"line":67,"column":2},"end":{"line":68,"column":null}},"36":{"start":{"line":76,"column":28},"end":{"line":76,"column":92}},"37":{"start":{"line":77,"column":32},"end":{"line":77,"column":46}},"38":{"start":{"line":79,"column":2},"end":{"line":89,"column":9}},"39":{"start":{"line":80,"column":4},"end":{"line":88,"column":40}},"40":{"start":{"line":81,"column":58},"end":{"line":81,"column":80}},"41":{"start":{"line":82,"column":52},"end":{"line":82,"column":74}},"42":{"start":{"line":84,"column":6},"end":{"line":87,"column":9}},"43":{"start":{"line":88,"column":21},"end":{"line":88,"column":38}},"44":{"start":{"line":91,"column":20},"end":{"line":94,"column":4}},"45":{"start":{"line":96,"column":2},"end":{"line":185,"column":4}},"46":{"start":{"line":101,"column":10},"end":{"line":101,"column":null}},"47":{"start":{"line":206,"column":21},"end":{"line":206,"column":50}},"48":{"start":{"line":207,"column":20},"end":{"line":207,"column":31}},"49":{"start":{"line":209,"column":2},"end":{"line":369,"column":4}},"50":{"start":{"line":315,"column":20},"end":{"line":315,"column":null}},"51":{"start":{"line":319,"column":96},"end":{"line":319,"column":125}},"52":{"start":{"line":374,"column":17},"end":{"line":374,"column":28}},"53":{"start":{"line":375,"column":58},"end":{"line":375,"column":67}},"54":{"start":{"line":377,"column":34},"end":{"line":377,"column":62}},"55":{"start":{"line":378,"column":32},"end":{"line":378,"column":46}},"56":{"start":{"line":379,"column":36},"end":{"line":379,"column":65}},"57":{"start":{"line":380,"column":36},"end":{"line":380,"column":48}},"58":{"start":{"line":381,"column":36},"end":{"line":381,"column":48}},"59":{"start":{"line":382,"column":30},"end":{"line":382,"column":45}},"60":{"start":{"line":383,"column":36},"end":{"line":383,"column":65}},"61":{"start":{"line":384,"column":28},"end":{"line":384,"column":40}},"62":{"start":{"line":385,"column":36},"end":{"line":385,"column":86}},"63":{"start":{"line":386,"column":42},"end":{"line":386,"column":97}},"64":{"start":{"line":388,"column":18},"end":{"line":388,"column":53}},"65":{"start":{"line":390,"column":2},"end":{"line":392,"column":46}},"66":{"start":{"line":391,"column":4},"end":{"line":391,"column":76}},"67":{"start":{"line":391,"column":56},"end":{"line":391,"column":76}},"68":{"start":{"line":394,"column":2},"end":{"line":394,"column":63}},"69":{"start":{"line":394,"column":20},"end":{"line":394,"column":48}},"70":{"start":{"line":394,"column":33},"end":{"line":394,"column":48}},"71":{"start":{"line":396,"column":23},"end":{"line":412,"column":3}},"72":{"start":{"line":397,"column":4},"end":{"line":411,"column":34}},"73":{"start":{"line":398,"column":6},"end":{"line":398,"column":23}},"74":{"start":{"line":399,"column":25},"end":{"line":399,"column":53}},"75":{"start":{"line":400,"column":6},"end":{"line":400,"column":34}},"76":{"start":{"line":400,"column":27},"end":{"line":400,"column":34}},"77":{"start":{"line":401,"column":20},"end":{"line":401,"column":53}},"78":{"start":{"line":402,"column":18},"end":{"line":402,"column":136}},"79":{"start":{"line":403,"column":19},"end":{"line":403,"column":35}},"80":{"start":{"line":404,"column":35},"end":{"line":407,"column":9}},"81":{"start":{"line":404,"column":71},"end":{"line":407,"column":8}},"82":{"start":{"line":408,"column":6},"end":{"line":408,"column":93}},"83":{"start":{"line":408,"column":26},"end":{"line":408,"column":91}},"84":{"start":{"line":409,"column":6},"end":{"line":409,"column":24}},"85":{"start":{"line":410,"column":14},"end":{"line":410,"column":50}},"86":{"start":{"line":411,"column":14},"end":{"line":411,"column":32}},"87":{"start":{"line":414,"column":20},"end":{"line":414,"column":204}},"88":{"start":{"line":414,"column":43},"end":{"line":414,"column":62}},"89":{"start":{"line":414,"column":63},"end":{"line":414,"column":125}},"90":{"start":{"line":414,"column":126},"end":{"line":414,"column":188}},"91":{"start":{"line":414,"column":189},"end":{"line":414,"column":202}},"92":{"start":{"line":415,"column":21},"end":{"line":415,"column":100}},"93":{"start":{"line":415,"column":29},"end":{"line":415,"column":48}},"94":{"start":{"line":415,"column":49},"end":{"line":415,"column":66}},"95":{"start":{"line":415,"column":67},"end":{"line":415,"column":84}},"96":{"start":{"line":415,"column":85},"end":{"line":415,"column":98}},"97":{"start":{"line":417,"column":21},"end":{"line":432,"column":3}},"98":{"start":{"line":418,"column":4},"end":{"line":418,"column":95}},"99":{"start":{"line":418,"column":48},"end":{"line":418,"column":85}},"100":{"start":{"line":418,"column":86},"end":{"line":418,"column":93}},"101":{"start":{"line":419,"column":4},"end":{"line":419,"column":20}},"102":{"start":{"line":419,"column":21},"end":{"line":419,"column":34}},"103":{"start":{"line":420,"column":4},"end":{"line":431,"column":33}},"104":{"start":{"line":421,"column":20},"end":{"line":421,"column":53}},"105":{"start":{"line":422,"column":18},"end":{"line":425,"column":8}},"106":{"start":{"line":426,"column":6},"end":{"line":426,"column":116}},"107":{"start":{"line":426,"column":33},"end":{"line":426,"column":49}},"108":{"start":{"line":426,"column":51},"end":{"line":426,"column":106}},"109":{"start":{"line":426,"column":107},"end":{"line":426,"column":114}},"110":{"start":{"line":427,"column":6},"end":{"line":427,"column":30}},"111":{"start":{"line":427,"column":31},"end":{"line":427,"column":50}},"112":{"start":{"line":428,"column":6},"end":{"line":428,"column":49}},"113":{"start":{"line":428,"column":23},"end":{"line":428,"column":41}},"114":{"start":{"line":429,"column":6},"end":{"line":429,"column":27}},"115":{"start":{"line":430,"column":14},"end":{"line":430,"column":44}},"116":{"start":{"line":431,"column":14},"end":{"line":431,"column":31}},"117":{"start":{"line":434,"column":19},"end":{"line":434,"column":98}},"118":{"start":{"line":434,"column":40},"end":{"line":434,"column":97}},"119":{"start":{"line":435,"column":23},"end":{"line":435,"column":76}},"120":{"start":{"line":435,"column":44},"end":{"line":435,"column":68}},"121":{"start":{"line":436,"column":24},"end":{"line":436,"column":76}},"122":{"start":{"line":436,"column":45},"end":{"line":436,"column":68}},"123":{"start":{"line":438,"column":2},"end":{"line":438,"column":31}},"124":{"start":{"line":438,"column":19},"end":{"line":438,"column":31}},"125":{"start":{"line":439,"column":2},"end":{"line":439,"column":48}},"126":{"start":{"line":439,"column":36},"end":{"line":439,"column":48}},"127":{"start":{"line":441,"column":20},"end":{"line":444,"column":4}},"128":{"start":{"line":445,"column":22},"end":{"line":449,"column":4}},"129":{"start":{"line":451,"column":2},"end":{"line":586,"column":4}},"130":{"start":{"line":460,"column":8},"end":{"line":460,"column":28}},"131":{"start":{"line":495,"column":14},"end":{"line":495,"column":43}},"132":{"start":{"line":495,"column":58},"end":{"line":495,"column":79}},"133":{"start":{"line":528,"column":20},"end":{"line":528,"column":47}},"134":{"start":{"line":528,"column":62},"end":{"line":528,"column":84}},"135":{"start":{"line":554,"column":24},"end":{"line":554,"column":46}},"136":{"start":{"line":559,"column":40},"end":{"line":559,"column":58}},"137":{"start":{"line":560,"column":40},"end":{"line":560,"column":62}}},"fnMap":{"0":{"name":"AnimatedNumber","decl":{"start":{"line":13,"column":9},"end":{"line":13,"column":23}},"loc":{"start":{"line":13,"column":52},"end":{"line":28,"column":1}}},"1":{"name":"(anonymous_10)","decl":{"start":{"line":15,"column":12},"end":{"line":15,"column":15}},"loc":{"start":{"line":15,"column":17},"end":{"line":26,"column":3}}},"2":{"name":"(anonymous_11)","decl":{"start":{"line":20,"column":30},"end":{"line":20,"column":33}},"loc":{"start":{"line":20,"column":35},"end":{"line":24,"column":5}}},"3":{"name":"(anonymous_12)","decl":{"start":{"line":25,"column":11},"end":{"line":25,"column":14}},"loc":{"start":{"line":25,"column":17},"end":{"line":25,"column":37}}},"4":{"name":"(anonymous_13)","decl":{"start":{"line":31,"column":18},"end":{"line":31,"column":21}},"loc":{"start":{"line":32,"column":2},"end":{"line":34,"column":null}}},"5":{"name":"(anonymous_14)","decl":{"start":{"line":37,"column":17},"end":{"line":37,"column":20}},"loc":{"start":{"line":38,"column":2},"end":{"line":41,"column":null}}},"6":{"name":"(anonymous_15)","decl":{"start":{"line":44,"column":21},"end":{"line":44,"column":24}},"loc":{"start":{"line":45,"column":2},"end":{"line":47,"column":null}}},"7":{"name":"(anonymous_16)","decl":{"start":{"line":50,"column":17},"end":{"line":50,"column":20}},"loc":{"start":{"line":51,"column":2},"end":{"line":53,"column":null}}},"8":{"name":"(anonymous_17)","decl":{"start":{"line":56,"column":18},"end":{"line":56,"column":21}},"loc":{"start":{"line":57,"column":2},"end":{"line":58,"column":null}}},"9":{"name":"(anonymous_18)","decl":{"start":{"line":61,"column":14},"end":{"line":61,"column":17}},"loc":{"start":{"line":62,"column":2},"end":{"line":63,"column":null}}},"10":{"name":"(anonymous_19)","decl":{"start":{"line":66,"column":19},"end":{"line":66,"column":22}},"loc":{"start":{"line":67,"column":2},"end":{"line":68,"column":null}}},"11":{"name":"AnalyticsTab","decl":{"start":{"line":75,"column":9},"end":{"line":75,"column":21}},"loc":{"start":{"line":75,"column":21},"end":{"line":186,"column":1}}},"12":{"name":"(anonymous_21)","decl":{"start":{"line":79,"column":12},"end":{"line":79,"column":15}},"loc":{"start":{"line":79,"column":17},"end":{"line":89,"column":3}}},"13":{"name":"(anonymous_22)","decl":{"start":{"line":81,"column":53},"end":{"line":81,"column":54}},"loc":{"start":{"line":81,"column":58},"end":{"line":81,"column":80}}},"14":{"name":"(anonymous_23)","decl":{"start":{"line":82,"column":47},"end":{"line":82,"column":48}},"loc":{"start":{"line":82,"column":52},"end":{"line":82,"column":74}}},"15":{"name":"(anonymous_24)","decl":{"start":{"line":83,"column":12},"end":{"line":83,"column":13}},"loc":{"start":{"line":83,"column":35},"end":{"line":88,"column":5}}},"16":{"name":"(anonymous_25)","decl":{"start":{"line":88,"column":15},"end":{"line":88,"column":18}},"loc":{"start":{"line":88,"column":21},"end":{"line":88,"column":38}}},"17":{"name":"(anonymous_26)","decl":{"start":{"line":100,"column":23},"end":{"line":100,"column":24}},"loc":{"start":{"line":101,"column":10},"end":{"line":101,"column":null}}},"18":{"name":"FixtureCard","decl":{"start":{"line":197,"column":9},"end":{"line":197,"column":20}},"loc":{"start":{"line":205,"column":1},"end":{"line":370,"column":1}}},"19":{"name":"(anonymous_28)","decl":{"start":{"line":314,"column":24},"end":{"line":314,"column":25}},"loc":{"start":{"line":315,"column":20},"end":{"line":315,"column":null}}},"20":{"name":"(anonymous_29)","decl":{"start":{"line":319,"column":91},"end":{"line":319,"column":92}},"loc":{"start":{"line":319,"column":96},"end":{"line":319,"column":125}}},"21":{"name":"AdminPage","decl":{"start":{"line":373,"column":24},"end":{"line":373,"column":33}},"loc":{"start":{"line":373,"column":33},"end":{"line":587,"column":1}}},"22":{"name":"(anonymous_31)","decl":{"start":{"line":390,"column":12},"end":{"line":390,"column":15}},"loc":{"start":{"line":390,"column":17},"end":{"line":392,"column":3}}},"23":{"name":"(anonymous_32)","decl":{"start":{"line":394,"column":12},"end":{"line":394,"column":15}},"loc":{"start":{"line":394,"column":17},"end":{"line":394,"column":50}}},"24":{"name":"(anonymous_33)","decl":{"start":{"line":396,"column":23},"end":{"line":396,"column":28}},"loc":{"start":{"line":396,"column":34},"end":{"line":412,"column":3}}},"25":{"name":"(anonymous_34)","decl":{"start":{"line":404,"column":58},"end":{"line":404,"column":59}},"loc":{"start":{"line":404,"column":71},"end":{"line":407,"column":8}}},"26":{"name":"(anonymous_35)","decl":{"start":{"line":408,"column":16},"end":{"line":408,"column":17}},"loc":{"start":{"line":408,"column":26},"end":{"line":408,"column":91}}},"27":{"name":"(anonymous_36)","decl":{"start":{"line":414,"column":20},"end":{"line":414,"column":21}},"loc":{"start":{"line":414,"column":40},"end":{"line":414,"column":204}}},"28":{"name":"(anonymous_37)","decl":{"start":{"line":415,"column":21},"end":{"line":415,"column":24}},"loc":{"start":{"line":415,"column":26},"end":{"line":415,"column":100}}},"29":{"name":"(anonymous_38)","decl":{"start":{"line":417,"column":21},"end":{"line":417,"column":26}},"loc":{"start":{"line":417,"column":49},"end":{"line":432,"column":3}}},"30":{"name":"(anonymous_39)","decl":{"start":{"line":428,"column":17},"end":{"line":428,"column":20}},"loc":{"start":{"line":428,"column":23},"end":{"line":428,"column":41}}},"31":{"name":"(anonymous_40)","decl":{"start":{"line":434,"column":35},"end":{"line":434,"column":36}},"loc":{"start":{"line":434,"column":40},"end":{"line":434,"column":97}}},"32":{"name":"(anonymous_41)","decl":{"start":{"line":435,"column":39},"end":{"line":435,"column":40}},"loc":{"start":{"line":435,"column":44},"end":{"line":435,"column":68}}},"33":{"name":"(anonymous_42)","decl":{"start":{"line":436,"column":40},"end":{"line":436,"column":41}},"loc":{"start":{"line":436,"column":45},"end":{"line":436,"column":68}}},"34":{"name":"(anonymous_43)","decl":{"start":{"line":459,"column":25},"end":{"line":459,"column":26}},"loc":{"start":{"line":460,"column":8},"end":{"line":460,"column":28}}},"35":{"name":"(anonymous_44)","decl":{"start":{"line":494,"column":27},"end":{"line":494,"column":30}},"loc":{"start":{"line":495,"column":14},"end":{"line":495,"column":43}}},"36":{"name":"(anonymous_45)","decl":{"start":{"line":495,"column":52},"end":{"line":495,"column":55}},"loc":{"start":{"line":495,"column":58},"end":{"line":495,"column":79}}},"37":{"name":"(anonymous_46)","decl":{"start":{"line":527,"column":35},"end":{"line":527,"column":36}},"loc":{"start":{"line":528,"column":20},"end":{"line":528,"column":47}}},"38":{"name":"(anonymous_47)","decl":{"start":{"line":528,"column":56},"end":{"line":528,"column":59}},"loc":{"start":{"line":528,"column":62},"end":{"line":528,"column":84}}},"39":{"name":"(anonymous_48)","decl":{"start":{"line":553,"column":36},"end":{"line":553,"column":37}},"loc":{"start":{"line":554,"column":24},"end":{"line":554,"column":46}}},"40":{"name":"(anonymous_49)","decl":{"start":{"line":559,"column":34},"end":{"line":559,"column":37}},"loc":{"start":{"line":559,"column":40},"end":{"line":559,"column":58}}},"41":{"name":"(anonymous_50)","decl":{"start":{"line":560,"column":34},"end":{"line":560,"column":37}},"loc":{"start":{"line":560,"column":40},"end":{"line":560,"column":62}}}},"branchMap":{"0":{"loc":{"start":{"line":22,"column":6},"end":{"line":23,"column":41}},"type":"if","locations":[{"start":{"line":22,"column":6},"end":{"line":23,"column":41}},{"start":{"line":23,"column":11},"end":{"line":23,"column":41}}]},"1":{"loc":{"start":{"line":81,"column":58},"end":{"line":81,"column":80}},"type":"cond-expr","locations":[{"start":{"line":81,"column":65},"end":{"line":81,"column":73}},{"start":{"line":81,"column":76},"end":{"line":81,"column":80}}]},"2":{"loc":{"start":{"line":82,"column":52},"end":{"line":82,"column":74}},"type":"cond-expr","locations":[{"start":{"line":82,"column":59},"end":{"line":82,"column":67}},{"start":{"line":82,"column":70},"end":{"line":82,"column":74}}]},"3":{"loc":{"start":{"line":85,"column":26},"end":{"line":85,"column":115}},"type":"cond-expr","locations":[{"start":{"line":85,"column":90},"end":{"line":85,"column":108}},{"start":{"line":85,"column":111},"end":{"line":85,"column":115}}]},"4":{"loc":{"start":{"line":85,"column":26},"end":{"line":85,"column":87}},"type":"binary-expr","locations":[{"start":{"line":85,"column":26},"end":{"line":85,"column":56}},{"start":{"line":85,"column":60},"end":{"line":85,"column":87}}]},"5":{"loc":{"start":{"line":86,"column":20},"end":{"line":86,"column":109}},"type":"cond-expr","locations":[{"start":{"line":86,"column":84},"end":{"line":86,"column":102}},{"start":{"line":86,"column":105},"end":{"line":86,"column":109}}]},"6":{"loc":{"start":{"line":86,"column":20},"end":{"line":86,"column":81}},"type":"binary-expr","locations":[{"start":{"line":86,"column":20},"end":{"line":86,"column":50}},{"start":{"line":86,"column":54},"end":{"line":86,"column":81}}]},"7":{"loc":{"start":{"line":117,"column":17},"end":{"line":122,"column":null}},"type":"cond-expr","locations":[{"start":{"line":118,"column":18},"end":{"line":118,"column":129}},{"start":{"line":120,"column":18},"end":{"line":121,"column":null}}]},"8":{"loc":{"start":{"line":121,"column":21},"end":{"line":121,"column":76}},"type":"cond-expr","locations":[{"start":{"line":121,"column":38},"end":{"line":121,"column":70}},{"start":{"line":121,"column":73},"end":{"line":121,"column":76}}]},"9":{"loc":{"start":{"line":151,"column":28},"end":{"line":151,"column":83}},"type":"cond-expr","locations":[{"start":{"line":151,"column":36},"end":{"line":151,"column":58}},{"start":{"line":151,"column":61},"end":{"line":151,"column":83}}]},"10":{"loc":{"start":{"line":152,"column":37},"end":{"line":152,"column":92}},"type":"cond-expr","locations":[{"start":{"line":152,"column":45},"end":{"line":152,"column":67}},{"start":{"line":152,"column":70},"end":{"line":152,"column":92}}]},"11":{"loc":{"start":{"line":153,"column":23},"end":{"line":153,"column":52}},"type":"cond-expr","locations":[{"start":{"line":153,"column":31},"end":{"line":153,"column":40}},{"start":{"line":153,"column":43},"end":{"line":153,"column":52}}]},"12":{"loc":{"start":{"line":155,"column":59},"end":{"line":155,"column":114}},"type":"cond-expr","locations":[{"start":{"line":155,"column":67},"end":{"line":155,"column":97}},{"start":{"line":155,"column":100},"end":{"line":155,"column":114}}]},"13":{"loc":{"start":{"line":156,"column":15},"end":{"line":156,"column":50}},"type":"cond-expr","locations":[{"start":{"line":156,"column":23},"end":{"line":156,"column":31}},{"start":{"line":156,"column":34},"end":{"line":156,"column":50}}]},"14":{"loc":{"start":{"line":160,"column":11},"end":{"line":180,"column":null}},"type":"cond-expr","locations":[{"start":{"line":161,"column":12},"end":{"line":174,"column":null}},{"start":{"line":177,"column":12},"end":{"line":179,"column":null}}]},"15":{"loc":{"start":{"line":215,"column":20},"end":{"line":219,"column":76}},"type":"cond-expr","locations":[{"start":{"line":216,"column":12},"end":{"line":216,"column":76}},{"start":{"line":217,"column":12},"end":{"line":219,"column":76}}]},"16":{"loc":{"start":{"line":217,"column":12},"end":{"line":219,"column":76}},"type":"cond-expr","locations":[{"start":{"line":218,"column":12},"end":{"line":218,"column":77}},{"start":{"line":219,"column":12},"end":{"line":219,"column":76}}]},"17":{"loc":{"start":{"line":220,"column":29},"end":{"line":220,"column":127}},"type":"cond-expr","locations":[{"start":{"line":220,"column":41},"end":{"line":220,"column":63}},{"start":{"line":220,"column":66},"end":{"line":220,"column":127}}]},"18":{"loc":{"start":{"line":220,"column":66},"end":{"line":220,"column":127}},"type":"cond-expr","locations":[{"start":{"line":220,"column":79},"end":{"line":220,"column":102}},{"start":{"line":220,"column":105},"end":{"line":220,"column":127}}]},"19":{"loc":{"start":{"line":221,"column":19},"end":{"line":225,"column":42}},"type":"cond-expr","locations":[{"start":{"line":222,"column":12},"end":{"line":222,"column":73}},{"start":{"line":223,"column":12},"end":{"line":225,"column":42}}]},"20":{"loc":{"start":{"line":223,"column":12},"end":{"line":225,"column":42}},"type":"cond-expr","locations":[{"start":{"line":224,"column":12},"end":{"line":224,"column":73}},{"start":{"line":225,"column":12},"end":{"line":225,"column":42}}]},"21":{"loc":{"start":{"line":229,"column":29},"end":{"line":229,"column":237}},"type":"cond-expr","locations":[{"start":{"line":229,"column":41},"end":{"line":229,"column":100}},{"start":{"line":229,"column":103},"end":{"line":229,"column":237}}]},"22":{"loc":{"start":{"line":229,"column":103},"end":{"line":229,"column":237}},"type":"cond-expr","locations":[{"start":{"line":229,"column":116},"end":{"line":229,"column":175}},{"start":{"line":229,"column":178},"end":{"line":229,"column":237}}]},"23":{"loc":{"start":{"line":232,"column":7},"end":{"line":234,"column":null}},"type":"binary-expr","locations":[{"start":{"line":232,"column":7},"end":{"line":232,"column":16}},{"start":{"line":232,"column":20},"end":{"line":232,"column":30}},{"start":{"line":233,"column":8},"end":{"line":234,"column":115}}]},"24":{"loc":{"start":{"line":246,"column":21},"end":{"line":246,"column":79}},"type":"cond-expr","locations":[{"start":{"line":246,"column":33},"end":{"line":246,"column":42}},{"start":{"line":246,"column":45},"end":{"line":246,"column":79}}]},"25":{"loc":{"start":{"line":246,"column":45},"end":{"line":246,"column":79}},"type":"cond-expr","locations":[{"start":{"line":246,"column":58},"end":{"line":246,"column":67}},{"start":{"line":246,"column":70},"end":{"line":246,"column":79}}]},"26":{"loc":{"start":{"line":247,"column":26},"end":{"line":247,"column":123}},"type":"cond-expr","locations":[{"start":{"line":247,"column":38},"end":{"line":247,"column":60}},{"start":{"line":247,"column":63},"end":{"line":247,"column":123}}]},"27":{"loc":{"start":{"line":247,"column":63},"end":{"line":247,"column":123}},"type":"cond-expr","locations":[{"start":{"line":247,"column":76},"end":{"line":247,"column":98}},{"start":{"line":247,"column":101},"end":{"line":247,"column":123}}]},"28":{"loc":{"start":{"line":248,"column":35},"end":{"line":248,"column":134}},"type":"cond-expr","locations":[{"start":{"line":248,"column":47},"end":{"line":248,"column":70}},{"start":{"line":248,"column":73},"end":{"line":248,"column":134}}]},"29":{"loc":{"start":{"line":248,"column":73},"end":{"line":248,"column":134}},"type":"cond-expr","locations":[{"start":{"line":248,"column":86},"end":{"line":248,"column":108}},{"start":{"line":248,"column":111},"end":{"line":248,"column":134}}]},"30":{"loc":{"start":{"line":250,"column":57},"end":{"line":250,"column":144}},"type":"cond-expr","locations":[{"start":{"line":250,"column":69},"end":{"line":250,"column":85}},{"start":{"line":250,"column":88},"end":{"line":250,"column":144}}]},"31":{"loc":{"start":{"line":250,"column":88},"end":{"line":250,"column":144}},"type":"cond-expr","locations":[{"start":{"line":250,"column":101},"end":{"line":250,"column":113}},{"start":{"line":250,"column":116},"end":{"line":250,"column":144}}]},"32":{"loc":{"start":{"line":251,"column":13},"end":{"line":251,"column":77}},"type":"cond-expr","locations":[{"start":{"line":251,"column":25},"end":{"line":251,"column":35}},{"start":{"line":251,"column":38},"end":{"line":251,"column":77}}]},"33":{"loc":{"start":{"line":251,"column":38},"end":{"line":251,"column":77}},"type":"cond-expr","locations":[{"start":{"line":251,"column":51},"end":{"line":251,"column":63}},{"start":{"line":251,"column":66},"end":{"line":251,"column":77}}]},"34":{"loc":{"start":{"line":265,"column":26},"end":{"line":265,"column":103}},"type":"cond-expr","locations":[{"start":{"line":265,"column":53},"end":{"line":265,"column":76}},{"start":{"line":265,"column":79},"end":{"line":265,"column":103}}]},"35":{"loc":{"start":{"line":265,"column":26},"end":{"line":265,"column":50}},"type":"binary-expr","locations":[{"start":{"line":265,"column":26},"end":{"line":265,"column":36}},{"start":{"line":265,"column":40},"end":{"line":265,"column":50}}]},"36":{"loc":{"start":{"line":266,"column":37},"end":{"line":266,"column":113}},"type":"cond-expr","locations":[{"start":{"line":266,"column":64},"end":{"line":266,"column":86}},{"start":{"line":266,"column":89},"end":{"line":266,"column":113}}]},"37":{"loc":{"start":{"line":266,"column":37},"end":{"line":266,"column":61}},"type":"binary-expr","locations":[{"start":{"line":266,"column":37},"end":{"line":266,"column":47}},{"start":{"line":266,"column":51},"end":{"line":266,"column":61}}]},"38":{"loc":{"start":{"line":268,"column":25},"end":{"line":268,"column":92}},"type":"cond-expr","locations":[{"start":{"line":268,"column":52},"end":{"line":268,"column":83}},{"start":{"line":268,"column":86},"end":{"line":268,"column":92}}]},"39":{"loc":{"start":{"line":268,"column":25},"end":{"line":268,"column":49}},"type":"binary-expr","locations":[{"start":{"line":268,"column":25},"end":{"line":268,"column":35}},{"start":{"line":268,"column":39},"end":{"line":268,"column":49}}]},"40":{"loc":{"start":{"line":270,"column":13},"end":{"line":275,"column":null}},"type":"cond-expr","locations":[{"start":{"line":271,"column":14},"end":{"line":272,"column":null}},{"start":{"line":275,"column":14},"end":{"line":275,"column":139}}]},"41":{"loc":{"start":{"line":270,"column":13},"end":{"line":270,"column":67}},"type":"binary-expr","locations":[{"start":{"line":270,"column":13},"end":{"line":270,"column":23}},{"start":{"line":270,"column":27},"end":{"line":270,"column":53}},{"start":{"line":270,"column":57},"end":{"line":270,"column":67}}]},"42":{"loc":{"start":{"line":293,"column":9},"end":{"line":298,"column":null}},"type":"binary-expr","locations":[{"start":{"line":293,"column":9},"end":{"line":293,"column":18}},{"start":{"line":294,"column":10},"end":{"line":297,"column":null}}]},"43":{"loc":{"start":{"line":303,"column":11},"end":{"line":348,"column":null}},"type":"binary-expr","locations":[{"start":{"line":303,"column":11},"end":{"line":303,"column":20}},{"start":{"line":304,"column":12},"end":{"line":347,"column":null}}]},"44":{"loc":{"start":{"line":316,"column":23},"end":{"line":316,"column":147}},"type":"binary-expr","locations":[{"start":{"line":316,"column":23},"end":{"line":316,"column":30}},{"start":{"line":316,"column":34},"end":{"line":316,"column":147}}]},"45":{"loc":{"start":{"line":328,"column":17},"end":{"line":332,"column":null}},"type":"binary-expr","locations":[{"start":{"line":328,"column":17},"end":{"line":328,"column":22}},{"start":{"line":329,"column":18},"end":{"line":331,"column":null}}]},"46":{"loc":{"start":{"line":344,"column":35},"end":{"line":344,"column":70}},"type":"cond-expr","locations":[{"start":{"line":344,"column":44},"end":{"line":344,"column":56}},{"start":{"line":344,"column":59},"end":{"line":344,"column":70}}]},"47":{"loc":{"start":{"line":353,"column":9},"end":{"line":365,"column":null}},"type":"binary-expr","locations":[{"start":{"line":353,"column":9},"end":{"line":353,"column":19}},{"start":{"line":354,"column":10},"end":{"line":364,"column":null}}]},"48":{"loc":{"start":{"line":357,"column":26},"end":{"line":357,"column":136}},"type":"cond-expr","locations":[{"start":{"line":357,"column":39},"end":{"line":357,"column":63}},{"start":{"line":357,"column":66},"end":{"line":357,"column":136}}]},"49":{"loc":{"start":{"line":358,"column":35},"end":{"line":358,"column":97}},"type":"cond-expr","locations":[{"start":{"line":358,"column":48},"end":{"line":358,"column":72}},{"start":{"line":358,"column":75},"end":{"line":358,"column":97}}]},"50":{"loc":{"start":{"line":359,"column":21},"end":{"line":359,"column":69}},"type":"cond-expr","locations":[{"start":{"line":359,"column":34},"end":{"line":359,"column":57}},{"start":{"line":359,"column":60},"end":{"line":359,"column":69}}]},"51":{"loc":{"start":{"line":361,"column":25},"end":{"line":361,"column":79}},"type":"cond-expr","locations":[{"start":{"line":361,"column":38},"end":{"line":361,"column":44}},{"start":{"line":361,"column":47},"end":{"line":361,"column":79}}]},"52":{"loc":{"start":{"line":364,"column":13},"end":{"line":364,"column":67}},"type":"cond-expr","locations":[{"start":{"line":364,"column":26},"end":{"line":364,"column":44}},{"start":{"line":364,"column":47},"end":{"line":364,"column":67}}]},"53":{"loc":{"start":{"line":391,"column":4},"end":{"line":391,"column":76}},"type":"if","locations":[{"start":{"line":391,"column":4},"end":{"line":391,"column":76}}]},"54":{"loc":{"start":{"line":391,"column":8},"end":{"line":391,"column":54}},"type":"binary-expr","locations":[{"start":{"line":391,"column":8},"end":{"line":391,"column":20}},{"start":{"line":391,"column":25},"end":{"line":391,"column":41}},{"start":{"line":391,"column":45},"end":{"line":391,"column":53}}]},"55":{"loc":{"start":{"line":394,"column":20},"end":{"line":394,"column":48}},"type":"if","locations":[{"start":{"line":394,"column":20},"end":{"line":394,"column":48}}]},"56":{"loc":{"start":{"line":400,"column":6},"end":{"line":400,"column":34}},"type":"if","locations":[{"start":{"line":400,"column":6},"end":{"line":400,"column":34}}]},"57":{"loc":{"start":{"line":404,"column":36},"end":{"line":404,"column":52}},"type":"binary-expr","locations":[{"start":{"line":404,"column":36},"end":{"line":404,"column":46}},{"start":{"line":404,"column":50},"end":{"line":404,"column":52}}]},"58":{"loc":{"start":{"line":406,"column":19},"end":{"line":406,"column":38}},"type":"binary-expr","locations":[{"start":{"line":406,"column":19},"end":{"line":406,"column":30}},{"start":{"line":406,"column":34},"end":{"line":406,"column":38}}]},"59":{"loc":{"start":{"line":406,"column":51},"end":{"line":406,"column":70}},"type":"binary-expr","locations":[{"start":{"line":406,"column":51},"end":{"line":406,"column":62}},{"start":{"line":406,"column":66},"end":{"line":406,"column":70}}]},"60":{"loc":{"start":{"line":414,"column":76},"end":{"line":414,"column":123}},"type":"cond-expr","locations":[{"start":{"line":414,"column":99},"end":{"line":414,"column":118}},{"start":{"line":414,"column":121},"end":{"line":414,"column":123}}]},"61":{"loc":{"start":{"line":414,"column":139},"end":{"line":414,"column":186}},"type":"cond-expr","locations":[{"start":{"line":414,"column":162},"end":{"line":414,"column":181}},{"start":{"line":414,"column":184},"end":{"line":414,"column":186}}]},"62":{"loc":{"start":{"line":418,"column":4},"end":{"line":418,"column":95}},"type":"if","locations":[{"start":{"line":418,"column":4},"end":{"line":418,"column":95}}]},"63":{"loc":{"start":{"line":418,"column":8},"end":{"line":418,"column":44}},"type":"binary-expr","locations":[{"start":{"line":418,"column":8},"end":{"line":418,"column":24}},{"start":{"line":418,"column":28},"end":{"line":418,"column":44}}]},"64":{"loc":{"start":{"line":426,"column":6},"end":{"line":426,"column":116}},"type":"if","locations":[{"start":{"line":426,"column":6},"end":{"line":426,"column":116}}]},"65":{"loc":{"start":{"line":426,"column":60},"end":{"line":426,"column":104}},"type":"binary-expr","locations":[{"start":{"line":426,"column":60},"end":{"line":426,"column":72}},{"start":{"line":426,"column":76},"end":{"line":426,"column":104}}]},"66":{"loc":{"start":{"line":434,"column":40},"end":{"line":434,"column":97}},"type":"cond-expr","locations":[{"start":{"line":434,"column":65},"end":{"line":434,"column":69}},{"start":{"line":434,"column":72},"end":{"line":434,"column":97}}]},"67":{"loc":{"start":{"line":438,"column":2},"end":{"line":438,"column":31}},"type":"if","locations":[{"start":{"line":438,"column":2},"end":{"line":438,"column":31}}]},"68":{"loc":{"start":{"line":439,"column":2},"end":{"line":439,"column":48}},"type":"if","locations":[{"start":{"line":439,"column":2},"end":{"line":439,"column":48}}]},"69":{"loc":{"start":{"line":439,"column":6},"end":{"line":439,"column":34}},"type":"binary-expr","locations":[{"start":{"line":439,"column":6},"end":{"line":439,"column":22}},{"start":{"line":439,"column":26},"end":{"line":439,"column":34}}]},"70":{"loc":{"start":{"line":497,"column":32},"end":{"line":497,"column":88}},"type":"cond-expr","locations":[{"start":{"line":497,"column":56},"end":{"line":497,"column":62}},{"start":{"line":497,"column":65},"end":{"line":497,"column":88}}]},"71":{"loc":{"start":{"line":498,"column":17},"end":{"line":501,"column":null}},"type":"binary-expr","locations":[{"start":{"line":498,"column":17},"end":{"line":498,"column":38}},{"start":{"line":499,"column":18},"end":{"line":501,"column":83}}]},"72":{"loc":{"start":{"line":512,"column":13},"end":{"line":515,"column":null}},"type":"binary-expr","locations":[{"start":{"line":512,"column":13},"end":{"line":512,"column":38}},{"start":{"line":513,"column":14},"end":{"line":513,"column":42}}]},"73":{"loc":{"start":{"line":521,"column":13},"end":{"line":579,"column":null}},"type":"binary-expr","locations":[{"start":{"line":521,"column":13},"end":{"line":521,"column":39}},{"start":{"line":522,"column":14},"end":{"line":522,"column":43}}]},"74":{"loc":{"start":{"line":530,"column":38},"end":{"line":530,"column":95}},"type":"cond-expr","locations":[{"start":{"line":530,"column":63},"end":{"line":530,"column":69}},{"start":{"line":530,"column":72},"end":{"line":530,"column":95}}]},"75":{"loc":{"start":{"line":531,"column":23},"end":{"line":534,"column":null}},"type":"binary-expr","locations":[{"start":{"line":531,"column":23},"end":{"line":531,"column":45}},{"start":{"line":532,"column":24},"end":{"line":534,"column":89}}]},"76":{"loc":{"start":{"line":545,"column":17},"end":{"line":577,"column":null}},"type":"cond-expr","locations":[{"start":{"line":546,"column":18},"end":{"line":548,"column":null}},{"start":{"line":551,"column":18},"end":{"line":576,"column":null}}]},"77":{"loc":{"start":{"line":554,"column":57},"end":{"line":554,"column":104}},"type":"cond-expr","locations":[{"start":{"line":554,"column":84},"end":{"line":554,"column":99}},{"start":{"line":554,"column":102},"end":{"line":554,"column":104}}]},"78":{"loc":{"start":{"line":558,"column":33},"end":{"line":558,"column":70}},"type":"cond-expr","locations":[{"start":{"line":558,"column":60},"end":{"line":558,"column":65}},{"start":{"line":558,"column":68},"end":{"line":558,"column":70}}]},"79":{"loc":{"start":{"line":566,"column":21},"end":{"line":575,"column":null}},"type":"binary-expr","locations":[{"start":{"line":566,"column":21},"end":{"line":566,"column":42}},{"start":{"line":567,"column":22},"end":{"line":574,"column":null}}]},"80":{"loc":{"start":{"line":570,"column":27},"end":{"line":570,"column":104}},"type":"cond-expr","locations":[{"start":{"line":570,"column":58},"end":{"line":570,"column":61}},{"start":{"line":570,"column":64},"end":{"line":570,"column":104}}]},"81":{"loc":{"start":{"line":570,"column":64},"end":{"line":570,"column":104}},"type":"cond-expr","locations":[{"start":{"line":570,"column":94},"end":{"line":570,"column":97}},{"start":{"line":570,"column":100},"end":{"line":570,"column":104}}]},"82":{"loc":{"start":{"line":573,"column":43},"end":{"line":573,"column":137}},"type":"cond-expr","locations":[{"start":{"line":573,"column":74},"end":{"line":573,"column":86}},{"start":{"line":573,"column":89},"end":{"line":573,"column":137}}]},"83":{"loc":{"start":{"line":573,"column":89},"end":{"line":573,"column":137}},"type":"cond-expr","locations":[{"start":{"line":573,"column":119},"end":{"line":573,"column":132}},{"start":{"line":573,"column":135},"end":{"line":573,"column":137}}]}},"s":{"0":0,"1":0,"2":0,"3":0,"4":0,"5":0,"6":0,"7":0,"8":0,"9":0,"10":0,"11":0,"12":0,"13":0,"14":0,"15":0,"16":0,"17":0,"18":0,"19":0,"20":0,"21":0,"22":0,"23":0,"24":0,"25":0,"26":0,"27":0,"28":0,"29":0,"30":0,"31":0,"32":0,"33":0,"34":0,"35":0,"36":0,"37":0,"38":0,"39":0,"40":0,"41":0,"42":0,"43":0,"44":0,"45":0,"46":0,"47":0,"48":0,"49":0,"50":0,"51":0,"52":0,"53":0,"54":0,"55":0,"56":0,"57":0,"58":0,"59":0,"60":0,"61":0,"62":0,"63":0,"64":0,"65":0,"66":0,"67":0,"68":0,"69":0,"70":0,"71":0,"72":0,"73":0,"74":0,"75":0,"76":0,"77":0,"78":0,"79":0,"80":0,"81":0,"82":0,"83":0,"84":0,"85":0,"86":0,"87":0,"88":0,"89":0,"90":0,"91":0,"92":0,"93":0,"94":0,"95":0,"96":0,"97":0,"98":0,"99":0,"100":0,"101":0,"102":0,"103":0,"104":0,"105":0,"106":0,"107":0,"108":0,"109":0,"110":0,"111":0,"112":0,"113":0,"114":0,"115":0,"116":0,"117":0,"118":0,"119":0,"120":0,"121":0,"122":0,"123":0,"124":0,"125":0,"126":0,"127":0,"128":0,"129":0,"130":0,"131":0,"132":0,"133":0,"134":0,"135":0,"136":0,"137":0},"f":{"0":0,"1":0,"2":0,"3":0,"4":0,"5":0,"6":0,"7":0,"8":0,"9":0,"10":0,"11":0,"12":0,"13":0,"14":0,"15":0,"16":0,"17":0,"18":0,"19":0,"20":0,"21":0,"22":0,"23":0,"24":0,"25":0,"26":0,"27":0,"28":0,"29":0,"30":0,"31":0,"32":0,"33":0,"34":0,"35":0,"36":0,"37":0,"38":0,"39":0,"40":0,"41":0},"b":{"0":[0,0],"1":[0,0],"2":[0,0],"3":[0,0],"4":[0,0],"5":[0,0],"6":[0,0],"7":[0,0],"8":[0,0],"9":[0,0],"10":[0,0],"11":[0,0],"12":[0,0],"13":[0,0],"14":[0,0],"15":[0,0],"16":[0,0],"17":[0,0],"18":[0,0],"19":[0,0],"20":[0,0],"21":[0,0],"22":[0,0],"23":[0,0,0],"24":[0,0],"25":[0,0],"26":[0,0],"27":[0,0],"28":[0,0],"29":[0,0],"30":[0,0],"31":[0,0],"32":[0,0],"33":[0,0],"34":[0,0],"35":[0,0],"36":[0,0],"37":[0,0],"38":[0,0],"39":[0,0],"40":[0,0],"41":[0,0,0],"42":[0,0],"43":[0,0],"44":[0,0],"45":[0,0],"46":[0,0],"47":[0,0],"48":[0,0],"49":[0,0],"50":[0,0],"51":[0,0],"52":[0,0],"53":[0],"54":[0,0,0],"55":[0],"56":[0],"57":[0,0],"58":[0,0],"59":[0,0],"60":[0,0],"61":[0,0],"62":[0],"63":[0,0],"64":[0],"65":[0,0],"66":[0,0],"67":[0],"68":[0],"69":[0,0],"70":[0,0],"71":[0,0],"72":[0,0],"73":[0,0],"74":[0,0],"75":[0,0],"76":[0,0],"77":[0,0],"78":[0,0],"79":[0,0],"80":[0,0],"81":[0,0],"82":[0,0],"83":[0,0]}}
,"C:\\Users\\ACER NITRO\\Desktop\\WC_repo\\Frontend\\mundial-app\\src\\app\\[locale]\\fixtures\\page.tsx": {"path":"C:\\Users\\ACER NITRO\\Desktop\\WC_repo\\Frontend\\mundial-app\\src\\app\\[locale]\\fixtures\\page.tsx","statementMap":{"0":{"start":{"line":229,"column":0},"end":{"line":229,"column":24}},"1":{"start":{"line":3,"column":0},"end":{"line":3,"column":60}},"2":{"start":{"line":4,"column":0},"end":{"line":4,"column":56}},"3":{"start":{"line":5,"column":0},"end":{"line":5,"column":29}},"4":{"start":{"line":6,"column":0},"end":{"line":6,"column":null}},"5":{"start":{"line":10,"column":0},"end":{"line":10,"column":49}},"6":{"start":{"line":11,"column":0},"end":{"line":11,"column":83}},"7":{"start":{"line":12,"column":0},"end":{"line":12,"column":36}},"8":{"start":{"line":19,"column":108},"end":{"line":24,"column":2}},"9":{"start":{"line":26,"column":19},"end":{"line":31,"column":11}},"10":{"start":{"line":33,"column":13},"end":{"line":37,"column":67}},"11":{"start":{"line":43,"column":15},"end":{"line":63,"column":1}},"12":{"start":{"line":44,"column":14},"end":{"line":44,"column":62}},"13":{"start":{"line":45,"column":2},"end":{"line":62,"column":4}},"14":{"start":{"line":48,"column":19},"end":{"line":48,"column":52}},"15":{"start":{"line":49,"column":19},"end":{"line":49,"column":58}},"16":{"start":{"line":50,"column":19},"end":{"line":50,"column":58}},"17":{"start":{"line":51,"column":8},"end":{"line":59,"column":10}},"18":{"start":{"line":65,"column":19},"end":{"line":73,"column":null}},"19":{"start":{"line":66,"column":2},"end":{"line":72,"column":null}},"20":{"start":{"line":76,"column":18},"end":{"line":224,"column":1}},"21":{"start":{"line":77,"column":17},"end":{"line":77,"column":42}},"22":{"start":{"line":78,"column":21},"end":{"line":78,"column":50}},"23":{"start":{"line":79,"column":14},"end":{"line":79,"column":91}},"24":{"start":{"line":80,"column":15},"end":{"line":80,"column":50}},"25":{"start":{"line":82,"column":13},"end":{"line":82,"column":40}},"26":{"start":{"line":83,"column":18},"end":{"line":83,"column":88}},"27":{"start":{"line":84,"column":18},"end":{"line":84,"column":102}},"28":{"start":{"line":86,"column":2},"end":{"line":223,"column":4}},"29":{"start":{"line":230,"column":16},"end":{"line":230,"column":22}},"30":{"start":{"line":231,"column":40},"end":{"line":231,"column":59}},"31":{"start":{"line":232,"column":40},"end":{"line":232,"column":66}},"32":{"start":{"line":233,"column":40},"end":{"line":233,"column":54}},"33":{"start":{"line":235,"column":2},"end":{"line":235,"column":43}},"34":{"start":{"line":235,"column":20},"end":{"line":235,"column":35}},"35":{"start":{"line":237,"column":23},"end":{"line":249,"column":3}},"36":{"start":{"line":238,"column":4},"end":{"line":248,"column":5}},"37":{"start":{"line":239,"column":6},"end":{"line":239,"column":23}},"38":{"start":{"line":240,"column":25},"end":{"line":240,"column":53}},"39":{"start":{"line":241,"column":6},"end":{"line":241,"column":54}},"40":{"start":{"line":241,"column":25},"end":{"line":241,"column":44}},"41":{"start":{"line":241,"column":45},"end":{"line":241,"column":52}},"42":{"start":{"line":242,"column":19},"end":{"line":242,"column":41}},"43":{"start":{"line":243,"column":6},"end":{"line":243,"column":27}},"44":{"start":{"line":245,"column":6},"end":{"line":245,"column":50}},"45":{"start":{"line":247,"column":6},"end":{"line":247,"column":24}},"46":{"start":{"line":251,"column":19},"end":{"line":253,"column":null}},"47":{"start":{"line":252,"column":4},"end":{"line":252,"column":81}},"48":{"start":{"line":252,"column":61},"end":{"line":252,"column":80}},"49":{"start":{"line":256,"column":18},"end":{"line":266,"column":16}},"50":{"start":{"line":257,"column":16},"end":{"line":257,"column":79}},"51":{"start":{"line":258,"column":4},"end":{"line":264,"column":7}},"52":{"start":{"line":259,"column":16},"end":{"line":259,"column":37}},"53":{"start":{"line":260,"column":18},"end":{"line":260,"column":46}},"54":{"start":{"line":261,"column":20},"end":{"line":261,"column":101}},"55":{"start":{"line":262,"column":6},"end":{"line":262,"column":65}},"56":{"start":{"line":262,"column":25},"end":{"line":262,"column":65}},"57":{"start":{"line":263,"column":6},"end":{"line":263,"column":34}},"58":{"start":{"line":265,"column":4},"end":{"line":265,"column":79}},"59":{"start":{"line":265,"column":51},"end":{"line":265,"column":77}},"60":{"s
[...]
nd":{"line":52,"column":34}},"13":{"start":{"line":53,"column":2},"end":{"line":53,"column":42}},"14":{"start":{"line":53,"column":24},"end":{"line":53,"column":42}},"15":{"start":{"line":54,"column":2},"end":{"line":54,"column":44}},"16":{"start":{"line":54,"column":25},"end":{"line":54,"column":44}},"17":{"start":{"line":55,"column":2},"end":{"line":55,"column":65}},"18":{"start":{"line":55,"column":25},"end":{"line":55,"column":65}},"19":{"start":{"line":56,"column":2},"end":{"line":56,"column":21}},"20":{"start":{"line":60,"column":2},"end":{"line":60,"column":32}},"21":{"start":{"line":60,"column":14},"end":{"line":60,"column":32}},"22":{"start":{"line":61,"column":2},"end":{"line":61,"column":57}},"23":{"start":{"line":65,"column":20},"end":{"line":65,"column":47}},"24":{"start":{"line":66,"column":24},"end":{"line":66,"column":96}},"25":{"start":{"line":67,"column":24},"end":{"line":67,"column":96}},"26":{"start":{"line":68,"column":19},"end":{"line":72,"column":null}},"27":{"start":{"line":74,"column":19},"end":{"line":78,"column":null}},"28":{"start":{"line":81,"column":2},"end":{"line":104,"column":4}},"29":{"start":{"line":110,"column":2},"end":{"line":121,"column":3}},"30":{"start":{"line":111,"column":24},"end":{"line":111,"column":93}},"31":{"start":{"line":112,"column":17},"end":{"line":112,"column":92}},"32":{"start":{"line":113,"column":4},"end":{"line":118,"column":6}},"33":{"start":{"line":114,"column":35},"end":{"line":114,"column":54}},"34":{"start":{"line":115,"column":35},"end":{"line":115,"column":64}},"35":{"start":{"line":120,"column":4},"end":{"line":120,"column":16}},"36":{"start":{"line":127,"column":2},"end":{"line":135,"column":3}},"37":{"start":{"line":128,"column":21},"end":{"line":128,"column":78}},"38":{"start":{"line":129,"column":17},"end":{"line":129,"column":83}},"39":{"start":{"line":130,"column":4},"end":{"line":132,"column":6}},"40":{"start":{"line":131,"column":6},"end":{"line":131,"column":107}},"41":{"start":{"line":134,"column":4},"end":{"line":134,"column":14}},"42":{"start":{"line":141,"column":2},"end":{"line":149,"column":3}},"43":{"start":{"line":142,"column":21},"end":{"line":143,"column":null}},"44":{"start":{"line":145,"column":17},"end":{"line":145,"column":83}},"45":{"start":{"line":146,"column":4},"end":{"line":146,"column":94}},"46":{"start":{"line":146,"column":60},"end":{"line":146,"column":92}},"47":{"start":{"line":148,"column":4},"end":{"line":148,"column":14}},"48":{"start":{"line":153,"column":2},"end":{"line":161,"column":3}},"49":{"start":{"line":154,"column":21},"end":{"line":155,"column":null}},"50":{"start":{"line":157,"column":17},"end":{"line":157,"column":83}},"51":{"start":{"line":158,"column":4},"end":{"line":158,"column":94}},"52":{"start":{"line":158,"column":60},"end":{"line":158,"column":92}},"53":{"start":{"line":160,"column":4},"end":{"line":160,"column":14}},"54":{"start":{"line":165,"column":2},"end":{"line":170,"column":3}},"55":{"start":{"line":166,"column":21},"end":{"line":166,"column":84}},"56":{"start":{"line":167,"column":4},"end":{"line":167,"column":53}},"57":{"start":{"line":169,"column":4},"end":{"line":169,"column":16}},"58":{"start":{"line":178,"column":2},"end":{"line":187,"column":3}},"59":{"start":{"line":179,"column":23},"end":{"line":179,"column":51}},"60":{"start":{"line":180,"column":4},"end":{"line":180,"column":31}},"61":{"start":{"line":180,"column":21},"end":{"line":180,"column":31}},"62":{"start":{"line":182,"column":21},"end":{"line":182,"column":63}},"63":{"start":{"line":183,"column":4},"end":{"line":183,"column":53}},"64":{"start":{"line":183,"column":37},"end":{"line":183,"column":53}},"65":{"start":{"line":184,"column":4},"end":{"line":184,"column":55}},"66":{"start":{"line":184,"column":34},"end":{"line":184,"column":53}},"67":{"start":{"line":186,"column":4},"end":{"line":186,"column":14}},"68":{"start":{"line":193,"column":2},"end":{"line":198,"column":3}},"69":{"start":{"line":194,"column":21},"end":{"line":194,"column":99}},"70":{"start":{"line":195,"column":4},"end":{"line":195,"column":78}},"71":{"start":{"line":197,"column":4},"end":{"line":197,"column":14}},"72":{"start":{"line":204,"column":2},"end":{"line":209,"column":3}},"73":{"start":{"line":205,"column":21},"end":{"line":205,"column":72}},"74":{"start":{"line":206,"column":4},"end":{"line":206,"column":78}},"75":{"start":{"line":208,"column":4},"end":{"line":208,"column":14}}},"fnMap":{"0":{"name":"normalizeTeam","decl":{"start":{"line":35,"column":9},"end":{"line":35,"column":22}},"loc":{"start":{"line":39,"column":26},"end":{"line":48,"column":1}}},"1":{"name":"normalizeStatus","decl":{"start":{"line":50,"column":9},"end":{"line":50,"column":24}},"loc":{"start":{"line":50,"column":40},"end":{"line":57,"column":1}}},"2":{"name":"toDate","decl":{"start":{"line":59,"column":9},"end":{"line":59,"column":15}},"loc":{"start":{"line":59,"column":37},"end":{"line":62,"column":1}}},"3":{"name":"normalizeFixture","decl":{"start":{"line":64,"column":9},"end":{"line":64,"column":25}},"loc":{"start":{"line":64,"column":60},"end":{"line":105,"column":1}}},"4":{"name":"getCurrentTournament","decl":{"start":{"line":109,"column":22},"end":{"line":109,"column":42}},"loc":{"start":{"line":109,"column":42},"end":{"line":122,"column":1}}},"5":{"name":"(anonymous_5)","decl":{"start":{"line":114,"column":16},"end":{"line":114,"column":17}},"loc":{"start":{"line":114,"column":35},"end":{"line":114,"column":54}}},"6":{"name":"(anonymous_6)","decl":{"start":{"line":115,"column":16},"end":{"line":115,"column":17}},"loc":{"start":{"line":115,"column":35},"end":{"line":115,"column":64}}},"7":{"name":"getTeams","decl":{"start":{"line":126,"column":22},"end":{"line":126,"column":30}},"loc":{"start":{"line":126,"column":30},"end":{"line":136,"column":1}}},"8":{"name":"(anonymous_8)","decl":{"start":{"line":130,"column":20},"end":{"line":130,"column":21}},"loc":{"start":{"line":131,"column":6},"end":{"line":131,"column":107}}},"9":{"name":"getTournamentFixtures","decl":{"start":{"line":140,"column":22},"end":{"line":140,"column":43}},"loc":{"start":{"line":140,"column":64},"end":{"line":150,"column":1}}},"10":{"name":"(anonymous_10)","decl":{"start":{"line":146,"column":20},"end":{"line":146,"column":21}},"loc":{"start":{"line":146,"column":60},"end":{"line":146,"column":92}}},"11":{"name":"getLiveFixtures","decl":{"start":{"line":152,"column":22},"end":{"line":152,"column":37}},"loc":{"start":{"line":152,"column":37},"end":{"line":162,"column":1}}},"12":{"name":"(anonymous_12)","decl":{"start":{"line":158,"column":20},"end":{"line":158,"column":21}},"loc":{"start":{"line":158,"column":60},"end":{"line":158,"column":92}}},"13":{"name":"getFixtureById","decl":{"start":{"line":164,"column":22},"end":{"line":164,"column":36}},"loc":{"start":{"line":164,"column":54},"end":{"line":171,"column":1}}},"14":{"name":"getAllFixtures","decl":{"start":{"line":177,"column":22},"end":{"line":177,"column":36}},"loc":{"start":{"line":177,"column":52},"end":{"line":188,"column":1}}},"15":{"name":"(anonymous_15)","decl":{"start":{"line":184,"column":27},"end":{"line":184,"column":28}},"loc":{"start":{"line":184,"column":34},"end":{"line":184,"column":53}}},"16":{"name":"getTournamentGroups","decl":{"start":{"line":192,"column":22},"end":{"line":192,"column":41}},"loc":{"start":{"line":192,"column":62},"end":{"line":199,"column":1}}},"17":{"name":"getUserPredictions","decl":{"start":{"line":203,"column":22},"end":{"line":203,"column":40}},"loc":{"start":{"line":203,"column":55},"end":{"line":210,"column":1}}}},"branchMap":{"0":{"loc":{"start":{"line":37,"column":2},"end":{"line":37,"column":16}},"type":"default-arg","locations":[{"start":{"line":37,"column":15},"end":{"line":37,"column":16}}]},"1":{"loc":{"start":{"line":38,"column":2},"end":{"line":38,"column":25}},"type":"default-arg","locations":[{"start":{"line":38,"column":17},"end":{"line":38,"column":25}}]},"2":{"loc":{"start":{"line":39,"column":2},"end":{"line":39,"column":26}},"type":"default-arg","locations":[{"start":{"line":39,"column":22},"end":{"line":39,"column":26}}]},"3":{"loc":{"start":{"line":42,"column":8},"end":{"line":42,"column":30}},"type":"binary-expr","locations":[{"start":{"line":42,"column":8},"end":{"line":42,"column":16}},{"start":{"line":42,"column":20},"end":{"line":42,"column":30}}]},"4":{"loc":{"start":{"line":43,"column":10},"end":{"line":43,"column":36}},"type":"binary-expr","locations":[{"start":{"line":43,"column":10},"end":{"line":43,"column":20}},{"start":{"line":43,"column":24},"end":{"line":43,"column":36}}]},"5":{"loc":{"start":{"line":44,"column":15},"end":{"line":44,"column":69}},"type":"binary-expr","locations":[{"start":{"line":44,"column":15},"end":{"line":44,"column":30}},{"start":{"line":44,"column":34},"end":{"line":44,"column":48}},{"start":{"line":44,"column":52},"end":{"line":44,"column":69}}]},"6":{"loc":{"start":{"line":51,"column":13},"end":{"line":51,"column":34}},"type":"binary-expr","locations":[{"start":{"line":51,"column":13},"end":{"line":51,"column":19}},{"start":{"line":51,"column":23},"end":{"line":51,"column":34}}]},"7":{"loc":{"start":{"line":52,"column":2},"end":{"line":52,"column":34}},"type":"if","locations":[{"start":{"line":52,"column":2},"end":{"line":52,"column":34}}]},"8":{"loc":{"start":{"line":53,"column":2},"end":{"line":53,"column":42}},"type":"if","locations":[{"start":{"line":53,"column":2},"end":{"line":53,"column":42}}]},"9":{"loc":{"start":{"line":54,"column":2},"end":{"line":54,"column":44}},"type":"if","locations":[{"start":{"line":54,"column":2},"end":{"line":54,"column":44}}]},"10":{"loc":{"start":{"line":55,"column":2},"end":{"line":55,"column":65}},"type":"if","locations":[{"start":{"line":55,"column":2},"end":{"line":55,"column":65}}]},"11":{"loc":{"start":{"line":60,"column":2},"end":{"line":60,"column":32}},"type":"if","locations":[{"start":{"line":60,"column":2},"end":{"line":60,"column":32}}]},"12":{"loc":{"start":{"line":61,"column":9},"end":{"line":61,"column":56}},"type":"cond-expr","locations":[{"start":{"line":61,"column":33},"end":{"line":61,"column":38}},{"start":{"line":61,"column":41},"end":{"line":61,"column":56}}]},"13":{"loc":{"start":{"line":64,"column":43},"end":{"line":64,"column":60}},"type":"default-arg","locations":[{"start":{"line":64,"column":59},"end":{"line":64,"column":60}}]},"14":{"loc":{"start":{"line":65,"column":20},"end":{"line":65,"column":47}},"type":"binary-expr","locations":[{"start":{"line":65,"column":20},"end":{"line":65,"column":26}},{"start":{"line":65,"column":30},"end":{"line":65,"column":47}}]},"15":{"loc":{"start":{"line":66,"column":24},"end":{"line":66,"column":96}},"type":"cond-expr","locations":[{"start":{"line":66,"column":59},"end":{"line":66,"column":81}},{"start":{"line":66,"column":84},"end":{"line":66,"column":96}}]},"16":{"loc":{"start":{"line":67,"column":24},"end":{"line":67,"column":96}},"type":"cond-expr","locations":[{"start":{"line":67,"column":59},"end":{"line":67,"column":81}},{"start":{"line":67,"column":84},"end":{"line":67,"column":96}}]},"17":{"loc":{"start":{"line":70,"column":4},"end":{"line":70,"column":39}},"type":"binary-expr","locations":[{"start":{"line":70,"column":4},"end":{"line":70,"column":18}},{"start":{"line":70,"column":22},"end":{"line":70,"column":39}}]},"18":{"loc":{"start":{"line":71,"column":4},"end":{"line":71,"column":34}},"type":"binary-expr","locations":[{"start":{"line":71,"column":4},"end":{"line":71,"column":23}},{"start":{"line":71,"column":27},"end":{"line":71,"column":34}}]},"19":{"loc":{"start":{"line":72,"column":4},"end":{"line":72,"column":37}},"type":"binary-expr","locations":[{"start":{"line":72,"column":4},"end":{"line":72,"column":28}},{"start":{"line":72,"column":32},"end":{"line":72,"column":37}}]},"20":{"loc":{"start":{"line":76,"column":4},"end":{"line":76,"column":35}},"type":"binary-expr","locations":[{"start":{"line":76,"column":4},"end":{"line":76,"column":18}},{"start":{"line":76,"column":22},"end":{"line":76,"column":35}}]},"21":{"loc":{"start":{"line":77,"column":4},"end":{"line":77,"column":38}},"type":"binary-expr","locations":[{"start":{"line":77,"column":4},"end":{"line":77,"column":23}},{"start":{"line":77,"column":27},"end":{"line":77,"column":38}}]},"22":{"loc":{"start":{"line":78,"column":4},"end":{"line":78,"column":37}},"type":"binary-expr","locations":[{"start":{"line":78,"column":4},"end":{"line":78,"column":28}},{"start":{"line":78,"column":32},"end":{"line":78,"column":37}}]},"23":{"loc":{"start":{"line":83,"column":18},"end":{"line":83,"column":39}},"type":"binary-expr","locations":[{"start":{"line":83,"column":18},"end":{"line":83,"column":34}},{"start":{"line":83,"column":38},"end":{"line":83,"column":39}}]},"24":{"loc":{"start":{"line":88,"column":15},"end":{"line":88,"column":41}},"type":"binary-expr","locations":[{"start":{"line":88,"column":15},"end":{"line":88,"column":28}},{"start":{"line":88,"column":32},"end":{"line":88,"column":41}}]},"25":{"loc":{"start":{"line":89,"column":16},"end":{"line":89,"column":45}},"type":"binary-expr","locations":[{"start":{"line":89,"column":16},"end":{"line":89,"column":30}},{"start":{"line":89,"column":34},"end":{"line":89,"column":45}}]},"26":{"loc":{"start":{"line":90,"column":16},"end":{"line":90,"column":45}},"type":"binary-expr","locations":[{"start":{"line":90,"column":16},"end":{"line":90,"column":30}},{"start":{"line":90,"column":34},"end":{"line":90,"column":45}}]},"27":{"loc":{"start":{"line":93,"column":15},"end":{"line":93,"column":41}},"type":"binary-expr","locations":[{"start":{"line":93,"column":15},"end":{"line":93,"column":28}},{"start":{"line":93,"column":32},"end":{"line":93,"column":41}}]},"28":{"loc":{"start":{"line":94,"column":15},"end":{"line":94,"column":41}},"type":"binary-expr","locations":[{"start":{"line":94,"column":15},"end":{"line":94,"column":28}},{"start":{"line":94,"column":32},"end":{"line":94,"column":41}}]},"29":{"loc":{"start":{"line":96,"column":23},"end":{"line":96,"column":88}},"type":"cond-expr","locations":[{"start":{"line":96,"column":47},"end":{"line":96,"column":76}},{"start":{"line":96,"column":79},"end":{"line":96,"column":88}}]},"30":{"loc":{"start":{"line":112,"column":17},"end":{"line":112,"column":92}},"type":"cond-expr","locations":[{"start":{"line":112,"column":46},"end":{"line":112,"column":57}},{"start":{"line":112,"column":61},"end":{"line":112,"column":92}}]},"31":{"loc":{"start":{"line":112,"column":61},"end":{"line":112,"column":92}},"type":"binary-expr","locations":[{"start":{"line":112,"column":61},"end":{"line":112,"column":86}},{"start":{"line":112,"column":90},"end":{"line":112,"column":92}}]},"32":{"loc":{"start":{"line":114,"column":6},"end":{"line":117,"column":10}},"type":"binary-expr","locations":[{"start":{"line":114,"column":6},"end":{"line":114,"column":55}},{"start":{"line":115,"column":6},"end":{"line":115,"column":65}},{"start":{"line":116,"column":6},"end":{"line":116,"column":13}},{"start":{"line":117,"column":6},"end":{"line":117,"column":10}}]},"33":{"loc":{"start":{"line":129,"column":17},"end":{"line":129,"column":83}},"type":"cond-expr","locations":[{"start":{"line":129,"column":43},"end":{"line":129,"column":51}},{"start":{"line":129,"column":55},"end":{"line":129,"column":83}}]},"34":{"loc":{"start":{"line":129,"column":55},"end":{"line":129,"column":83}},"type":"binary-expr","locations":[{"start":{"line":129,"column":55},"end":{"line":129,"column":77}},{"start":{"line":129,"column":81},"end":{"line":129,"column":83}}]},"35":{"loc":{"start":{"line":131,"column":26},"end":{"line":131,"column":46}},"type":"binary-expr","locations":[{"start":{"line":131,"column":26},"end":{"line":131,"column":33}},{"start":{"line":131,"column":37},"end":{"line":131,"column":46}}]},"36":{"loc":{"start":{"line":131,"column":48},"end":{"line":131,"column":82}},"type":"binary-expr","locations":[{"start":{"line":131,"column":48},"end":{"line":131,"column":57}},{"start":{"line":131,"column":61},"end":{"line":131,"column":82}}]},"37":{"loc":{"start":{"line":131,"column":84},"end":{"line":131,"column":106}},"type":"binary-expr","locations":[{"start":{"line":131,"column":84},"end":{"line":131,"column":98}},{"start":{"line":131,"column":102},"end":{"line":131,"column":106}}]},"38":{"loc":{"start":{"line":145,"column":17},"end":{"line":145,"column":83}},"type":"cond-expr","locations":[{"start":{"line":145,"column":43},"end":{"line":145,"column":51}},{"start":{"line":145,"column":55},"end":{"line":145,"column":83}}]},"39":{"loc":{"start":{"line":145,"column":55},"end":{"line":145,"column":83}},"type":"binary-expr","locations":[{"start":{"line":145,"column":55},"end":{"line":145,"column":77}},{"start":{"line":145,"column":81},"end":{"line":145,"column":83}}]},"40":{"loc":{"start":{"line":157,"column":17},"end":{"line":157,"column":83}},"type":"cond-expr","locations":[{"start":{"line":157,"column":43},"end":{"line":157,"column":51}},{"start":{"line":157,"column":55},"end":{"line":157,"column":83}}]},"41":{"loc":{"start":{"line":157,"column":55},"end":{"line":157,"column":83}},"type":"binary-expr","locations":[{"start":{"line":157,"column":55},"end":{"line":157,"column":77}},{"start":{"line":157,"column":81},"end":{"line":157,"column":83}}]},"42":{"loc":{"start":{"line":180,"column":4},"end":{"line":180,"column":31}},"type":"if","locations":[{"start":{"line":180,"column":4},"end":{"line":180,"column":31}}]},"43":{"loc":{"start":{"line":183,"column":4},"end":{"line":183,"column":53}},"type":"if","locations":[{"start":{"line":183,"column":4},"end":{"line":183,"column":53}}]},"44":{"loc":{"start":{"line":183,"column":8},"end":{"line":183,"column":35}},"type":"binary-expr","locations":[{"start":{"line":183,"column":8},"end":{"line":183,"column":15}},{"start":{"line":183,"column":19},"end":{"line":183,"column":35}}]},"45":{"loc":{"start":{"line":195,"column":11},"end":{"line":195,"column":77}},"type":"cond-expr","locations":[{"start":{"line":195,"column":37},"end":{"line":195,"column":45}},{"start":{"line":195,"column":49},"end":{"line":195,"column":77}}]},"46":{"loc":{"start":{"line":195,"column":49},"end":{"line":195,"column":77}},"type":"binary-expr","locations":[{"start":{"line":195,"column":49},"end":{"line":195,"column":71}},{"start":{"line":195,"column":75},"end":{"line":195,"column":77}}]},"47":{"loc":{"start":{"line":206,"column":11},"end":{"line":206,"column":77}},"type":"cond-expr","locations":[{"start":{"line":206,"column":37},"end":{"line":206,"column":45}},{"start":{"line":206,"column":49},"end":{"line":206,"column":77}}]},"48":{"loc":{"start":{"line":206,"column":49},"end":{"line":206,"column":77}},"type":"binary-expr","locations":[{"start":{"line":206,"column":49},"end":{"line":206,"column":71}},{"start":{"line":206,"column":75},"end":{"line":206,"column":77}}]}},"s":{"0":0,"1":0,"2":0,"3":0,"4":0,"5":0,"6":0,"7":0,"8":0,"9":0,"10":0,"11":0,"12":0,"13":0,"14":0,"15":0,"16":0,"17":0,"18":0,"19":0,"20":0,"21":0,"22":0,"23":0,"24":0,"25":0,"26":0,"27":0,"28":0,"29":0,"30":0,"31":0,"32":0,"33":0,"34":0,"35":0,"36":0,"37":0,"38":0,"39":0,"40":0,"41":0,"42":0,"43":0,"44":0,"45":0,"46":0,"47":0,"48":0,"49":0,"50":0,"51":0,"52":0,"53":0,"54":0,"55":0,"56":0,"57":0,"58":0,"59":0,"60":0,"61":0,"62":0,"63":0,"64":0,"65":0,"66":0,"67":0,"68":0,"69":0,"70":0,"71":0,"72":0,"73":0,"74":0,"75":0},"f":{"0":0,"1":0,"2":0,"3":0,"4":0,"5":0,"6":0,"7":0,"8":0,"9":0,"10":0,"11":0,"12":0,"13":0,"14":0,"15":0,"16":0,"17":0},"b":{"0":[0],"1":[0],"2":[0],"3":[0,0],"4":[0,0],"5":[0,0,0],"6":[0,0],"7":[0],"8":[0],"9":[0],"10":[0],"11":[0],"12":[0,0],"13":[0],"14":[0,0],"15":[0,0],"16":[0,0],"17":[0,0],"18":[0,0],"19":[0,0],"20":[0,0],"21":[0,0],"22":[0,0],"23":[0,0],"24":[0,0],"25":[0,0],"26":[0,0],"27":[0,0],"28":[0,0],"29":[0,0],"30":[0,0],"31":[0,0],"32":[0,0,0,0],"33":[0,0],"34":[0,0],"35":[0,0],"36":[0,0],"37":[0,0],"38":[0,0],"39":[0,0],"40":[0,0],"41":[0,0],"42":[0],"43":[0],"44":[0,0],"45":[0,0],"46":[0,0],"47":[0,0],"48":[0,0]}}
}
