TN:
SF:src\middleware.ts
FN:5,middleware
FNF:1
FNH:0
FNDA:0,middleware
DA:1,0
DA:3,0
DA:5,0
DA:6,0
DA:8,0
DA:9,0
DA:12,0
DA:13,0
DA:15,0
DA:16,0
DA:17,0
DA:20,0
LF:12
LH:0
BRDA:8,0,0,0
BRDA:8,1,0,0
BRDA:8,1,1,0
BRDA:8,1,2,0
BRDA:13,2,0,0
BRDA:13,3,0,0
BRDA:13,3,1,0
BRDA:16,4,0,0
BRDA:16,4,1,0
BRF:9
BRH:0
end_of_record
TN:
SF:src\app\layout.tsx
FN:14,RootLayout
FNF:1
FNH:0
FNDA:0,RootLayout
DA:2,0
DA:4,0
DA:14,0
DA:15,0
LF:4
LH:0
BRF:0
BRH:0
end_of_record
TN:
SF:src\app\[locale]\layout.tsx
FN:12,LocaleLayout
FNF:1
FNH:0
FNDA:0,LocaleLayout
DA:3,0
DA:4,0
DA:5,0
DA:6,0
DA:7,0
DA:8,0
DA:10,0
DA:12,0
DA:13,0
LF:9
LH:0
BRDA:15,0,0,0
BRDA:15,0,1,0
BRF:2
BRH:0
end_of_record
TN:
SF:src\app\[locale]\page.tsx
FN:23,(anonymous_10)
FN:29,(anonymous_11)
FN:48,(anonymous_12)
FN:73,(anonymous_13)
FN:101,(anonymous_14)
FN:154,(anonymous_15)
FN:202,(anonymous_16)
FN:220,(anonymous_17)
FN:245,HomePage
FN:258,(anonymous_19)
FN:262,(anonymous_20)
FN:264,(anonymous_21)
FN:279,(anonymous_22)
FN:282,(anonymous_23)
FN:286,(anonymous_24)
FN:296,(anonymous_25)
FN:297,(anonymous_26)
FN:298,(anonymous_27)
FN:302,(anonymous_28)
FN:303,(anonymous_29)
FN:305,(anonymous_30)
FN:306,(anonymous_31)
FN:312,(anonymous_32)
FN:318,(anonymous_33)
FN:347,(anonymous_34)
FN:353,(anonymous_35)
FN:365,(anonymous_36)
FN:415,(anonymous_37)
FN:611,(anonymous_38)
FN:920,(anonymous_39)
FN:961,(anonymous_40)
FN:1027,(anonymous_41)
FNF:32
FNH:0
FNDA:0,(anonymous_10)
FNDA:0,(anonymous_11)
FNDA:0,(anonymous_12)
FNDA:0,(anonymous_13)
FNDA:0,(anonymous_14)
FNDA:0,(anonymous_15)
FNDA:0,(anonymous_16)
FNDA:0,(anonymous_17)
FNDA:0,HomePage
FNDA:0,(anonymous_19)
FNDA:0,(anonymous_20)
FNDA:0,(anonymous_21)
FNDA:0,(anonymous_22)
FNDA:0,(anonymous_23)
FNDA:0,(anonymous_24)
FNDA:0,(anonymous_25)
FNDA:0,(anonymous_26)
FNDA:0,(anonymous_27)
FNDA:0,(anonymous_28)
FNDA:0,(anonymous_29)
FNDA:0,(anonymous_30)
FNDA:0,(anonymous_31)
FNDA:0,(anonymous_32)
FNDA:0,(anonymous_33)
FNDA:0,(anonymous_34)
FNDA:0,(anonymous_35)
FNDA:0,(anonymous_36)
FNDA:0,(anonymous_37)
FNDA:0,(anonymous_38)
FNDA:0,(anonymous_39)
FNDA:0,(anonymous_40)
FNDA:0,(anonymous_41)
DA:3,0
DA:4,0
DA:5,0
DA:6,0
DA:7,0
DA:11,0
DA:12,0
DA:13,0
DA:14,0
DA:16,0
DA:23,0
DA:26,0
DA:27,0
DA:30,0
DA:31,0
DA:32,0
DA:33,0
DA:48,0
DA:52,0
DA:53,0
DA:54,0
DA:55,0
DA:56,0
DA:73,0
DA:76,0
DA:77,0
DA:101,0
DA:107,0
DA:108,0
DA:109,0
DA:110,0
DA:154,0
DA:160,0
DA:202,0
DA:205,0
DA:206,0
DA:220,0
DA:221,0
DA:222,0
DA:223,0
DA:224,0
DA:225,0
DA:231,0
DA:232,0
DA:245,0
DA:246,0
DA:247,0
DA:249,0
DA:250,0
DA:251,0
DA:252,0
DA:253,0
DA:254,0
DA:255,0
DA:256,0
DA:258,0
DA:259,0
DA:262,0
DA:263,0
DA:264,0
DA:265,0
DA:266,0
DA:267,0
DA:268,0
DA:270,0
DA:277,0
DA:278,0
DA:279,0
DA:282,0
DA:283,0
DA:286,0
DA:287,0
DA:288,0
DA:289,0
DA:290,0
DA:291,0
DA:292,0
DA:294,0
DA:296,0
DA:297,0
DA:298,0
DA:301,0
DA:302,0
DA:303,0
DA:304,0
DA:305,0
DA:306,0
DA:308,0
DA:309,0
DA:311,0
DA:312,0
DA:314,0
DA:315,0
DA:317,0
DA:318,0
DA:326,0
DA:328,0
DA:332,0
DA:333,0
DA:345,0
DA:347,0
DA:348,0
DA:349,0
DA:353,0
DA:354,0
DA:355,0
DA:356,0
DA:357,0
DA:358,0
DA:361,0
DA:365,0
DA:368,0
DA:375,0
DA:415,0
DA:612,0
DA:921,0
DA:962,0
DA:963,0
DA:964,0
DA:1028,0
LF:120
LH:0
BRDA:24,0,0,0
BRDA:24,1,0,0
BRDA:49,2,0,0
BRDA:49,3,0,0
BRDA:49,4,0,0
BRDA:50,5,0,0
BRDA:74,6,0,0
BRDA:74,7,0,0
BRDA:102,8,0,0
BRDA:102,9,0,0
BRDA:196,10,0,0
BRDA:196,10,1,0
BRDA:202,11,0,0
BRDA:208,12,0,0
BRDA:208,12,1,0
BRDA:259,13,0,0
BRDA:259,14,0,0
BRDA:259,14,1,0
BRDA:266,15,0,0
BRDA:283,16,0,0
BRDA:283,17,0,0
BRDA:283,17,1,0
BRDA:283,17,2,0
BRDA:291,18,0,0
BRDA:296,19,0,0
BRDA:296,19,1,0
BRDA:297,20,0,0
BRDA:297,20,1,0
BRDA:302,21,0,0
BRDA:302,21,1,0
BRDA:308,22,0,0
BRDA:308,22,1,0
BRDA:309,23,0,0
BRDA:309,23,1,0
BRDA:311,24,0,0
BRDA:311,24,1,0
BRDA:312,25,0,0
BRDA:312,26,0,0
BRDA:312,26,1,0
BRDA:315,27,0,0
BRDA:315,27,1,0
BRDA:315,28,0,0
BRDA:315,28,1,0
BRDA:315,29,0,0
BRDA:315,29,1,0
BRDA:317,30,0,0
BRDA:319,31,0,0
BRDA:319,31,1,0
BRDA:320,32,0,0
BRDA:320,32,1,0
BRDA:320,32,2,0
BRDA:321,33,0,0
BRDA:321,33,1,0
BRDA:332,34,0,0
BRDA:332,35,0,0
BRDA:332,35,1,0
BRDA:345,36,0,0
BRDA:353,37,0,0
BRDA:353,37,1,0
BRDA:353,38,0,0
BRDA:353,38,1,0
BRDA:356,39,0,0
BRDA:356,40,0,0
BRDA:356,40,1,0
BRDA:357,41,0,0
BRDA:361,42,0,0
BRDA:361,42,1,0
BRDA:365,43,0,0
BRDA:365,43,1,0
BRDA:484,44,0,0
BRDA:484,44,1,0
BRDA:491,45,0,0
BRDA:491,45,1,0
BRDA:613,46,0,0
BRDA:613,46,1,0
BRDA:687,47,0,0
BRDA:687,47,1,0
BRDA:792,48,0,0
BRDA:792,48,1,0
BRDA:827,49,0,0
BRDA:827,49,1,0
BRDA:833,50,0,0
BRDA:833,50,1,0
BRDA:834,51,0,0
BRDA:834,51,1,0
BRDA:838,52,0,0
BRDA:838,52,1,0
BRDA:851,53,0,0
BRDA:851,53,1,0
BRDA:918,54,0,0
BRDA:918,54,1,0
BRDA:961,55,0,0
BRDA:961,55,1,0
BRDA:963,56,0,0
BRDA:963,56,1,0
BRDA:963,57,0,0
BRDA:963,57,1,0
BRDA:972,58,0,0
BRDA:972,58,1,0
BRDA:973,59,0,0
BRDA:973,59,1,0
BRDA:976,60,0,0
BRDA:976,60,1,0
BRDA:981,61,0,0
BRDA:981,61,1,0
BRDA:983,62,0,0
BRDA:983,62,1,0
BRDA:984,63,0,0
BRDA:984,63,1,0
BRF:109
BRH:0
end_of_record
TN:
SF:src\app\[locale]\admin\page.tsx
FN:13,AnimatedNumber
FN:15,(anonymous_10)
FN:20,(anonymous_11)
FN:25,(anonymous_12)
FN:31,(anonymous_13)
FN:37,(anonymous_14)
FN:44,(anonymous_15)
FN:50,(anonymous_16)
FN:56,(anonymous_17)
FN:61,(anonymous_18)
FN:66,(anonymous_19)
FN:75,AnalyticsTab
FN:79,(anonymous_21)
FN:81,(anonymous_22)
FN:82,(anonymous_23)
FN:83,(anonymous_24)
FN:88,(anonymous_25)
FN:100,(anonymous_26)
FN:197,FixtureCard
FN:314,(anonymous_28)
FN:319,(anonymous_29)
FN:373,AdminPage
FN:390,(anonymous_31)
FN:394,(anonymous_32)
FN:396,(anonymous_33)
FN:404,(anonymous_34)
FN:408,(anonymous_35)
FN:414,(anonymous_36)
FN:415,(anonymous_37)
FN:417,(anonymous_38)
FN:428,(anonymous_39)
FN:434,(anonymous_40)
FN:435,(anonymous_41)
FN:436,(anonymous_42)
FN:459,(anonymous_43)
FN:494,(anonymous_44)
FN:495,(anonymous_45)
FN:527,(anonymous_46)
FN:528,(anonymous_47)
FN:553,(anonymous_48)
FN:559,(anonymous_49)
FN:560,(anonymous_50)
FNF:42
FNH:0
FNDA:0,AnimatedNumber
FNDA:0,(anonymous_10)
FNDA:0,(anonymous_11)
FNDA:0,(anonymous_12)
FNDA:0,(anonymous_13)
FNDA:0,(anonymous_14)
FNDA:0,(anonymous_15)
FNDA:0,(anonymous_16)
FNDA:0,(anonymous_17)
FNDA:0,(anonymous_18)
FNDA:0,(anonymous_19)
FNDA:0,AnalyticsTab
FNDA:0,(anonymous_21)
FNDA:0,(anonymous_22)
FNDA:0,(anonymous_23)
FNDA:0,(anonymous_24)
FNDA:0,(anonymous_25)
FNDA:0,(anonymous_26)
FNDA:0,FixtureCard
FNDA:0,(anonymous_28)
FNDA:0,(anonymous_29)
FNDA:0,AdminPage
FNDA:0,(anonymous_31)
FNDA:0,(anonymous_32)
FNDA:0,(anonymous_33)
FNDA:0,(anonymous_34)
FNDA:0,(anonymous_35)
FNDA:0,(anonymous_36)
FNDA:0,(anonymous_37)
FNDA:0,(anonymous_38)
FNDA:0,(anonymous_39)
FNDA:0,(anonymous_40)
FNDA:0,(anonymous_41)
FNDA:0,(anonymous_42)
FNDA:0,(anonymous_43)
FNDA:0,(anonymous_44)
FNDA:0,(anonymous_45)
FNDA:0,(anonymous_46)
FNDA:0,(anonymous_47)
FNDA:0,(anonymous_48)
FNDA:0,(anonymous_49)
FNDA:0,(anonymous_50)
DA:3,0
DA:4,0
DA:6,0
DA:7,0
DA:8,0
DA:10,0
DA:14,0
DA:15,0
DA:16,0
DA:17,0
DA:18,0
DA:19,0
DA:20,0
DA:21,0
DA:22,0
DA:23,0
DA:25,0
DA:27,0
DA:31,0
DA:32,0
DA:37,0
DA:38,0
DA:44,0
DA:45,0
DA:50,0
DA:51,0
DA:56,0
DA:57,0
DA:61,0
DA:62,0
DA:66,0
DA:67,0
DA:76,0
DA:77,0
DA:79,0
DA:80,0
DA:81,0
DA:82,0
DA:84,0
DA:88,0
DA:91,0
DA:96,0
DA:101,0
DA:206,0
DA:207,0
DA:209,0
DA:315,0
DA:319,0
DA:373,0
DA:374,0
DA:375,0
DA:377,0
DA:378,0
DA:379,0
DA:380,0
DA:381,0
DA:382,0
DA:383,0
DA:384,0
DA:385,0
DA:386,0
DA:388,0
DA:390,0
DA:391,0
DA:394,0
DA:396,0
DA:397,0
DA:398,0
DA:399,0
DA:400,0
DA:401,0
DA:402,0
DA:403,0
DA:404,0
DA:408,0
DA:409,0
DA:410,0
DA:411,0
DA:414,0
DA:415,0
DA:417,0
DA:418,0
DA:419,0
DA:420,0
DA:421,0
DA:422,0
DA:426,0
DA:427,0
DA:428,0
DA:429,0
DA:430,0
DA:431,0
DA:434,0
DA:435,0
DA:436,0
DA:438,0
DA:439,0
DA:441,0
DA:445,0
DA:451,0
DA:460,0
DA:495,0
DA:528,0
DA:554,0
DA:559,0
DA:560,0
LF:106
LH:0
BRDA:22,0,0,0
BRDA:22,0,1,0
BRDA:81,1,0,0
BRDA:81,1,1,0
BRDA:82,2,0,0
BRDA:82,2,1,0
BRDA:85,3,0,0
BRDA:85,3,1,0
BRDA:85,4,0,0
BRDA:85,4,1,0
BRDA:86,5,0,0
BRDA:86,5,1,0
BRDA:86,6,0,0
BRDA:86,6,1,0
BRDA:117,7,0,0
BRDA:117,7,1,0
BRDA:121,8,0,0
BRDA:121,8,1,0
BRDA:151,9,0,0
BRDA:151,9,1,0
BRDA:152,10,0,0
BRDA:152,10,1,0
BRDA:153,11,0,0
BRDA:153,11,1,0
BRDA:155,12,0,0
BRDA:155,12,1,0
BRDA:156,13,0,0
BRDA:156,13,1,0
BRDA:160,14,0,0
BRDA:160,14,1,0
BRDA:215,15,0,0
BRDA:215,15,1,0
BRDA:217,16,0,0
BRDA:217,16,1,0
BRDA:220,17,0,0
BRDA:220,17,1,0
BRDA:220,18,0,0
BRDA:220,18,1,0
BRDA:221,19,0,0
BRDA:221,19,1,0
BRDA:223,20,0,0
BRDA:223,20,1,0
BRDA:229,21,0,0
BRDA:229,21,1,0
BRDA:229,22,0,0
BRDA:229,22,1,0
BRDA:232,23,0,0
BRDA:232,23,1,0
BRDA:232,23,2,0
BRDA:246,24,0,0
BRDA:246,24,1,0
BRDA:246,25,0,0
BRDA:246,25,1,0
BRDA:247,26,0,0
BRDA:247,26,1,0
BRDA:247,27,0,0
BRDA:247,27,1,0
BRDA:248,28,0,0
BRDA:248,28,1,0
BRDA:248,29,0,0
BRDA:248,29,1,0
BRDA:250,30,0,0
BRDA:250,30,1,0
BRDA:250,31,0,0
BRDA:250,31,1,0
BRDA:251,32,0,0
BRDA:251,32,1,0
BRDA:251,33,0,0
BRDA:251,33,1,0
BRDA:265,34,0,0
BRDA:265,34,1,0
BRDA:265,35,0,0
BRDA:265,35,1,0
BRDA:266,36,0,0
BRDA:266,36,1,0
BRDA:266,37,0,0
BRDA:266,37,1,0
BRDA:268,38,0,0
BRDA:268,38,1,0
BRDA:268,39,0,0
BRDA:268,39,1,0
BRDA:270,40,0,0
BRDA:270,40,1,0
BRDA:270,41,0,0
BRDA:270,41,1,0
BRDA:270,41,2,0
BRDA:293,42,0,0
BRDA:293,42,1,0
BRDA:303,43,0,0
BRDA:303,43,1,0
BRDA:316,44,0,0
BRDA:316,44,1,0
BRDA:328,45,0,0
BRDA:328,45,1,0
BRDA:344,46,0,0
BRDA:344,46,1,0
BRDA:353,47,0,0
BRDA:353,47,1,0
BRDA:357,48,0,0
BRDA:357,48,1,0
BRDA:358,49,0,0
BRDA:358,49,1,0
BRDA:359,50,0,0
BRDA:359,50,1,0
BRDA:361,51,0,0
BRDA:361,51,1,0
BRDA:364,52,0,0
BRDA:364,52,1,0
BRDA:391,53,0,0
BRDA:391,54,0,0
BRDA:391,54,1,0
BRDA:391,54,2,0
BRDA:394,55,0,0
BRDA:400,56,0,0
BRDA:404,57,0,0
BRDA:404,57,1,0
BRDA:406,58,0,0
BRDA:406,58,1,0
BRDA:406,59,0,0
BRDA:406,59,1,0
BRDA:414,60,0,0
BRDA:414,60,1,0
BRDA:414,61,0,0
BRDA:414,61,1,0
BRDA:418,62,0,0
BRDA:418,63,0,0
BRDA:418,63,1,0
BRDA:426,64,0,0
BRDA:426,65,0,0
BRDA:426,65,1,0
BRDA:434,66,0,0
BRDA:434,66,1,0
BRDA:438,67,0,0
BRDA:439,68,0,0
BRDA:439,69,0,0
BRDA:439,69,1,0
BRDA:497,70,0,0
BRDA:497,70,1,0
BRDA:498,71,0,0
BRDA:498,71,1,0
BRDA:512,72,0,0
BRDA:512,72,1,0
BRDA:521,73,0,0
BRDA:521,73,1,0
BRDA:530,74,0,0
BRDA:530,74,1,0
BRDA:531,75,0,0
BRDA:531,75,1,0
BRDA:545,76,0,0
BRDA:545,76,1,0
BRDA:554,77,0,0
BRDA:554,77,1,0
BRDA:558,78,0,0
BRDA:558,78,1,0
BRDA:566,79,0,0
BRDA:566,79,1,0
BRDA:570,80,0,0
BRDA:570,80,1,0
BRDA:570,81,0,0
BRDA:570,81,1,0
BRDA:573,82,0,0
BRDA:573,82,1,0
BRDA:573,83,0,0
BRDA:573,83,1,0
BRF:164
BRH:0
end_of_record
TN:
SF:src\app\[locale]\fixtures\page.tsx
FN:43,(anonymous_10)
FN:47,(anonymous_11)
FN:65,(anonymous_12)
FN:76,(anonymous_13)
FN:229,FixturesPage
FN:235,(anonymous_15)
FN:237,(anonymous_16)
FN:251,(anonymous_17)
FN:252,(anonymous_18)
FN:256,(anonymous_19)
FN:258,(anonymous_20)
FN:265,(anonymous_21)
FN:268,(anonymous_22)
FN:270,(anonymous_23)
FN:271,(anonymous_24)
FN:272,(anonymous_25)
FN:333,(anonymous_26)
FN:337,(anonymous_27)
FN:362,(anonymous_28)
FN:380,(anonymous_29)
FN:394,(anonymous_30)
FN:418,(anonymous_31)
FNF:22
FNH:0
FNDA:0,(anonymous_10)
FNDA:0,(anonymous_11)
FNDA:0,(anonymous_12)
FNDA:0,(anonymous_13)
FNDA:0,FixturesPage
FNDA:0,(anonymous_15)
FNDA:0,(anonymous_16)
FNDA:0,(anonymous_17)
FNDA:0,(anonymous_18)
FNDA:0,(anonymous_19)
FNDA:0,(anonymous_20)
FNDA:0,(anonymous_21)
FNDA:0,(anonymous_22)
FNDA:0,(anonymous_23)
FNDA:0,(anonymous_24)
FNDA:0,(anonymous_25)
FNDA:0,(anonymous_26)
FNDA:0,(anonymous_27)
FNDA:0,(anonymous_28)
FNDA:0,(anonymous_29)
FNDA:0,(anonymous_30)
FNDA:0,(anonymous_31)
DA:3,0
DA:4,0
DA:5,0
DA:6,0
DA:10,0
DA:11,0
DA:12,0
DA:19,0
DA:26,0
DA:33,0
DA:43,0
DA:44,0
DA:45,0
DA:48,0
DA:49,0
DA:50,0
DA:51,0
DA:65,0
DA:66,0
DA:76,0
DA:77,0
DA:78,0
DA:79,0
DA:80,0
DA:82,0
DA:83,0
DA:84,0
DA:86,0
DA:229,0
DA:230,0
DA:231,0
DA:232,0
DA:233,0
DA:235,0
DA:237,0
DA:238,0
DA:239,0
DA:240,0
DA:241,0
DA:242,0
DA:243,0
DA:245,0
DA:247,0
DA:251,0
DA:252,0
DA:256,0
DA:257,0
DA:258,0
DA:259,0
DA:260,0
DA:261,0
DA:262,0
DA:263,0
DA:265,0
DA:268,0
DA:270,0
DA:271,0
DA:272,0
DA:275,0
DA:277,0
DA:334,0
DA:335,0
DA:336,0
DA:337,0
DA:363,0
DA:381,0
DA:395,0
DA:396,0
DA:418,0
LF:69
LH:0
BRDA:43,0,0,0
BRDA:43,1,0,0
BRDA:65,2,0,0
BRDA:71,3,0,0
BRDA:71,3,1,0
BRDA:79,4,0,0
BRDA:79,4,1,0
BRDA:100,5,0,0
BRDA:100,5,1,0
BRDA:102,6,0,0
BRDA:102,6,1,0
BRDA:113,7,0,0
BRDA:113,7,1,0
BRDA:126,8,0,0
BRDA:126,8,1,0
BRDA:137,9,0,0
BRDA:137,9,1,0
BRDA:142,10,0,0
BRDA:142,10,1,0
BRDA:159,11,0,0
BRDA:159,11,1,0
BRDA:159,12,0,0
BRDA:159,12,1,0
BRDA:164,13,0,0
BRDA:164,13,1,0
BRDA:167,14,0,0
BRDA:167,14,1,0
BRDA:179,15,0,0
BRDA:179,15,1,0
BRDA:201,16,0,0
BRDA:201,16,1,0
BRDA:201,16,2,0
BRDA:210,17,0,0
BRDA:210,17,1,0
BRDA:241,18,0,0
BRDA:252,19,0,0
BRDA:252,19,1,0
BRDA:262,20,0,0
BRDA:307,21,0,0
BRDA:307,21,1,0
BRDA:335,22,0,0
BRDA:335,22,1,0
BRDA:335,23,0,0
BRDA:335,23,1,0
BRDA:335,24,0,0
BRDA:335,24,1,0
BRDA:339,25,0,0
BRDA:339,25,1,0
BRDA:339,26,0,0
BRDA:339,26,1,0
BRDA:341,27,0,0
BRDA:341,27,1,0
BRDA:341,28,0,0
BRDA:341,28,1,0
BRDA:343,29,0,0
BRDA:343,29,1,0
BRDA:343,30,0,0
BRDA:343,30,1,0
BRDA:344,31,0,0
BRDA:344,31,1,0
BRDA:346,32,0,0
BRDA:346,32,1,0
BRDA:346,33,0,0
BRDA:346,33,1,0
BRDA:346,34,0,0
BRDA:346,34,1,0
BRDA:360,35,0,0
BRDA:360,35,1,0
BRDA:378,36,0,0
BRDA:378,36,1,0
BRDA:389,37,0,0
BRDA:389,37,1,0
BRF:72
BRH:0
end_of_record
TN:
SF:src\app\[locale]\fixtures\[id]\page.tsx
FN:26,(anonymous_10)
FN:46,FixtureDetailPage
FN:60,(anonymous_12)
FN:61,(anonymous_13)
FN:70,(anonymous_14)
FN:75,(anonymous_15)
FN:76,(anonymous_16)
FN:79,(anonymous_17)
FN:82,(anonymous_18)
FN:198,(anonymous_19)
FN:216,(anonymous_20)
FN:243,(anonymous_21)
FN:302,(anonymous_22)
FN:307,(anonymous_23)
FN:326,(anonymous_24)
FN:331,(anonymous_25)
FN:348,(anonymous_26)
FN:473,(anonymous_27)
FNF:18
FNH:0
FNDA:0,(anonymous_10)
FNDA:0,FixtureDetailPage
FNDA:0,(anonymous_12)
FNDA:0,(anonymous_13)
FNDA:0,(anonymous_14)
FNDA:0,(anonymous_15)
FNDA:0,(anonymous_16)
FNDA:0,(anonymous_17)
FNDA:0,(anonymous_18)
FNDA:0,(anonymous_19)
FNDA:0,(anonymous_20)
FNDA:0,(anonymous_21)
FNDA:0,(anonymous_22)
FNDA:0,(anonymous_23)
FNDA:0,(anonymous_24)
FNDA:0,(anonymous_25)
FNDA:0,(anonymous_26)
FNDA:0,(anonymous_27)
DA:3,0
DA:4,0
DA:5,0
DA:6,0
DA:7,0
DA:8,0
DA:9,0
DA:10,0
DA:11,0
DA:12,0
DA:13,0
DA:19,0
DA:26,0
DA:29,0
DA:46,0
DA:47,0
DA:48,0
DA:50,0
DA:51,0
DA:52,0
DA:53,0
DA:54,0
DA:55,0
DA:56,0
DA:57,0
DA:58,0
DA:60,0
DA:61,0
DA:62,0
DA:63,0
DA:64,0
DA:65,0
DA:67,0
DA:70,0
DA:71,0
DA:72,0
DA:73,0
DA:74,0
DA:76,0
DA:77,0
DA:82,0
DA:83,0
DA:84,0
DA:85,0
DA:86,0
DA:87,0
DA:88,0
DA:89,0
DA:90,0
DA:92,0
DA:93,0
DA:95,0
DA:97,0
DA:98,0
DA:101,0
DA:102,0
DA:114,0
DA:115,0
DA:123,0
DA:124,0
DA:125,0
DA:126,0
DA:128,0
DA:132,0
DA:137,0
DA:143,0
DA:198,0
DA:217,0
DA:243,0
DA:302,0
DA:307,0
DA:326,0
DA:331,0
DA:348,0
DA:474,0
LF:75
LH:0
BRDA:27,0,0,0
BRDA:27,1,0,0
BRDA:27,2,0,0
BRDA:64,3,0,0
BRDA:64,3,1,0
BRDA:71,4,0,0
BRDA:71,5,0,0
BRDA:71,5,1,0
BRDA:71,5,2,0
BRDA:73,6,0,0
BRDA:77,7,0,0
BRDA:83,8,0,0
BRDA:87,9,0,0
BRDA:87,10,0,0
BRDA:87,10,1,0
BRDA:88,11,0,0
BRDA:88,11,1,0
BRDA:97,12,0,0
BRDA:97,12,1,0
BRDA:97,12,2,0
BRDA:101,13,0,0
BRDA:114,14,0,0
BRDA:123,15,0,0
BRDA:123,15,1,0
BRDA:125,16,0,0
BRDA:125,16,1,0
BRDA:126,17,0,0
BRDA:126,17,1,0
BRDA:126,17,2,0
BRDA:128,18,0,0
BRDA:128,18,1,0
BRDA:128,18,2,0
BRDA:128,18,3,0
BRDA:132,19,0,0
BRDA:132,19,1,0
BRDA:132,19,2,0
BRDA:132,19,3,0
BRDA:132,19,4,0
BRDA:132,19,5,0
BRDA:137,20,0,0
BRDA:137,20,1,0
BRDA:139,21,0,0
BRDA:139,21,1,0
BRDA:160,22,0,0
BRDA:160,22,1,0
BRDA:181,23,0,0
BRDA:181,23,1,0
BRDA:210,24,0,0
BRDA:210,24,1,0
BRDA:210,24,2,0
BRDA:241,25,0,0
BRDA:241,25,1,0
BRDA:241,25,2,0
BRDA:254,26,0,0
BRDA:254,26,1,0
BRDA:254,27,0,0
BRDA:254,27,1,0
BRDA:260,28,0,0
BRDA:260,28,1,0
BRDA:275,29,0,0
BRDA:275,29,1,0
BRDA:294,30,0,0
BRDA:294,30,1,0
BRDA:318,31,0,0
BRDA:318,31,1,0
BRDA:338,32,0,0
BRDA:338,32,1,0
BRDA:346,33,0,0
BRDA:346,33,1,0
BRDA:366,34,0,0
BRDA:366,34,1,0
BRDA:366,35,0,0
BRDA:366,35,1,0
BRDA:374,36,0,0
BRDA:374,36,1,0
BRDA:385,37,0,0
BRDA:385,37,1,0
BRDA:385,37,2,0
BRDA:385,37,3,0
BRDA:428,38,0,0
BRDA:428,38,1,0
BRDA:428,38,2,0
BRDA:428,38,3,0
BRDA:436,39,0,0
BRDA:436,39,1,0
BRDA:436,39,2,0
BRDA:446,40,0,0
BRDA:446,40,1,0
BRDA:452,41,0,0
BRDA:452,41,1,0
BRDA:455,42,0,0
BRDA:455,42,1,0
BRDA:464,43,0,0
BRDA:464,43,1,0
BRDA:464,43,2,0
BRDA:479,44,0,0
BRDA:479,44,1,0
BRDA:482,45,0,0
BRDA:482,45,1,0
BRDA:483,46,0,0
BRDA:483,46,1,0
BRDA:484,47,0,0
BRDA:484,47,1,0
BRDA:485,48,0,0
BRDA:485,48,1,0
BRF:105
BRH:0
end_of_record
TN:
SF:src\app\[locale]\groups\page.tsx
FN:25,(anonymous_10)
FN:29,(anonymous_11)
FN:51,(anonymous_12)
FN:61,(anonymous_13)
FN:62,(anonymous_14)
FN:104,(anonymous_15)
FN:114,(anonymous_16)
FN:210,(anonymous_17)
FN:218,(anonymous_18)
FN:343,(anonymous_19)
FN:360,(anonymous_20)
FN:463,(anonymous_21)
FN:477,(anonymous_22)
FN:493,(anonymous_23)
FN:519,(anonymous_24)
FN:545,(anonymous_25)
FN:561,(anonymous_26)
FN:562,(anonymous_27)
FN:568,(anonymous_28)
FN:578,GroupsPage
FN:586,(anonymous_30)
FN:587,(anonymous_31)
FN:595,(anonymous_32)
FN:597,(anonymous_33)
FN:662,(anonymous_34)
FN:665,(anonymous_35)
FN:719,(anonymous_36)
FN:727,(anonymous_37)
FN:771,(anonymous_38)
FN:776,(anonymous_39)
FN:814,(anonymous_40)
FNF:31
FNH:0
FNDA:0,(anonymous_10)
FNDA:0,(anonymous_11)
FNDA:0,(anonymous_12)
FNDA:0,(anonymous_13)
FNDA:0,(anonymous_14)
FNDA:0,(anonymous_15)
FNDA:0,(anonymous_16)
FNDA:0,(anonymous_17)
FNDA:0,(anonymous_18)
FNDA:0,(anonymous_19)
FNDA:0,(anonymous_20)
FNDA:0,(anonymous_21)
FNDA:0,(anonymous_22)
FNDA:0,(anonymous_23)
FNDA:0,(anonymous_24)
FNDA:0,(anonymous_25)
FNDA:0,(anonymous_26)
FNDA:0,(anonymous_27)
FNDA:0,(anonymous_28)
FNDA:0,GroupsPage
FNDA:0,(anonymous_30)
FNDA:0,(anonymous_31)
FNDA:0,(anonymous_32)
FNDA:0,(anonymous_33)
FNDA:0,(anonymous_34)
FNDA:0,(anonymous_35)
FNDA:0,(anonymous_36)
FNDA:0,(anonymous_37)
FNDA:0,(anonymous_38)
FNDA:0,(anonymous_39)
FNDA:0,(anonymous_40)
DA:3,0
DA:4,0
DA:5,0
DA:6,0
DA:7,0
DA:8,0
DA:9,0
DA:10,0
DA:25,0
DA:26,0
DA:27,0
DA:30,0
DA:31,0
DA:32,0
DA:46,0
DA:51,0
DA:52,0
DA:61,0
DA:62,0
DA:63,0
DA:105,0
DA:115,0
DA:116,0
DA:196,0
DA:203,0
DA:210,0
DA:211,0
DA:212,0
DA:213,0
DA:214,0
DA:215,0
DA:216,0
DA:218,0
DA:219,0
DA:271,0
DA:343,0
DA:344,0
DA:361,0
DA:398,0
DA:425,0
DA:426,0
DA:427,0
DA:428,0
DA:429,0
DA:430,0
DA:431,0
DA:432,0
DA:434,0
DA:463,0
DA:464,0
DA:478,0
DA:494,0
DA:520,0
DA:546,0
DA:561,0
DA:562,0
DA:563,0
DA:565,0
DA:567,0
DA:568,0
DA:569,0
DA:570,0
DA:571,0
DA:572,0
DA:573,0
DA:575,0
DA:578,0
DA:579,0
DA:580,0
DA:581,0
DA:582,0
DA:583,0
DA:584,0
DA:586,0
DA:587,0
DA:588,0
DA:589,0
DA:590,0
DA:591,0
DA:592,0
DA:593,0
DA:594,0
DA:595,0
DA:597,0
DA:606,0
DA:607,0
DA:608,0
DA:609,0
DA:611,0
DA:612,0
DA:613,0
DA:614,0
DA:616,0
DA:619,0
DA:621,0
DA:663,0
DA:664,0
DA:665,0
DA:719,0
DA:728,0
DA:772,0
DA:773,0
DA:774,0
DA:775,0
DA:776,0
DA:815,0
LF:106
LH:0
BRDA:25,0,0,0
BRDA:25,1,0,0
BRDA:51,2,0,0
BRDA:106,3,0,0
BRDA:106,3,1,0
BRDA:106,4,0,0
BRDA:106,4,1,0
BRDA:107,5,0,0
BRDA:107,5,1,0
BRDA:107,6,0,0
BRDA:107,6,1,0
BRDA:108,7,0,0
BRDA:108,7,1,0
BRDA:115,8,0,0
BRDA:115,8,1,0
BRDA:121,9,0,0
BRDA:121,9,1,0
BRDA:122,10,0,0
BRDA:122,10,1,0
BRDA:123,11,0,0
BRDA:123,11,1,0
BRDA:130,12,0,0
BRDA:130,12,1,0
BRDA:145,13,0,0
BRDA:145,13,1,0
BRDA:145,14,0,0
BRDA:145,14,1,0
BRDA:148,15,0,0
BRDA:148,15,1,0
BRDA:153,16,0,0
BRDA:153,16,1,0
BRDA:162,17,0,0
BRDA:162,17,1,0
BRDA:166,18,0,0
BRDA:166,18,1,0
BRDA:166,19,0,0
BRDA:166,19,1,0
BRDA:170,20,0,0
BRDA:170,20,1,0
BRDA:210,21,0,0
BRDA:213,22,0,0
BRDA:213,22,1,0
BRDA:214,23,0,0
BRDA:214,23,1,0
BRDA:215,24,0,0
BRDA:215,24,1,0
BRDA:216,25,0,0
BRDA:216,25,1,0
BRDA:221,26,0,0
BRDA:221,26,1,0
BRDA:221,27,0,0
BRDA:221,27,1,0
BRDA:225,28,0,0
BRDA:225,28,1,0
BRDA:225,28,2,0
BRDA:234,29,0,0
BRDA:234,29,1,0
BRDA:234,30,0,0
BRDA:234,30,1,0
BRDA:236,31,0,0
BRDA:236,31,1,0
BRDA:237,32,0,0
BRDA:237,32,1,0
BRDA:245,33,0,0
BRDA:245,33,1,0
BRDA:245,34,0,0
BRDA:245,34,1,0
BRDA:246,35,0,0
BRDA:246,35,1,0
BRDA:250,36,0,0
BRDA:250,36,1,0
BRDA:250,36,2,0
BRDA:253,37,0,0
BRDA:253,37,1,0
BRDA:253,38,0,0
BRDA:253,38,1,0
BRDA:254,39,0,0
BRDA:254,39,1,0
BRDA:262,40,0,0
BRDA:262,40,1,0
BRDA:280,41,0,0
BRDA:280,41,1,0
BRDA:283,42,0,0
BRDA:283,42,1,0
BRDA:285,43,0,0
BRDA:285,43,1,0
BRDA:295,44,0,0
BRDA:295,44,1,0
BRDA:295,44,2,0
BRDA:304,45,0,0
BRDA:304,45,1,0
BRDA:323,46,0,0
BRDA:323,46,1,0
BRDA:324,47,0,0
BRDA:324,47,1,0
BRDA:378,48,0,0
BRDA:378,48,1,0
BRDA:522,49,0,0
BRDA:522,49,1,0
BRDA:563,50,0,0
BRDA:563,50,1,0
BRDA:563,51,0,0
BRDA:563,51,1,0
BRDA:564,52,0,0
BRDA:564,52,1,0
BRDA:564,53,0,0
BRDA:564,53,1,0
BRDA:569,54,0,0
BRDA:569,54,1,0
BRDA:570,55,0,0
BRDA:570,55,1,0
BRDA:571,56,0,0
BRDA:571,56,1,0
BRDA:572,57,0,0
BRDA:572,57,1,0
BRDA:573,58,0,0
BRDA:592,59,0,0
BRDA:594,60,0,0
BRDA:597,61,0,0
BRDA:597,61,1,0
BRDA:599,62,0,0
BRDA:599,62,1,0
BRDA:599,62,2,0
BRDA:600,63,0,0
BRDA:600,63,1,0
BRDA:600,64,0,0
BRDA:600,64,1,0
BRDA:602,65,0,0
BRDA:602,65,1,0
BRDA:608,66,0,0
BRDA:608,67,0,0
BRDA:608,67,1,0
BRDA:608,67,2,0
BRDA:608,67,3,0
BRDA:619,68,0,0
BRDA:619,68,1,0
BRDA:667,69,0,0
BRDA:667,69,1,0
BRDA:668,70,0,0
BRDA:668,70,1,0
BRDA:670,71,0,0
BRDA:670,71,1,0
BRDA:674,72,0,0
BRDA:674,72,1,0
BRDA:674,73,0,0
BRDA:674,73,1,0
BRDA:676,74,0,0
BRDA:676,74,1,0
BRDA:676,75,0,0
BRDA:676,75,1,0
BRDA:689,76,0,0
BRDA:689,76,1,0
BRDA:701,77,0,0
BRDA:701,77,1,0
BRDA:738,78,0,0
BRDA:738,78,1,0
BRDA:738,78,2,0
BRDA:778,79,0,0
BRDA:778,79,1,0
BRDA:779,80,0,0
BRDA:779,80,1,0
BRDA:781,81,0,0
BRDA:781,81,1,0
BRDA:785,82,0,0
BRDA:785,82,1,0
BRDA:786,83,0,0
BRDA:786,83,1,0
BRDA:790,84,0,0
BRDA:790,84,1,0
BRDA:791,85,0,0
BRDA:791,85,1,0
BRDA:794,86,0,0
BRDA:794,86,1,0
BRDA:796,87,0,0
BRDA:796,87,1,0
BRDA:797,88,0,0
BRDA:797,88,1,0
BRDA:798,89,0,0
BRDA:798,89,1,0
BRDA:817,90,0,0
BRDA:817,90,1,0
BRDA:849,91,0,0
BRDA:849,91,1,0
BRF:183
BRH:0
end_of_record
TN:
SF:src\app\[locale]\login\page.tsx
FN:10,(anonymous_10)
FN:10,(anonymous_11)
FN:13,(anonymous_12)
FN:31,(anonymous_13)
FN:42,(anonymous_14)
FN:66,(anonymous_15)
FN:86,(anonymous_16)
FN:102,LoginPage
FN:132,(anonymous_18)
FN:139,(anonymous_19)
FN:142,(anonymous_20)
FN:144,(anonymous_21)
FN:156,(anonymous_22)
FN:160,(anonymous_23)
FN:162,(anonymous_24)
FN:163,(anonymous_25)
FN:164,(anonymous_26)
FN:167,(anonymous_27)
FN:168,(anonymous_28)
FN:170,(anonymous_29)
FN:173,(anonymous_30)
FN:186,(anonymous_31)
FN:246,(anonymous_32)
FN:294,(anonymous_33)
FN:303,(anonymous_34)
FN:386,(anonymous_35)
FN:437,(anonymous_36)
FN:473,(anonymous_37)
FN:487,(anonymous_38)
FN:567,(anonymous_39)
FN:645,(anonymous_40)
FN:646,(anonymous_41)
FN:646,(anonymous_42)
FN:672,(anonymous_43)
FN:673,(anonymous_44)
FN:673,(anonymous_45)
FN:681,(anonymous_46)
FN:681,(anonymous_47)
FN:746,(anonymous_48)
FN:752,(anonymous_49)
FN:785,(anonymous_50)
FN:801,(anonymous_51)
FN:818,(anonymous_52)
FN:834,(anonymous_53)
FN:838,(anonymous_54)
FN:839,(anonymous_55)
FNF:46
FNH:0
FNDA:0,(anonymous_10)
FNDA:0,(anonymous_11)
FNDA:0,(anonymous_12)
FNDA:0,(anonymous_13)
FNDA:0,(anonymous_14)
FNDA:0,(anonymous_15)
FNDA:0,(anonymous_16)
FNDA:0,LoginPage
FNDA:0,(anonymous_18)
FNDA:0,(anonymous_19)
FNDA:0,(anonymous_20)
FNDA:0,(anonymous_21)
FNDA:0,(anonymous_22)
FNDA:0,(anonymous_23)
FNDA:0,(anonymous_24)
FNDA:0,(anonymous_25)
FNDA:0,(anonymous_26)
FNDA:0,(anonymous_27)
FNDA:0,(anonymous_28)
FNDA:0,(anonymous_29)
FNDA:0,(anonymous_30)
FNDA:0,(anonymous_31)
FNDA:0,(anonymous_32)
FNDA:0,(anonymous_33)
FNDA:0,(anonymous_34)
FNDA:0,(anonymous_35)
FNDA:0,(anonymous_36)
FNDA:0,(anonymous_37)
FNDA:0,(anonymous_38)
FNDA:0,(anonymous_39)
FNDA:0,(anonymous_40)
FNDA:0,(anonymous_41)
FNDA:0,(anonymous_42)
FNDA:0,(anonymous_43)
FNDA:0,(anonymous_44)
FNDA:0,(anonymous_45)
FNDA:0,(anonymous_46)
FNDA:0,(anonymous_47)
FNDA:0,(anonymous_48)
FNDA:0,(anonymous_49)
FNDA:0,(anonymous_50)
FNDA:0,(anonymous_51)
FNDA:0,(anonymous_52)
FNDA:0,(anonymous_53)
FNDA:0,(anonymous_54)
FNDA:0,(anonymous_55)
DA:2,0
DA:3,0
DA:4,0
DA:5,0
DA:6,0
DA:7,0
DA:8,0
DA:10,0
DA:13,0
DA:14,0
DA:15,0
DA:16,0
DA:17,0
DA:18,0
DA:19,0
DA:20,0
DA:31,0
DA:32,0
DA:42,0
DA:43,0
DA:44,0
DA:45,0
DA:46,0
DA:47,0
DA:54,0
DA:55,0
DA:66,0
DA:67,0
DA:86,0
DA:87,0
DA:102,0
DA:103,0
DA:104,0
DA:106,0
DA:107,0
DA:108,0
DA:109,0
DA:110,0
DA:112,0
DA:113,0
DA:115,0
DA:117,0
DA:118,0
DA:119,0
DA:120,0
DA:121,0
DA:124,0
DA:125,0
DA:126,0
DA:127,0
DA:128,0
DA:129,0
DA:130,0
DA:132,0
DA:133,0
DA:134,0
DA:135,0
DA:136,0
DA:139,0
DA:142,0
DA:143,0
DA:144,0
DA:145,0
DA:146,0
DA:147,0
DA:154,0
DA:155,0
DA:156,0
DA:160,0
DA:161,0
DA:162,0
DA:163,0
DA:167,0
DA:168,0
DA:169,0
DA:170,0
DA:173,0
DA:174,0
DA:175,0
DA:176,0
DA:177,0
DA:178,0
DA:179,0
DA:180,0
DA:181,0
DA:182,0
DA:183,0
DA:186,0
DA:187,0
DA:188,0
DA:189,0
DA:190,0
DA:191,0
DA:192,0
DA:193,0
DA:196,0
DA:246,0
DA:295,0
DA:301,0
DA:304,0
DA:387,0
DA:437,0
DA:474,0
DA:480,0
DA:488,0
DA:567,0
DA:645,0
DA:646,0
DA:672,0
DA:673,0
DA:681,0
DA:746,0
DA:752,0
DA:785,0
DA:801,0
DA:818,0
DA:834,0
DA:838,0
DA:839,0
LF:119
LH:0
BRDA:134,0,0,0
BRDA:146,1,0,0
BRDA:162,2,0,0
BRDA:162,2,1,0
BRDA:163,3,0,0
BRDA:167,4,0,0
BRDA:167,5,0,0
BRDA:167,5,1,0
BRDA:175,6,0,0
BRDA:180,7,0,0
BRDA:180,7,1,0
BRDA:180,8,0,0
BRDA:180,8,1,0
BRDA:181,9,0,0
BRDA:181,9,1,0
BRDA:190,10,0,0
BRDA:190,10,1,0
BRDA:191,11,0,0
BRDA:191,11,1,0
BRDA:460,12,0,0
BRDA:460,12,1,0
BRDA:615,13,0,0
BRDA:615,13,1,0
BRDA:635,14,0,0
BRDA:635,14,1,0
BRDA:638,15,0,0
BRDA:638,15,1,0
BRDA:650,16,0,0
BRDA:650,16,1,0
BRDA:650,17,0,0
BRDA:650,17,1,0
BRDA:650,18,0,0
BRDA:650,18,1,0
BRDA:652,19,0,0
BRDA:652,19,1,0
BRDA:662,20,0,0
BRDA:662,20,1,0
BRDA:665,21,0,0
BRDA:665,21,1,0
BRDA:672,22,0,0
BRDA:672,22,1,0
BRDA:677,23,0,0
BRDA:677,23,1,0
BRDA:677,24,0,0
BRDA:677,24,1,0
BRDA:677,25,0,0
BRDA:677,25,1,0
BRDA:683,26,0,0
BRDA:683,26,1,0
BRDA:685,27,0,0
BRDA:685,27,1,0
BRDA:687,28,0,0
BRDA:687,28,1,0
BRDA:700,29,0,0
BRDA:700,29,1,0
BRDA:724,30,0,0
BRDA:724,30,1,0
BRDA:779,31,0,0
BRDA:779,31,1,0
BRDA:785,32,0,0
BRDA:785,32,1,0
BRDA:806,33,0,0
BRDA:806,33,1,0
BRDA:825,34,0,0
BRDA:825,34,1,0
BRDA:843,35,0,0
BRDA:843,35,1,0
BRDA:843,36,0,0
BRDA:843,36,1,0
BRDA:843,37,0,0
BRDA:843,37,1,0
BRDA:844,38,0,0
BRDA:844,38,1,0
BRF:73
BRH:0
end_of_record
TN:
SF:src\app\[locale]\onboarding\page.tsx
FN:19,(anonymous_10)
FN:23,(anonymous_11)
FN:41,(anonymous_12)
FN:64,(anonymous_13)
FN:69,(anonymous_14)
FN:88,(anonymous_15)
FN:107,OnboardingPage
FN:130,(anonymous_17)
FN:131,(anonymous_18)
FN:133,(anonymous_19)
FN:139,(anonymous_20)
FN:142,(anonymous_21)
FN:143,(anonymous_22)
FN:143,(anonymous_23)
FN:145,(anonymous_24)
FN:197,(anonymous_25)
FN:249,(anonymous_26)
FN:304,(anonymous_27)
FN:309,(anonymous_28)
FN:379,(anonymous_29)
FN:384,(anonymous_30)
FN:461,(anonymous_31)
FN:478,(anonymous_32)
FN:478,(anonymous_33)
FN:555,(anonymous_34)
FN:587,(anonymous_35)
FN:587,(anonymous_36)
FN:601,(anonymous_37)
FN:601,(anonymous_38)
FNF:29
FNH:0
FNDA:0,(anonymous_10)
FNDA:0,(anonymous_11)
FNDA:0,(anonymous_12)
FNDA:0,(anonymous_13)
FNDA:0,(anonymous_14)
FNDA:0,(anonymous_15)
FNDA:0,OnboardingPage
FNDA:0,(anonymous_17)
FNDA:0,(anonymous_18)
FNDA:0,(anonymous_19)
FNDA:0,(anonymous_20)
FNDA:0,(anonymous_21)
FNDA:0,(anonymous_22)
FNDA:0,(anonymous_23)
FNDA:0,(anonymous_24)
FNDA:0,(anonymous_25)
FNDA:0,(anonymous_26)
FNDA:0,(anonymous_27)
FNDA:0,(anonymous_28)
FNDA:0,(anonymous_29)
FNDA:0,(anonymous_30)
FNDA:0,(anonymous_31)
FNDA:0,(anonymous_32)
FNDA:0,(anonymous_33)
FNDA:0,(anonymous_34)
FNDA:0,(anonymous_35)
FNDA:0,(anonymous_36)
FNDA:0,(anonymous_37)
FNDA:0,(anonymous_38)
DA:3,0
DA:4,0
DA:5,0
DA:6,0
DA:7,0
DA:11,0
DA:19,0
DA:20,0
DA:21,0
DA:24,0
DA:25,0
DA:26,0
DA:27,0
DA:41,0
DA:42,0
DA:43,0
DA:44,0
DA:45,0
DA:46,0
DA:52,0
DA:53,0
DA:64,0
DA:65,0
DA:69,0
DA:88,0
DA:89,0
DA:107,0
DA:108,0
DA:109,0
DA:110,0
DA:111,0
DA:112,0
DA:118,0
DA:130,0
DA:131,0
DA:132,0
DA:133,0
DA:142,0
DA:143,0
DA:145,0
DA:146,0
DA:147,0
DA:148,0
DA:149,0
DA:152,0
DA:154,0
DA:161,0
DA:197,0
DA:250,0
DA:251,0
DA:305,0
DA:306,0
DA:309,0
DA:380,0
DA:381,0
DA:384,0
DA:462,0
DA:463,0
DA:478,0
DA:556,0
DA:587,0
DA:601,0
LF:62
LH:0
BRDA:19,0,0,0
BRDA:19,1,0,0
BRDA:64,2,0,0
BRDA:72,3,0,0
BRDA:72,3,1,0
BRDA:73,4,0,0
BRDA:73,4,1,0
BRDA:74,5,0,0
BRDA:74,5,1,0
BRDA:81,6,0,0
BRDA:81,6,1,0
BRDA:88,7,0,0
BRDA:132,8,0,0
BRDA:135,9,0,0
BRDA:135,9,1,0
BRDA:135,9,2,0
BRDA:143,10,0,0
BRDA:143,10,1,0
BRDA:155,11,0,0
BRDA:155,11,1,0
BRDA:156,12,0,0
BRDA:156,12,1,0
BRDA:157,13,0,0
BRDA:157,13,1,0
BRDA:158,14,0,0
BRDA:158,14,1,0
BRDA:256,15,0,0
BRDA:256,15,1,0
BRDA:257,16,0,0
BRDA:257,16,1,0
BRDA:275,17,0,0
BRDA:275,17,1,0
BRDA:294,18,0,0
BRDA:294,18,1,0
BRDA:297,19,0,0
BRDA:297,19,1,0
BRDA:314,20,0,0
BRDA:314,20,1,0
BRDA:315,21,0,0
BRDA:315,21,1,0
BRDA:316,22,0,0
BRDA:316,22,1,0
BRDA:320,23,0,0
BRDA:320,23,1,0
BRDA:322,24,0,0
BRDA:322,24,1,0
BRDA:327,25,0,0
BRDA:327,25,1,0
BRDA:343,26,0,0
BRDA:343,26,1,0
BRDA:356,27,0,0
BRDA:356,27,1,0
BRDA:358,28,0,0
BRDA:358,28,1,0
BRDA:370,29,0,0
BRDA:370,29,1,0
BRDA:373,30,0,0
BRDA:373,30,1,0
BRDA:389,31,0,0
BRDA:389,31,1,0
BRDA:390,32,0,0
BRDA:390,32,1,0
BRDA:391,33,0,0
BRDA:391,33,1,0
BRDA:395,34,0,0
BRDA:395,34,1,0
BRDA:400,35,0,0
BRDA:400,35,1,0
BRDA:405,36,0,0
BRDA:405,36,1,0
BRDA:410,37,0,0
BRDA:410,37,1,0
BRDA:432,38,0,0
BRDA:432,38,1,0
BRDA:445,39,0,0
BRDA:445,39,1,0
BRDA:452,40,0,0
BRDA:452,40,1,0
BRDA:455,41,0,0
BRDA:455,41,1,0
BRDA:468,42,0,0
BRDA:468,42,1,0
BRDA:469,43,0,0
BRDA:469,43,1,0
BRDA:473,44,0,0
BRDA:473,44,1,0
BRDA:474,45,0,0
BRDA:474,45,1,0
BRDA:491,46,0,0
BRDA:491,46,1,0
BRDA:525,47,0,0
BRDA:525,47,1,0
BRDA:529,48,0,0
BRDA:529,48,1,0
BRDA:536,49,0,0
BRDA:536,49,1,0
BRDA:537,50,0,0
BRDA:537,50,1,0
BRDA:542,51,0,0
BRDA:542,51,1,0
BRDA:543,52,0,0
BRDA:543,52,1,0
BRDA:544,53,0,0
BRDA:544,53,1,0
BRDA:545,54,0,0
BRDA:545,54,1,0
BRDA:550,55,0,0
BRDA:550,55,1,0
BRDA:585,56,0,0
BRDA:585,56,1,0
BRDA:594,57,0,0
BRDA:594,57,1,0
BRDA:599,58,0,0
BRDA:599,58,1,0
BRDA:613,59,0,0
BRDA:613,59,1,0
BRDA:631,60,0,0
BRDA:631,60,1,0
BRDA:644,61,0,0
BRDA:644,61,1,0
BRF:120
BRH:0
end_of_record
TN:
SF:src\app\[locale]\predictions\page.tsx
FN:26,(anonymous_10)
FN:36,(anonymous_11)
FN:40,(anonymous_12)
FN:55,(anonymous_13)
FN:128,(anonymous_14)
FN:139,(anonymous_15)
FN:198,(anonymous_16)
FN:248,PredictionsPage
FN:261,(anonymous_18)
FN:262,(anonymous_19)
FN:265,(anonymous_20)
FN:269,(anonymous_21)
FN:283,(anonymous_22)
FN:290,(anonymous_23)
FN:314,(anonymous_24)
FN:315,(anonymous_25)
FN:316,(anonymous_26)
FN:325,(anonymous_27)
FN:335,(anonymous_28)
FN:338,(anonymous_29)
FN:403,(anonymous_30)
FN:406,(anonymous_31)
FN:461,(anonymous_32)
FN:509,(anonymous_33)
FN:542,(anonymous_34)
FN:563,(anonymous_35)
FN:600,(anonymous_36)
FN:649,(anonymous_37)
FN:707,(anonymous_38)
FN:743,(anonymous_39)
FN:775,(anonymous_40)
FN:809,(anonymous_41)
FN:818,(anonymous_42)
FN:841,(anonymous_43)
FN:846,(anonymous_44)
FN:863,(anonymous_45)
FN:865,(anonymous_46)
FN:878,(anonymous_47)
FNF:38
FNH:0
FNDA:0,(anonymous_10)
FNDA:0,(anonymous_11)
FNDA:0,(anonymous_12)
FNDA:0,(anonymous_13)
FNDA:0,(anonymous_14)
FNDA:0,(anonymous_15)
FNDA:0,(anonymous_16)
FNDA:0,PredictionsPage
FNDA:0,(anonymous_18)
FNDA:0,(anonymous_19)
FNDA:0,(anonymous_20)
FNDA:0,(anonymous_21)
FNDA:0,(anonymous_22)
FNDA:0,(anonymous_23)
FNDA:0,(anonymous_24)
FNDA:0,(anonymous_25)
FNDA:0,(anonymous_26)
FNDA:0,(anonymous_27)
FNDA:0,(anonymous_28)
FNDA:0,(anonymous_29)
FNDA:0,(anonymous_30)
FNDA:0,(anonymous_31)
FNDA:0,(anonymous_32)
FNDA:0,(anonymous_33)
FNDA:0,(anonymous_34)
FNDA:0,(anonymous_35)
FNDA:0,(anonymous_36)
FNDA:0,(anonymous_37)
FNDA:0,(anonymous_38)
FNDA:0,(anonymous_39)
FNDA:0,(anonymous_40)
FNDA:0,(anonymous_41)
FNDA:0,(anonymous_42)
FNDA:0,(anonymous_43)
FNDA:0,(anonymous_44)
FNDA:0,(anonymous_45)
FNDA:0,(anonymous_46)
FNDA:0,(anonymous_47)
DA:3,0
DA:4,0
DA:5,0
DA:6,0
DA:7,0
DA:8,0
DA:13,0
DA:14,0
DA:15,0
DA:16,0
DA:26,0
DA:27,0
DA:36,0
DA:37,0
DA:38,0
DA:41,0
DA:42,0
DA:43,0
DA:55,0
DA:61,0
DA:62,0
DA:63,0
DA:64,0
DA:100,0
DA:106,0
DA:113,0
DA:119,0
DA:128,0
DA:129,0
DA:139,0
DA:140,0
DA:141,0
DA:142,0
DA:143,0
DA:145,0
DA:146,0
DA:147,0
DA:149,0
DA:199,0
DA:248,0
DA:249,0
DA:250,0
DA:251,0
DA:252,0
DA:253,0
DA:254,0
DA:255,0
DA:256,0
DA:257,0
DA:258,0
DA:259,0
DA:261,0
DA:262,0
DA:265,0
DA:266,0
DA:269,0
DA:270,0
DA:271,0
DA:272,0
DA:273,0
DA:275,0
DA:276,0
DA:277,0
DA:278,0
DA:279,0
DA:280,0
DA:281,0
DA:282,0
DA:283,0
DA:284,0
DA:289,0
DA:291,0
DA:292,0
DA:293,0
DA:294,0
DA:296,0
DA:300,0
DA:314,0
DA:315,0
DA:316,0
DA:317,0
DA:319,0
DA:320,0
DA:322,0
DA:323,0
DA:324,0
DA:325,0
DA:332,0
DA:333,0
DA:334,0
DA:336,0
DA:337,0
DA:338,0
DA:339,0
DA:340,0
DA:347,0
DA:350,0
DA:353,0
DA:355,0
DA:359,0
DA:361,0
DA:367,0
DA:374,0
DA:376,0
DA:404,0
DA:405,0
DA:406,0
DA:462,0
DA:510,0
DA:543,0
DA:563,0
DA:601,0
DA:602,0
DA:650,0
DA:651,0
DA:708,0
DA:744,0
DA:775,0
DA:809,0
DA:818,0
DA:841,0
DA:846,0
DA:864,0
DA:865,0
DA:878,0
LF:125
LH:0
BRDA:26,0,0,0
BRDA:36,1,0,0
BRDA:36,2,0,0
BRDA:56,3,0,0
BRDA:56,4,0,0
BRDA:130,5,0,0
BRDA:130,5,1,0
BRDA:133,6,0,0
BRDA:133,6,1,0
BRDA:134,7,0,0
BRDA:134,7,1,0
BRDA:134,8,0,0
BRDA:134,8,1,0
BRDA:140,9,0,0
BRDA:140,9,1,0
BRDA:143,10,0,0
BRDA:146,11,0,0
BRDA:146,11,1,0
BRDA:146,11,2,0
BRDA:146,11,3,0
BRDA:147,12,0,0
BRDA:147,12,1,0
BRDA:147,12,2,0
BRDA:147,12,3,0
BRDA:172,13,0,0
BRDA:172,13,1,0
BRDA:181,14,0,0
BRDA:181,14,1,0
BRDA:183,15,0,0
BRDA:183,15,1,0
BRDA:200,16,0,0
BRDA:200,16,1,0
BRDA:204,17,0,0
BRDA:204,17,1,0
BRDA:204,18,0,0
BRDA:204,18,1,0
BRDA:205,19,0,0
BRDA:205,19,1,0
BRDA:207,20,0,0
BRDA:207,20,1,0
BRDA:207,20,2,0
BRDA:209,21,0,0
BRDA:209,21,1,0
BRDA:209,22,0,0
BRDA:209,22,1,0
BRDA:210,23,0,0
BRDA:210,23,1,0
BRDA:232,24,0,0
BRDA:232,24,1,0
BRDA:232,24,2,0
BRDA:262,25,0,0
BRDA:266,26,0,0
BRDA:272,27,0,0
BRDA:272,27,1,0
BRDA:273,28,0,0
BRDA:275,29,0,0
BRDA:275,29,1,0
BRDA:280,30,0,0
BRDA:282,31,0,0
BRDA:282,31,1,0
BRDA:284,32,0,0
BRDA:284,32,1,0
BRDA:284,33,0,0
BRDA:284,33,1,0
BRDA:293,34,0,0
BRDA:293,34,1,0
BRDA:294,35,0,0
BRDA:294,35,1,0
BRDA:296,36,0,0
BRDA:296,36,1,0
BRDA:297,37,0,0
BRDA:297,37,1,0
BRDA:298,38,0,0
BRDA:298,38,1,0
BRDA:302,39,0,0
BRDA:302,39,1,0
BRDA:317,40,0,0
BRDA:317,40,1,0
BRDA:322,41,0,0
BRDA:322,41,1,0
BRDA:324,42,0,0
BRDA:324,42,1,0
BRDA:326,43,0,0
BRDA:326,43,1,0
BRDA:327,44,0,0
BRDA:327,44,1,0
BRDA:328,45,0,0
BRDA:328,45,1,0
BRDA:329,46,0,0
BRDA:329,46,1,0
BRDA:332,47,0,0
BRDA:343,48,0,0
BRDA:343,48,1,0
BRDA:344,49,0,0
BRDA:344,49,1,0
BRDA:345,50,0,0
BRDA:345,50,1,0
BRDA:345,51,0,0
BRDA:345,51,1,0
BRDA:359,52,0,0
BRDA:359,52,1,0
BRDA:374,53,0,0
BRDA:374,53,1,0
BRDA:409,54,0,0
BRDA:409,54,1,0
BRDA:410,55,0,0
BRDA:410,55,1,0
BRDA:414,56,0,0
BRDA:414,56,1,0
BRDA:418,57,0,0
BRDA:418,57,1,0
BRDA:418,58,0,0
BRDA:418,58,1,0
BRDA:422,59,0,0
BRDA:422,59,1,0
BRDA:422,60,0,0
BRDA:422,60,1,0
BRDA:435,61,0,0
BRDA:435,61,1,0
BRDA:447,62,0,0
BRDA:447,62,1,0
BRDA:535,63,0,0
BRDA:535,63,1,0
BRDA:577,64,0,0
BRDA:577,64,1,0
BRDA:598,65,0,0
BRDA:598,65,1,0
BRDA:641,66,0,0
BRDA:641,66,1,0
BRDA:650,67,0,0
BRDA:650,67,1,0
BRDA:657,68,0,0
BRDA:657,68,1,0
BRDA:658,69,0,0
BRDA:658,69,1,0
BRDA:659,70,0,0
BRDA:659,70,1,0
BRDA:666,71,0,0
BRDA:666,71,1,0
BRDA:668,72,0,0
BRDA:668,72,1,0
BRDA:672,73,0,0
BRDA:672,73,1,0
BRDA:682,74,0,0
BRDA:682,74,1,0
BRDA:695,75,0,0
BRDA:695,75,1,0
BRDA:727,76,0,0
BRDA:727,76,1,0
BRDA:733,77,0,0
BRDA:733,77,1,0
BRDA:754,78,0,0
BRDA:754,78,1,0
BRDA:758,79,0,0
BRDA:758,79,1,0
BRDA:837,80,0,0
BRDA:837,80,1,0
BRF:157
BRH:0
end_of_record
TN:
SF:src\app\[locale]\predictions\create-league\page.tsx
FN:23,CreateLeaguePage
FN:35,(anonymous_10)
FN:36,(anonymous_11)
FN:39,(anonymous_12)
FN:41,(anonymous_13)
FN:44,(anonymous_14)
FN:46,(anonymous_15)
FN:48,(anonymous_16)
FN:52,(anonymous_17)
FN:65,(anonymous_18)
FN:66,(anonymous_19)
FN:71,(anonymous_20)
FN:168,(anonymous_21)
FN:182,(anonymous_22)
FN:190,(anonymous_23)
FN:347,(anonymous_24)
FNF:16
FNH:0
FNDA:0,CreateLeaguePage
FNDA:0,(anonymous_10)
FNDA:0,(anonymous_11)
FNDA:0,(anonymous_12)
FNDA:0,(anonymous_13)
FNDA:0,(anonymous_14)
FNDA:0,(anonymous_15)
FNDA:0,(anonymous_16)
FNDA:0,(anonymous_17)
FNDA:0,(anonymous_18)
FNDA:0,(anonymous_19)
FNDA:0,(anonymous_20)
FNDA:0,(anonymous_21)
FNDA:0,(anonymous_22)
FNDA:0,(anonymous_23)
FNDA:0,(anonymous_24)
DA:3,0
DA:4,0
DA:5,0
DA:6,0
DA:7,0
DA:8,0
DA:9,0
DA:10,0
DA:16,0
DA:23,0
DA:24,0
DA:25,0
DA:27,0
DA:28,0
DA:29,0
DA:30,0
DA:31,0
DA:32,0
DA:33,0
DA:35,0
DA:36,0
DA:39,0
DA:40,0
DA:41,0
DA:44,0
DA:45,0
DA:46,0
DA:47,0
DA:48,0
DA:52,0
DA:53,0
DA:54,0
DA:55,0
DA:56,0
DA:57,0
DA:58,0
DA:59,0
DA:61,0
DA:62,0
DA:65,0
DA:67,0
DA:68,0
DA:69,0
DA:72,0
DA:73,0
DA:74,0
DA:79,0
DA:80,0
DA:169,0
DA:182,0
DA:190,0
DA:212,0
DA:347,0
LF:53
LH:0
BRDA:36,0,0,0
BRDA:41,1,0,0
BRDA:41,1,1,0
BRDA:45,2,0,0
BRDA:55,3,0,0
BRDA:56,4,0,0
BRDA:61,5,0,0
BRDA:61,5,1,0
BRDA:79,6,0,0
BRDA:136,7,0,0
BRDA:136,7,1,0
BRDA:137,8,0,0
BRDA:137,8,1,0
BRDA:141,9,0,0
BRDA:141,9,1,0
BRDA:143,10,0,0
BRDA:143,10,1,0
BRDA:143,11,0,0
BRDA:143,11,1,0
BRDA:147,12,0,0
BRDA:147,12,1,0
BRDA:148,13,0,0
BRDA:148,13,1,0
BRDA:152,14,0,0
BRDA:152,14,1,0
BRDA:153,15,0,0
BRDA:153,15,1,0
BRDA:288,16,0,0
BRDA:288,16,1,0
BRDA:303,17,0,0
BRDA:303,17,1,0
BRDA:319,18,0,0
BRDA:319,18,1,0
BRDA:336,19,0,0
BRDA:336,19,1,0
BRDA:366,20,0,0
BRDA:366,20,1,0
BRF:37
BRH:0
end_of_record
TN:
SF:src\app\[locale]\predictions\join-league\page.tsx
FN:14,JoinLeaguePage
FN:23,(anonymous_10)
FN:31,(anonymous_11)
FN:126,(anonymous_12)
FN:137,(anonymous_13)
FN:138,(anonymous_14)
FN:162,(anonymous_15)
FNF:7
FNH:0
FNDA:0,JoinLeaguePage
FNDA:0,(anonymous_10)
FNDA:0,(anonymous_11)
FNDA:0,(anonymous_12)
FNDA:0,(anonymous_13)
FNDA:0,(anonymous_14)
FNDA:0,(anonymous_15)
DA:3,0
DA:4,0
DA:5,0
DA:6,0
DA:7,0
DA:8,0
DA:9,0
DA:14,0
DA:15,0
DA:16,0
DA:18,0
DA:19,0
DA:20,0
DA:21,0
DA:23,0
DA:24,0
DA:25,0
DA:26,0
DA:27,0
DA:28,0
DA:29,0
DA:30,0
DA:31,0
DA:33,0
DA:34,0
DA:37,0
DA:126,0
DA:137,0
DA:138,0
DA:162,0
LF:30
LH:0
BRDA:27,0,0,0
BRDA:28,1,0,0
BRDA:33,2,0,0
BRDA:33,2,1,0
BRDA:143,3,0,0
BRDA:143,3,1,0
BRDA:150,4,0,0
BRDA:150,4,1,0
BRDA:171,5,0,0
BRDA:171,5,1,0
BRDA:177,6,0,0
BRDA:177,6,1,0
BRF:12
BRH:0
end_of_record
TN:
SF:src\app\[locale]\predictions\leagues\[id]\page.tsx
FN:15,(anonymous_9)
FN:35,LeagueDetailPage
FN:51,(anonymous_11)
FN:53,(anonymous_12)
FN:55,(anonymous_13)
FN:59,(anonymous_14)
FN:61,(anonymous_15)
FN:74,(anonymous_16)
FN:90,(anonymous_17)
FN:103,(anonymous_18)
FN:135,(anonymous_19)
FN:144,(anonymous_20)
FN:146,(anonymous_21)
FN:147,(anonymous_22)
FN:216,(anonymous_23)
FN:301,(anonymous_24)
FN:375,(anonymous_25)
FN:380,(anonymous_26)
FN:433,(anonymous_27)
FNF:19
FNH:0
FNDA:0,(anonymous_9)
FNDA:0,LeagueDetailPage
FNDA:0,(anonymous_11)
FNDA:0,(anonymous_12)
FNDA:0,(anonymous_13)
FNDA:0,(anonymous_14)
FNDA:0,(anonymous_15)
FNDA:0,(anonymous_16)
FNDA:0,(anonymous_17)
FNDA:0,(anonymous_18)
FNDA:0,(anonymous_19)
FNDA:0,(anonymous_20)
FNDA:0,(anonymous_21)
FNDA:0,(anonymous_22)
FNDA:0,(anonymous_23)
FNDA:0,(anonymous_24)
FNDA:0,(anonymous_25)
FNDA:0,(anonymous_26)
FNDA:0,(anonymous_27)
DA:3,0
DA:4,0
DA:5,0
DA:6,0
DA:7,0
DA:8,0
DA:9,0
DA:15,0
DA:18,0
DA:19,0
DA:32,0
DA:33,0
DA:35,0
DA:36,0
DA:37,0
DA:38,0
DA:39,0
DA:40,0
DA:42,0
DA:43,0
DA:44,0
DA:45,0
DA:46,0
DA:47,0
DA:48,0
DA:49,0
DA:51,0
DA:52,0
DA:53,0
DA:54,0
DA:55,0
DA:59,0
DA:61,0
DA:62,0
DA:63,0
DA:64,0
DA:65,0
DA:66,0
DA:67,0
DA:68,0
DA:69,0
DA:70,0
DA:71,0
DA:74,0
DA:75,0
DA:76,0
DA:77,0
DA:78,0
DA:80,0
DA:81,0
DA:82,0
DA:83,0
DA:84,0
DA:86,0
DA:87,0
DA:90,0
DA:91,0
DA:92,0
DA:93,0
DA:94,0
DA:95,0
DA:96,0
DA:97,0
DA:99,0
DA:100,0
DA:103,0
DA:104,0
DA:105,0
DA:106,0
DA:107,0
DA:108,0
DA:109,0
DA:111,0
DA:112,0
DA:116,0
DA:117,0
DA:129,0
DA:130,0
DA:135,0
DA:144,0
DA:145,0
DA:146,0
DA:147,0
DA:149,0
DA:155,0
DA:217,0
DA:302,0
DA:303,0
DA:304,0
DA:375,0
DA:381,0
DA:433,0
LF:92
LH:0
BRDA:15,0,0,0
BRDA:15,1,0,0
BRDA:40,2,0,0
BRDA:40,2,1,0
BRDA:52,3,0,0
BRDA:76,4,0,0
BRDA:80,5,0,0
BRDA:86,6,0,0
BRDA:86,6,1,0
BRDA:92,7,0,0
BRDA:99,8,0,0
BRDA:99,8,1,0
BRDA:105,9,0,0
BRDA:111,10,0,0
BRDA:111,10,1,0
BRDA:116,11,0,0
BRDA:129,12,0,0
BRDA:147,13,0,0
BRDA:147,13,1,0
BRDA:151,14,0,0
BRDA:151,14,1,0
BRDA:152,15,0,0
BRDA:152,15,1,0
BRDA:204,16,0,0
BRDA:204,16,1,0
BRDA:233,17,0,0
BRDA:233,17,1,0
BRDA:234,18,0,0
BRDA:234,18,1,0
BRDA:238,19,0,0
BRDA:238,19,1,0
BRDA:241,20,0,0
BRDA:241,20,1,0
BRDA:245,21,0,0
BRDA:245,21,1,0
BRDA:250,22,0,0
BRDA:250,22,1,0
BRDA:251,23,0,0
BRDA:251,23,1,0
BRDA:255,24,0,0
BRDA:255,24,1,0
BRDA:256,25,0,0
BRDA:256,25,1,0
BRDA:288,26,0,0
BRDA:288,26,1,0
BRDA:303,27,0,0
BRDA:303,27,1,0
BRDA:303,28,0,0
BRDA:303,28,1,0
BRDA:312,29,0,0
BRDA:312,29,1,0
BRDA:312,30,0,0
BRDA:312,30,1,0
BRDA:313,31,0,0
BRDA:313,31,1,0
BRDA:316,32,0,0
BRDA:316,32,1,0
BRDA:320,33,0,0
BRDA:320,33,1,0
BRDA:324,34,0,0
BRDA:324,34,1,0
BRDA:325,35,0,0
BRDA:325,35,1,0
BRDA:326,36,0,0
BRDA:326,36,1,0
BRDA:327,37,0,0
BRDA:327,37,1,0
BRDA:348,38,0,0
BRDA:348,38,1,0
BRDA:370,39,0,0
BRDA:370,39,1,0
BRDA:382,40,0,0
BRDA:382,40,1,0
BRDA:388,41,0,0
BRDA:388,41,1,0
BRDA:394,42,0,0
BRDA:394,42,1,0
BRDA:408,43,0,0
BRDA:408,43,1,0
BRDA:418,44,0,0
BRDA:418,44,1,0
BRDA:442,45,0,0
BRDA:442,45,1,0
BRDA:443,46,0,0
BRDA:443,46,1,0
BRDA:444,47,0,0
BRDA:444,47,1,0
BRDA:447,48,0,0
BRDA:447,48,1,0
BRDA:448,49,0,0
BRDA:448,49,1,0
BRDA:449,50,0,0
BRDA:449,50,1,0
BRDA:450,51,0,0
BRDA:450,51,1,0
BRDA:454,52,0,0
BRDA:454,52,1,0
BRDA:454,53,0,0
BRDA:454,53,1,0
BRF:99
BRH:0
end_of_record
TN:
SF:src\app\[locale]\privacy\page.tsx
FN:6,PrivacyPage
FN:9,(anonymous_1)
FN:11,(anonymous_2)
FN:28,(anonymous_3)
FN:31,(anonymous_4)
FN:32,(anonymous_5)
FN:86,(anonymous_6)
FN:107,(anonymous_7)
FN:151,(anonymous_8)
FNF:9
FNH:0
FNDA:0,PrivacyPage
FNDA:0,(anonymous_1)
FNDA:0,(anonymous_2)
FNDA:0,(anonymous_3)
FNDA:0,(anonymous_4)
FNDA:0,(anonymous_5)
FNDA:0,(anonymous_6)
FNDA:0,(anonymous_7)
FNDA:0,(anonymous_8)
DA:3,0
DA:4,0
DA:6,0
DA:7,0
DA:9,0
DA:10,0
DA:11,0
DA:14,0
DA:28,0
DA:31,0
DA:32,0
DA:87,0
DA:108,0
DA:152,0
LF:14
LH:0
BRF:0
BRH:0
end_of_record
TN:
SF:src\app\[locale]\profile\page.tsx
FN:23,(anonymous_9)
FN:27,(anonymous_10)
FN:45,(anonymous_11)
FN:68,(anonymous_12)
FN:89,(anonymous_13)
FN:111,(anonymous_14)
FN:118,(anonymous_15)
FN:150,(anonymous_16)
FN:151,(anonymous_17)
FN:152,(anonymous_18)
FN:179,(anonymous_19)
FN:186,(anonymous_20)
FN:206,(anonymous_21)
FN:237,(anonymous_22)
FN:262,ProfilePage
FN:271,(anonymous_24)
FN:304,(anonymous_25)
FN:313,(anonymous_26)
FN:322,(anonymous_27)
FN:350,(anonymous_28)
FN:357,(anonymous_29)
FN:371,(anonymous_30)
FN:379,(anonymous_31)
FN:384,(anonymous_32)
FN:390,(anonymous_33)
FN:407,(anonymous_34)
FN:412,(anonymous_35)
FN:418,(anonymous_36)
FN:427,(anonymous_37)
FN:433,(anonymous_38)
FN:488,(anonymous_39)
FN:513,(anonymous_40)
FN:516,(anonymous_41)
FN:627,(anonymous_42)
FN:692,(anonymous_43)
FN:721,(anonymous_44)
FN:722,(anonymous_45)
FN:767,(anonymous_46)
FN:783,(anonymous_47)
FN:783,(anonymous_48)
FN:783,(anonymous_49)
FN:795,(anonymous_50)
FN:795,(anonymous_51)
FN:810,(anonymous_52)
FN:810,(anonymous_53)
FN:811,(anonymous_54)
FN:816,(anonymous_55)
FN:817,(anonymous_56)
FN:818,(anonymous_57)
FN:876,(anonymous_58)
FN:883,(anonymous_59)
FN:932,(anonymous_60)
FN:949,(anonymous_61)
FN:949,(anonymous_62)
FN:1005,(anonymous_63)
FN:1015,(anonymous_64)
FN:1049,(anonymous_65)
FN:1081,(anonymous_66)
FN:1091,(anonymous_67)
FN:1112,(anonymous_68)
FN:1112,(anonymous_69)
FN:1124,(anonymous_70)
FN:1124,(anonymous_71)
FN:1136,(anonymous_72)
FN:1136,(anonymous_73)
FN:1142,(anonymous_74)
FN:1174,(anonymous_75)
FN:1190,(anonymous_76)
FNF:68
FNH:0
FNDA:0,(anonymous_9)
FNDA:0,(anonymous_10)
FNDA:0,(anonymous_11)
FNDA:0,(anonymous_12)
FNDA:0,(anonymous_13)
FNDA:0,(anonymous_14)
FNDA:0,(anonymous_15)
FNDA:0,(anonymous_16)
FNDA:0,(anonymous_17)
FNDA:0,(anonymous_18)
FNDA:0,(anonymous_19)
FNDA:0,(anonymous_20)
FNDA:0,(anonymous_21)
FNDA:0,(anonymous_22)
FNDA:0,ProfilePage
FNDA:0,(anonymous_24)
FNDA:0,(anonymous_25)
FNDA:0,(anonymous_26)
FNDA:0,(anonymous_27)
FNDA:0,(anonymous_28)
FNDA:0,(anonymous_29)
FNDA:0,(anonymous_30)
FNDA:0,(anonymous_31)
FNDA:0,(anonymous_32)
FNDA:0,(anonymous_33)
FNDA:0,(anonymous_34)
FNDA:0,(anonymous_35)
FNDA:0,(anonymous_36)
FNDA:0,(anonymous_37)
FNDA:0,(anonymous_38)
FNDA:0,(anonymous_39)
FNDA:0,(anonymous_40)
FNDA:0,(anonymous_41)
FNDA:0,(anonymous_42)
FNDA:0,(anonymous_43)
FNDA:0,(anonymous_44)
FNDA:0,(anonymous_45)
FNDA:0,(anonymous_46)
FNDA:0,(anonymous_47)
FNDA:0,(anonymous_48)
FNDA:0,(anonymous_49)
FNDA:0,(anonymous_50)
FNDA:0,(anonymous_51)
FNDA:0,(anonymous_52)
FNDA:0,(anonymous_53)
FNDA:0,(anonymous_54)
FNDA:0,(anonymous_55)
FNDA:0,(anonymous_56)
FNDA:0,(anonymous_57)
FNDA:0,(anonymous_58)
FNDA:0,(anonymous_59)
FNDA:0,(anonymous_60)
FNDA:0,(anonymous_61)
FNDA:0,(anonymous_62)
FNDA:0,(anonymous_63)
FNDA:0,(anonymous_64)
FNDA:0,(anonymous_65)
FNDA:0,(anonymous_66)
FNDA:0,(anonymous_67)
FNDA:0,(anonymous_68)
FNDA:0,(anonymous_69)
FNDA:0,(anonymous_70)
FNDA:0,(anonymous_71)
FNDA:0,(anonymous_72)
FNDA:0,(anonymous_73)
FNDA:0,(anonymous_74)
FNDA:0,(anonymous_75)
FNDA:0,(anonymous_76)
DA:3,0
DA:4,0
DA:5,0
DA:6,0
DA:7,0
DA:14,0
DA:15,0
DA:16,0
DA:17,0
DA:23,0
DA:24,0
DA:25,0
DA:28,0
DA:29,0
DA:30,0
DA:31,0
DA:45,0
DA:48,0
DA:49,0
DA:50,0
DA:51,0
DA:52,0
DA:68,0
DA:69,0
DA:70,0
DA:89,0
DA:90,0
DA:91,0
DA:92,0
DA:93,0
DA:94,0
DA:100,0
DA:101,0
DA:111,0
DA:112,0
DA:118,0
DA:128,0
DA:129,0
DA:130,0
DA:150,0
DA:151,0
DA:152,0
DA:179,0
DA:182,0
DA:186,0
DA:206,0
DA:209,0
DA:237,0
DA:238,0
DA:262,0
DA:263,0
DA:264,0
DA:265,0
DA:266,0
DA:268,0
DA:269,0
DA:270,0
DA:271,0
DA:273,0
DA:274,0
DA:280,0
DA:282,0
DA:283,0
DA:284,0
DA:285,0
DA:287,0
DA:288,0
DA:289,0
DA:290,0
DA:291,0
DA:293,0
DA:294,0
DA:295,0
DA:296,0
DA:297,0
DA:298,0
DA:299,0
DA:300,0
DA:301,0
DA:304,0
DA:305,0
DA:306,0
DA:307,0
DA:309,0
DA:313,0
DA:314,0
DA:315,0
DA:316,0
DA:322,0
DA:323,0
DA:324,0
DA:325,0
DA:326,0
DA:327,0
DA:331,0
DA:332,0
DA:333,0
DA:334,0
DA:335,0
DA:336,0
DA:337,0
DA:339,0
DA:342,0
DA:344,0
DA:350,0
DA:351,0
DA:352,0
DA:353,0
DA:354,0
DA:357,0
DA:358,0
DA:359,0
DA:360,0
DA:361,0
DA:362,0
DA:363,0
DA:364,0
DA:369,0
DA:370,0
DA:371,0
DA:372,0
DA:373,0
DA:374,0
DA:375,0
DA:376,0
DA:378,0
DA:379,0
DA:380,0
DA:381,0
DA:384,0
DA:385,0
DA:386,0
DA:387,0
DA:390,0
DA:391,0
DA:392,0
DA:393,0
DA:394,0
DA:395,0
DA:396,0
DA:397,0
DA:398,0
DA:403,0
DA:404,0
DA:405,0
DA:406,0
DA:407,0
DA:408,0
DA:409,0
DA:412,0
DA:413,0
DA:414,0
DA:415,0
DA:418,0
DA:419,0
DA:420,0
DA:421,0
DA:422,0
DA:423,0
DA:424,0
DA:427,0
DA:428,0
DA:429,0
DA:430,0
DA:431,0
DA:432,0
DA:433,0
DA:436,0
DA:438,0
DA:441,0
DA:452,0
DA:458,0
DA:488,0
DA:514,0
DA:516,0
DA:628,0
DA:693,0
DA:721,0
DA:723,0
DA:768,0
DA:783,0
DA:795,0
DA:810,0
DA:812,0
DA:817,0
DA:818,0
DA:877,0
DA:878,0
DA:879,0
DA:880,0
DA:883,0
DA:933,0
DA:934,0
DA:949,0
DA:1005,0
DA:1015,0
DA:1049,0
DA:1081,0
DA:1091,0
DA:1112,0
DA:1124,0
DA:1136,0
DA:1142,0
DA:1174,0
DA:1190,0
LF:205
LH:0
BRDA:23,0,0,0
BRDA:23,1,0,0
BRDA:46,2,0,0
BRDA:46,3,0,0
BRDA:46,4,0,0
BRDA:46,5,0,0
BRDA:68,6,0,0
BRDA:68,7,0,0
BRDA:111,8,0,0
BRDA:119,9,0,0
BRDA:120,10,0,0
BRDA:129,11,0,0
BRDA:129,11,1,0
BRDA:129,12,0,0
BRDA:129,12,1,0
BRDA:142,13,0,0
BRDA:142,13,1,0
BRDA:158,14,0,0
BRDA:158,14,1,0
BRDA:159,15,0,0
BRDA:159,15,1,0
BRDA:163,16,0,0
BRDA:163,16,1,0
BRDA:163,16,2,0
BRDA:171,17,0,0
BRDA:171,17,1,0
BRDA:180,18,0,0
BRDA:189,19,0,0
BRDA:189,19,1,0
BRDA:192,20,0,0
BRDA:192,20,1,0
BRDA:193,21,0,0
BRDA:193,21,1,0
BRDA:200,22,0,0
BRDA:200,22,1,0
BRDA:207,23,0,0
BRDA:244,24,0,0
BRDA:244,24,1,0
BRDA:249,25,0,0
BRDA:249,25,1,0
BRDA:253,26,0,0
BRDA:253,26,1,0
BRDA:271,27,0,0
BRDA:271,27,1,0
BRDA:271,28,0,0
BRDA:271,28,1,0
BRDA:306,29,0,0
BRDA:306,29,1,0
BRDA:309,30,0,0
BRDA:309,30,1,0
BRDA:314,31,0,0
BRDA:314,32,0,0
BRDA:314,32,1,0
BRDA:315,33,0,0
BRDA:325,34,0,0
BRDA:325,34,1,0
BRDA:331,35,0,0
BRDA:331,35,1,0
BRDA:331,36,0,0
BRDA:331,36,1,0
BRDA:333,37,0,0
BRDA:335,38,0,0
BRDA:335,38,1,0
BRDA:336,39,0,0
BRDA:336,39,1,0
BRDA:337,40,0,0
BRDA:337,40,1,0
BRDA:351,41,0,0
BRDA:351,41,1,0
BRDA:352,42,0,0
BRDA:352,42,1,0
BRDA:359,43,0,0
BRDA:360,44,0,0
BRDA:360,45,0,0
BRDA:360,45,1,0
BRDA:363,46,0,0
BRDA:363,46,1,0
BRDA:370,47,0,0
BRDA:370,48,0,0
BRDA:370,48,1,0
BRDA:373,49,0,0
BRDA:392,50,0,0
BRDA:393,51,0,0
BRDA:394,52,0,0
BRDA:397,53,0,0
BRDA:397,53,1,0
BRDA:404,54,0,0
BRDA:404,55,0,0
BRDA:404,55,1,0
BRDA:436,56,0,0
BRDA:436,57,0,0
BRDA:436,57,1,0
BRDA:438,58,0,0
BRDA:438,58,1,0
BRDA:518,59,0,0
BRDA:518,59,1,0
BRDA:520,60,0,0
BRDA:520,60,1,0
BRDA:542,61,0,0
BRDA:542,61,1,0
BRDA:626,62,0,0
BRDA:626,62,1,0
BRDA:690,63,0,0
BRDA:690,63,1,0
BRDA:744,64,0,0
BRDA:744,64,1,0
BRDA:753,65,0,0
BRDA:753,65,1,0
BRDA:795,66,0,0
BRDA:795,66,1,0
BRDA:817,67,0,0
BRDA:843,68,0,0
BRDA:843,68,1,0
BRDA:843,68,2,0
BRDA:853,69,0,0
BRDA:853,69,1,0
BRDA:888,70,0,0
BRDA:888,70,1,0
BRDA:889,71,0,0
BRDA:889,71,1,0
BRDA:890,72,0,0
BRDA:890,72,1,0
BRDA:896,73,0,0
BRDA:896,73,1,0
BRDA:901,74,0,0
BRDA:901,74,1,0
BRDA:939,75,0,0
BRDA:939,75,1,0
BRDA:940,76,0,0
BRDA:940,76,1,0
BRDA:944,77,0,0
BRDA:944,77,1,0
BRDA:945,78,0,0
BRDA:945,78,1,0
BRDA:973,79,0,0
BRDA:973,79,1,0
BRDA:1004,80,0,0
BRDA:1004,80,1,0
BRDA:1021,81,0,0
BRDA:1021,81,1,0
BRDA:1022,82,0,0
BRDA:1022,82,1,0
BRDA:1065,83,0,0
BRDA:1065,83,1,0
BRDA:1080,84,0,0
BRDA:1080,84,1,0
BRDA:1097,85,0,0
BRDA:1097,85,1,0
BRDA:1098,86,0,0
BRDA:1098,86,1,0
BRDA:1158,87,0,0
BRDA:1158,87,1,0
BRDA:1173,88,0,0
BRDA:1173,88,1,0
BRF:154
BRH:0
end_of_record
TN:
SF:src\app\[locale]\register\page.tsx
FN:10,(anonymous_10)
FN:42,RegisterPage
FN:59,(anonymous_12)
FN:61,(anonymous_13)
FN:64,(anonymous_14)
FN:68,(anonymous_15)
FN:69,(anonymous_16)
FN:73,(anonymous_17)
FN:103,(anonymous_18)
FN:186,(anonymous_19)
FN:303,(anonymous_20)
FN:319,(anonymous_21)
FN:320,(anonymous_22)
FN:338,(anonymous_23)
FN:354,(anonymous_24)
FN:355,(anonymous_25)
FN:420,(anonymous_26)
FNF:17
FNH:0
FNDA:0,(anonymous_10)
FNDA:0,RegisterPage
FNDA:0,(anonymous_12)
FNDA:0,(anonymous_13)
FNDA:0,(anonymous_14)
FNDA:0,(anonymous_15)
FNDA:0,(anonymous_16)
FNDA:0,(anonymous_17)
FNDA:0,(anonymous_18)
FNDA:0,(anonymous_19)
FNDA:0,(anonymous_20)
FNDA:0,(anonymous_21)
FNDA:0,(anonymous_22)
FNDA:0,(anonymous_23)
FNDA:0,(anonymous_24)
FNDA:0,(anonymous_25)
FNDA:0,(anonymous_26)
DA:3,0
DA:4,0
DA:5,0
DA:6,0
DA:7,0
DA:10,0
DA:11,0
DA:12,0
DA:13,0
DA:14,0
DA:15,0
DA:20,0
DA:21,0
DA:31,0
DA:42,0
DA:43,0
DA:44,0
DA:46,0
DA:54,0
DA:55,0
DA:56,0
DA:57,0
DA:59,0
DA:60,0
DA:61,0
DA:64,0
DA:65,0
DA:68,0
DA:69,0
DA:70,0
DA:73,0
DA:74,0
DA:75,0
DA:77,0
DA:78,0
DA:79,0
DA:81,0
DA:82,0
DA:83,0
DA:85,0
DA:86,0
DA:87,0
DA:90,0
DA:91,0
DA:93,0
DA:101,0
DA:102,0
DA:103,0
DA:105,0
DA:106,0
DA:110,0
DA:179,0
DA:186,0
DA:304,0
DA:319,0
DA:320,0
DA:339,0
DA:354,0
DA:355,0
DA:420,0
LF:60
LH:0
BRDA:65,0,0,0
BRDA:65,1,0,0
BRDA:65,1,1,0
BRDA:70,2,0,0
BRDA:75,3,0,0
BRDA:77,4,0,0
BRDA:81,5,0,0
BRDA:85,6,0,0
BRDA:101,7,0,0
BRDA:101,7,1,0
BRDA:105,8,0,0
BRDA:105,8,1,0
BRDA:267,9,0,0
BRDA:267,9,1,0
BRDA:283,10,0,0
BRDA:283,10,1,0
BRDA:306,11,0,0
BRDA:306,11,1,0
BRDA:311,12,0,0
BRDA:311,12,1,0
BRDA:326,13,0,0
BRDA:326,13,1,0
BRDA:327,14,0,0
BRDA:327,14,1,0
BRDA:329,15,0,0
BRDA:329,15,1,0
BRDA:341,16,0,0
BRDA:341,16,1,0
BRDA:346,17,0,0
BRDA:346,17,1,0
BRDA:358,18,0,0
BRDA:358,18,1,0
BRDA:361,19,0,0
BRDA:361,19,1,0
BRDA:362,20,0,0
BRDA:362,20,1,0
BRDA:364,21,0,0
BRDA:364,21,1,0
BRDA:374,22,0,0
BRDA:374,22,1,0
BRDA:377,23,0,0
BRDA:377,23,1,0
BRDA:377,24,0,0
BRDA:377,24,1,0
BRDA:382,25,0,0
BRDA:382,25,1,0
BRDA:382,26,0,0
BRDA:382,26,1,0
BRDA:383,27,0,0
BRDA:383,27,1,0
BRDA:383,28,0,0
BRDA:383,28,1,0
BRDA:386,29,0,0
BRDA:386,29,1,0
BRDA:386,30,0,0
BRDA:386,30,1,0
BRDA:387,31,0,0
BRDA:387,31,1,0
BRDA:387,32,0,0
BRDA:387,32,1,0
BRDA:390,33,0,0
BRDA:390,33,1,0
BRDA:390,33,2,0
BRDA:398,34,0,0
BRDA:398,34,1,0
BRDA:407,35,0,0
BRDA:407,35,1,0
BRF:67
BRH:0
end_of_record
TN:
SF:src\app\[locale]\terms\page.tsx
FN:6,TermsPage
FN:9,(anonymous_1)
FN:11,(anonymous_2)
FN:28,(anonymous_3)
FN:31,(anonymous_4)
FN:32,(anonymous_5)
FN:97,(anonymous_6)
FN:116,(anonymous_7)
FNF:8
FNH:0
FNDA:0,TermsPage
FNDA:0,(anonymous_1)
FNDA:0,(anonymous_2)
FNDA:0,(anonymous_3)
FNDA:0,(anonymous_4)
FNDA:0,(anonymous_5)
FNDA:0,(anonymous_6)
FNDA:0,(anonymous_7)
DA:3,0
DA:4,0
DA:6,0
DA:7,0
DA:9,0
DA:10,0
DA:11,0
DA:14,0
DA:28,0
DA:31,0
DA:32,0
DA:98,0
DA:117,0
LF:13
LH:0
BRF:0
BRH:0
end_of_record
TN:
SF:src\app\api\v1\auth\login\route.ts
FN:3,POST
FNF:1
FNH:0
FNDA:0,POST
DA:1,0
DA:3,0
DA:4,0
DA:5,0
DA:6,0
DA:7,0
DA:9,0
DA:10,0
DA:17,0
DA:25,0
DA:27,0
DA:28,0
DA:34,0
DA:41,0
DA:42,0
LF:15
LH:0
BRDA:6,0,0,0
BRDA:6,0,1,0
BRDA:7,1,0,0
BRDA:7,1,1,0
BRDA:9,2,0,0
BRDA:9,3,0,0
BRDA:9,3,1,0
BRDA:27,4,0,0
BRDA:30,5,0,0
BRDA:30,5,1,0
BRF:10
BRH:0
end_of_record
TN:
SF:src\components\AppShell.tsx
FN:9,AppShell
FN:14,(anonymous_1)
FNF:2
FNH:0
FNDA:0,AppShell
FNDA:0,(anonymous_1)
DA:3,0
DA:4,0
DA:5,0
DA:7,0
DA:9,0
DA:10,0
DA:11,0
DA:12,0
DA:14,0
DA:16,0
DA:17,0
DA:19,0
LF:12
LH:0
BRDA:17,0,0,0
BRDA:17,0,1,0
BRDA:17,1,0,0
BRDA:17,1,1,0
BRDA:17,2,0,0
BRDA:17,2,1,0
BRDA:26,3,0,0
BRDA:26,3,1,0
BRF:8
BRH:0
end_of_record
TN:
SF:src\components\BracketChampions.tsx
FN:8,(anonymous_10)
FN:11,(anonymous_11)
FN:12,(anonymous_12)
FN:14,(anonymous_13)
FN:76,(anonymous_14)
FN:101,(anonymous_15)
FN:162,(anonymous_16)
FN:218,(anonymous_17)
FN:222,(anonymous_18)
FN:225,(anonymous_19)
FN:232,(anonymous_20)
FN:233,(anonymous_21)
FN:234,(anonymous_22)
FN:236,(anonymous_23)
FN:279,(anonymous_24)
FN:282,(anonymous_25)
FN:296,(anonymous_26)
FN:315,(anonymous_27)
FN:350,(anonymous_28)
FN:379,(anonymous_29)
FN:381,(anonymous_30)
FN:395,(anonymous_31)
FN:397,(anonymous_32)
FN:410,(anonymous_33)
FN:428,(anonymous_34)
FN:438,(anonymous_35)
FN:440,(anonymous_36)
FN:454,(anonymous_37)
FN:456,(anonymous_38)
FNF:29
FNH:0
FNDA:0,(anonymous_10)
FNDA:0,(anonymous_11)
FNDA:0,(anonymous_12)
FNDA:0,(anonymous_13)
FNDA:0,(anonymous_14)
FNDA:0,(anonymous_15)
FNDA:0,(anonymous_16)
FNDA:0,(anonymous_17)
FNDA:0,(anonymous_18)
FNDA:0,(anonymous_19)
FNDA:0,(anonymous_20)
FNDA:0,(anonymous_21)
FNDA:0,(anonymous_22)
FNDA:0,(anonymous_23)
FNDA:0,(anonymous_24)
FNDA:0,(anonymous_25)
FNDA:0,(anonymous_26)
FNDA:0,(anonymous_27)
FNDA:0,(anonymous_28)
FNDA:0,(anonymous_29)
FNDA:0,(anonymous_30)
FNDA:0,(anonymous_31)
FNDA:0,(anonymous_32)
FNDA:0,(anonymous_33)
FNDA:0,(anonymous_34)
FNDA:0,(anonymous_35)
FNDA:0,(anonymous_36)
FNDA:0,(anonymous_37)
FNDA:0,(anonymous_38)
DA:3,0
DA:4,0
DA:5,0
DA:8,0
DA:9,0
DA:11,0
DA:12,0
DA:13,0
DA:14,0
DA:17,0
DA:76,0
DA:77,0
DA:101,0
DA:106,0
DA:107,0
DA:108,0
DA:109,0
DA:110,0
DA:112,0
DA:113,0
DA:121,0
DA:162,0
DA:167,0
DA:168,0
DA:169,0
DA:170,0
DA:172,0
DA:209,0
DA:219,0
DA:220,0
DA:222,0
DA:223,0
DA:225,0
DA:226,0
DA:227,0
DA:229,0
DA:230,0
DA:232,0
DA:233,0
DA:234,0
DA:236,0
DA:237,0
DA:238,0
DA:242,0
DA:243,0
DA:244,0
DA:245,0
DA:246,0
DA:247,0
DA:248,0
DA:250,0
DA:251,0
DA:254,0
DA:255,0
DA:256,0
DA:259,0
DA:260,0
DA:261,0
DA:262,0
DA:263,0
DA:264,0
DA:265,0
DA:267,0
DA:268,0
DA:271,0
DA:273,0
DA:276,0
DA:279,0
DA:282,0
DA:283,0
DA:284,0
DA:285,0
DA:286,0
DA:289,0
DA:292,0
DA:293,0
DA:295,0
DA:296,0
DA:297,0
DA:298,0
DA:299,0
DA:300,0
DA:304,0
DA:316,0
DA:317,0
DA:318,0
DA:319,0
DA:347,0
DA:350,0
DA:351,0
DA:352,0
DA:353,0
DA:354,0
DA:355,0
DA:356,0
DA:357,0
DA:358,0
DA:360,0
DA:380,0
DA:381,0
DA:396,0
DA:397,0
DA:410,0
DA:428,0
DA:439,0
DA:440,0
DA:455,0
DA:456,0
LF:108
LH:0
BRDA:8,0,0,0
BRDA:18,1,0,0
BRDA:18,1,1,0
BRDA:76,2,0,0
BRDA:80,3,0,0
BRDA:80,3,1,0
BRDA:81,4,0,0
BRDA:81,4,1,0
BRDA:82,5,0,0
BRDA:82,5,1,0
BRDA:85,6,0,0
BRDA:85,6,1,0
BRDA:87,7,0,0
BRDA:87,7,1,0
BRDA:93,8,0,0
BRDA:93,8,1,0
BRDA:102,9,0,0
BRDA:106,10,0,0
BRDA:106,10,1,0
BRDA:106,11,0,0
BRDA:106,11,1,0
BRDA:107,12,0,0
BRDA:107,12,1,0
BRDA:107,13,0,0
BRDA:107,13,1,0
BRDA:108,14,0,0
BRDA:108,14,1,0
BRDA:108,15,0,0
BRDA:108,15,1,0
BRDA:109,16,0,0
BRDA:109,16,1,0
BRDA:109,17,0,0
BRDA:109,17,1,0
BRDA:110,18,0,0
BRDA:110,18,1,0
BRDA:110,19,0,0
BRDA:110,19,1,0
BRDA:112,20,0,0
BRDA:124,21,0,0
BRDA:124,21,1,0
BRDA:127,22,0,0
BRDA:127,22,1,0
BRDA:130,23,0,0
BRDA:130,23,1,0
BRDA:136,24,0,0
BRDA:136,24,1,0
BRDA:137,25,0,0
BRDA:137,25,1,0
BRDA:143,26,0,0
BRDA:143,26,1,0
BRDA:144,27,0,0
BRDA:144,27,1,0
BRDA:148,28,0,0
BRDA:148,28,1,0
BRDA:151,29,0,0
BRDA:151,29,1,0
BRDA:152,30,0,0
BRDA:152,30,1,0
BRDA:163,31,0,0
BRDA:163,32,0,0
BRDA:167,33,0,0
BRDA:167,33,1,0
BRDA:168,34,0,0
BRDA:168,34,1,0
BRDA:169,35,0,0
BRDA:169,35,1,0
BRDA:170,36,0,0
BRDA:170,36,1,0
BRDA:170,37,0,0
BRDA:170,37,1,0
BRDA:179,38,0,0
BRDA:179,38,1,0
BRDA:182,39,0,0
BRDA:182,39,1,0
BRDA:184,40,0,0
BRDA:184,40,1,0
BRDA:192,41,0,0
BRDA:192,41,1,0
BRDA:223,42,0,0
BRDA:223,43,0,0
BRDA:223,43,1,0
BRDA:227,44,0,0
BRDA:232,45,0,0
BRDA:232,45,1,0
BRDA:233,46,0,0
BRDA:233,46,1,0
BRDA:234,47,0,0
BRDA:234,47,1,0
BRDA:283,48,0,0
BRDA:289,49,0,0
BRDA:293,50,0,0
BRDA:316,51,0,0
BRDA:316,51,1,0
BRDA:317,52,0,0
BRDA:317,52,1,0
BRDA:318,53,0,0
BRDA:318,53,1,0
BRDA:324,54,0,0
BRDA:324,54,1,0
BRDA:332,55,0,0
BRDA:332,55,1,0
BRDA:336,56,0,0
BRDA:336,56,1,0
BRDA:338,57,0,0
BRDA:338,57,1,0
BRDA:350,58,0,0
BRDA:364,59,0,0
BRDA:364,59,1,0
BRDA:381,60,0,0
BRDA:397,61,0,0
BRDA:410,62,0,0
BRDA:428,63,0,0
BRDA:440,64,0,0
BRDA:456,65,0,0
BRF:114
BRH:0
end_of_record
TN:
SF:src\components\Button.tsx
FN:28,(anonymous_1)
FN:64,(anonymous_2)
FN:84,(anonymous_3)
FN:102,(anonymous_4)
FNF:4
FNH:1
FNDA:23,(anonymous_1)
FNDA:0,(anonymous_2)
FNDA:0,(anonymous_3)
FNDA:0,(anonymous_4)
DA:1,1
DA:10,1
DA:22,1
DA:28,1
DA:37,23
DA:64,1
DA:69,0
DA:80,1
DA:84,1
DA:85,0
DA:93,0
DA:102,1
DA:103,0
DA:111,1
LF:14
LH:10
BRDA:29,0,0,20
BRDA:30,1,0,21
BRDA:31,2,0,19
BRDA:34,3,0,22
BRDA:40,4,0,8
BRDA:40,4,1,15
BRDA:40,5,0,23
BRDA:40,5,1,19
BRDA:42,6,0,23
BRDA:42,6,1,19
BRDA:45,7,0,4
BRDA:45,7,1,19
BRDA:66,8,0,0
BRDA:67,9,0,0
BRDA:71,10,0,0
BRDA:71,10,1,0
BRDA:84,11,0,0
BRDA:84,12,0,0
BRF:18
BRH:12
end_of_record
TN:
SF:src\components\Cards.tsx
FN:25,(anonymous_1)
FN:58,(anonymous_2)
FN:87,(anonymous_3)
FN:101,(anonymous_4)
FN:105,(anonymous_5)
FNF:5
FNH:0
FNDA:0,(anonymous_1)
FNDA:0,(anonymous_2)
FNDA:0,(anonymous_3)
FNDA:0,(anonymous_4)
FNDA:0,(anonymous_5)
DA:1,0
DA:3,0
DA:13,0
DA:19,0
DA:25,0
DA:32,0
DA:59,0
DA:60,0
DA:87,0
DA:98,0
DA:99,0
DA:101,0
DA:102,0
DA:105,0
DA:106,0
DA:109,0
DA:187,0
LF:17
LH:0
BRDA:27,0,0,0
BRDA:29,1,0,0
BRDA:39,2,0,0
BRDA:39,2,1,0
BRDA:52,3,0,0
BRDA:52,3,1,0
BRDA:56,4,0,0
BRDA:56,4,1,0
BRDA:64,5,0,0
BRDA:64,5,1,0
BRDA:95,6,0,0
BRDA:112,7,0,0
BRDA:112,7,1,0
BRDA:118,8,0,0
BRDA:118,8,1,0
BRDA:118,9,0,0
BRDA:118,9,1,0
BRDA:120,10,0,0
BRDA:120,10,1,0
BRDA:121,11,0,0
BRDA:121,11,1,0
BRDA:122,12,0,0
BRDA:122,12,1,0
BRDA:123,13,0,0
BRDA:123,13,1,0
BRDA:133,14,0,0
BRDA:133,14,1,0
BRDA:149,15,0,0
BRDA:149,15,1,0
BRDA:149,16,0,0
BRDA:149,16,1,0
BRDA:154,17,0,0
BRDA:154,17,1,0
BRDA:154,17,2,0
BRDA:168,18,0,0
BRDA:168,18,1,0
BRF:36
BRH:0
end_of_record
TN:
SF:src\components\IntroSplash.tsx
FN:12,(anonymous_10)
FN:32,(anonymous_11)
FN:49,(anonymous_12)
FN:67,(anonymous_13)
FN:84,(anonymous_14)
FN:108,(anonymous_15)
FN:119,(anonymous_16)
FN:130,(anonymous_17)
FN:153,(anonymous_18)
FN:203,IntroSplash
FN:213,(anonymous_20)
FN:218,(anonymous_21)
FN:219,(anonymous_22)
FN:220,(anonymous_23)
FN:225,(anonymous_24)
FN:233,(anonymous_25)
FN:237,(anonymous_26)
FN:309,(anonymous_27)
FN:336,(anonymous_28)
FN:344,(anonymous_29)
FN:568,(anonymous_30)
FNF:21
FNH:0
FNDA:0,(anonymous_10)
FNDA:0,(anonymous_11)
FNDA:0,(anonymous_12)
FNDA:0,(anonymous_13)
FNDA:0,(anonymous_14)
FNDA:0,(anonymous_15)
FNDA:0,(anonymous_16)
FNDA:0,(anonymous_17)
FNDA:0,(anonymous_18)
FNDA:0,IntroSplash
FNDA:0,(anonymous_20)
FNDA:0,(anonymous_21)
FNDA:0,(anonymous_22)
FNDA:0,(anonymous_23)
FNDA:0,(anonymous_24)
FNDA:0,(anonymous_25)
FNDA:0,(anonymous_26)
FNDA:0,(anonymous_27)
FNDA:0,(anonymous_28)
FNDA:0,(anonymous_29)
FNDA:0,(anonymous_30)
DA:3,0
DA:4,0
DA:5,0
DA:6,0
DA:8,0
DA:9,0
DA:10,0
DA:12,0
DA:15,0
DA:23,0
DA:32,0
DA:33,0
DA:49,0
DA:50,0
DA:51,0
DA:52,0
DA:53,0
DA:54,0
DA:55,0
DA:56,0
DA:67,0
DA:68,0
DA:84,0
DA:85,0
DA:86,0
DA:87,0
DA:88,0
DA:89,0
DA:96,0
DA:97,0
DA:108,0
DA:109,0
DA:119,0
DA:120,0
DA:131,0
DA:153,0
DA:154,0
DA:155,0
DA:203,0
DA:204,0
DA:205,0
DA:206,0
DA:207,0
DA:208,0
DA:209,0
DA:210,0
DA:211,0
DA:213,0
DA:214,0
DA:215,0
DA:216,0
DA:218,0
DA:219,0
DA:220,0
DA:222,0
DA:223,0
DA:225,0
DA:226,0
DA:227,0
DA:228,0
DA:229,0
DA:230,0
DA:231,0
DA:232,0
DA:233,0
DA:237,0
DA:238,0
DA:239,0
DA:240,0
DA:241,0
DA:242,0
DA:246,0
DA:248,0
DA:309,0
DA:337,0
DA:344,0
DA:569,0
LF:77
LH:0
BRDA:132,0,0,0
BRDA:132,0,1,0
BRDA:231,1,0,0
BRDA:242,2,0,0
BRDA:246,3,0,0
BRDA:246,4,0,0
BRDA:246,4,1,0
BRDA:250,5,0,0
BRDA:250,5,1,0
BRDA:361,6,0,0
BRDA:361,6,1,0
BRDA:418,7,0,0
BRDA:418,7,1,0
BRDA:484,8,0,0
BRDA:484,8,1,0
BRDA:572,9,0,0
BRDA:572,9,1,0
BRF:17
BRH:0
end_of_record
TN:
SF:src\components\Navigation.tsx
FN:35,(anonymous_10)
FN:45,(anonymous_11)
FN:81,(anonymous_12)
FN:92,(anonymous_13)
FN:95,(anonymous_14)
FN:96,(anonymous_15)
FN:104,(anonymous_16)
FN:108,(anonymous_17)
FN:110,(anonymous_18)
FN:114,(anonymous_19)
FN:118,(anonymous_20)
FN:254,(anonymous_21)
FN:279,(anonymous_22)
FN:288,(anonymous_23)
FN:289,(anonymous_24)
FN:424,(anonymous_25)
FN:425,(anonymous_26)
FN:494,(anonymous_27)
FN:561,(anonymous_28)
FN:593,(anonymous_29)
FNF:20
FNH:0
FNDA:0,(anonymous_10)
FNDA:0,(anonymous_11)
FNDA:0,(anonymous_12)
FNDA:0,(anonymous_13)
FNDA:0,(anonymous_14)
FNDA:0,(anonymous_15)
FNDA:0,(anonymous_16)
FNDA:0,(anonymous_17)
FNDA:0,(anonymous_18)
FNDA:0,(anonymous_19)
FNDA:0,(anonymous_20)
FNDA:0,(anonymous_21)
FNDA:0,(anonymous_22)
FNDA:0,(anonymous_23)
FNDA:0,(anonymous_24)
FNDA:0,(anonymous_25)
FNDA:0,(anonymous_26)
FNDA:0,(anonymous_27)
FNDA:0,(anonymous_28)
FNDA:0,(anonymous_29)
DA:3,1
DA:4,1
DA:5,1
DA:6,1
DA:7,1
DA:11,1
DA:12,1
DA:13,1
DA:14,1
DA:27,1
DA:35,1
DA:36,0
DA:45,1
DA:46,0
DA:81,1
DA:82,0
DA:83,0
DA:84,0
DA:85,0
DA:87,0
DA:88,0
DA:89,0
DA:90,0
DA:92,0
DA:95,0
DA:96,0
DA:97,0
DA:98,0
DA:99,0
DA:100,0
DA:101,0
DA:103,0
DA:104,0
DA:107,0
DA:108,0
DA:110,0
DA:112,0
DA:113,0
DA:114,0
DA:118,0
DA:120,0
DA:121,0
DA:123,0
DA:255,0
DA:280,0
DA:281,0
DA:283,0
DA:288,0
DA:289,0
DA:424,0
DA:425,0
DA:495,0
DA:496,0
DA:561,0
DA:588,1
DA:593,1
DA:594,0
DA:595,0
DA:614,0
DA:644,1
LF:60
LH:16
BRDA:99,0,0,0
BRDA:99,0,1,0
BRDA:99,1,0,0
BRDA:99,1,1,0
BRDA:100,2,0,0
BRDA:108,3,0,0
BRDA:108,4,0,0
BRDA:108,4,1,0
BRDA:110,5,0,0
BRDA:110,5,1,0
BRDA:115,6,0,0
BRDA:115,6,1,0
BRDA:118,7,0,0
BRDA:118,7,1,0
BRDA:118,7,2,0
BRDA:131,8,0,0
BRDA:131,8,1,0
BRDA:147,9,0,0
BRDA:147,9,1,0
BRDA:168,10,0,0
BRDA:168,10,1,0
BRDA:188,11,0,0
BRDA:188,11,1,0
BRDA:208,12,0,0
BRDA:208,12,1,0
BRDA:255,13,0,0
BRDA:255,13,1,0
BRDA:268,14,0,0
BRDA:268,14,1,0
BRDA:280,15,0,0
BRDA:280,15,1,0
BRDA:280,15,2,0
BRDA:295,16,0,0
BRDA:295,16,1,0
BRDA:296,17,0,0
BRDA:296,17,1,0
BRDA:297,18,0,0
BRDA:297,18,1,0
BRDA:297,19,0,0
BRDA:297,19,1,0
BRDA:298,20,0,0
BRDA:298,20,1,0
BRDA:299,21,0,0
BRDA:299,21,1,0
BRDA:303,22,0,0
BRDA:303,22,1,0
BRDA:308,23,0,0
BRDA:308,23,1,0
BRDA:311,24,0,0
BRDA:311,24,1,0
BRDA:324,25,0,0
BRDA:324,25,1,0
BRDA:325,26,0,0
BRDA:325,26,1,0
BRDA:326,27,0,0
BRDA:326,27,1,0
BRDA:326,28,0,0
BRDA:326,28,1,0
BRDA:329,29,0,0
BRDA:329,29,1,0
BRDA:339,30,0,0
BRDA:339,30,1,0
BRDA:343,31,0,0
BRDA:343,31,1,0
BRDA:343,32,0,0
BRDA:343,32,1,0
BRDA:344,33,0,0
BRDA:344,33,1,0
BRDA:359,34,0,0
BRDA:359,34,1,0
BRDA:359,34,2,0
BRDA:372,35,0,0
BRDA:372,35,1,0
BRDA:372,35,2,0
BRDA:372,35,3,0
BRDA:386,36,0,0
BRDA:386,36,1,0
BRDA:386,36,2,0
BRDA:402,37,0,0
BRDA:402,37,1,0
BRDA:418,38,0,0
BRDA:418,38,1,0
BRDA:419,39,0,0
BRDA:419,39,1,0
BRDA:426,40,0,0
BRDA:426,40,1,0
BRDA:433,41,0,0
BRDA:433,41,1,0
BRDA:443,42,0,0
BRDA:443,42,1,0
BRDA:448,43,0,0
BRDA:448,43,1,0
BRDA:455,44,0,0
BRDA:455,44,1,0
BRDA:464,45,0,0
BRDA:464,45,1,0
BRDA:464,45,2,0
BRDA:465,46,0,0
BRDA:465,46,1,0
BRDA:479,47,0,0
BRDA:479,47,1,0
BRDA:479,48,0,0
BRDA:479,48,1,0
BRDA:491,49,0,0
BRDA:491,49,1,0
BRDA:495,50,0,0
BRDA:495,50,1,0
BRDA:495,50,2,0
BRDA:502,51,0,0
BRDA:502,51,1,0
BRDA:503,52,0,0
BRDA:503,52,1,0
BRDA:508,53,0,0
BRDA:508,53,1,0
BRDA:518,54,0,0
BRDA:518,54,1,0
BRDA:519,55,0,0
BRDA:519,55,1,0
BRDA:528,56,0,0
BRDA:528,56,1,0
BRDA:529,57,0,0
BRDA:529,57,1,0
BRDA:546,58,0,0
BRDA:546,58,1,0
BRDA:593,59,0,0
BRDA:594,60,0,0
BRDA:594,61,0,0
BRDA:594,61,1,0
BRDA:600,62,0,0
BRDA:600,62,1,0
BRDA:607,63,0,0
BRDA:607,63,1,0
BRDA:619,64,0,0
BRDA:619,64,1,0
BRDA:628,65,0,0
BRDA:628,65,1,0
BRDA:635,66,0,0
BRDA:635,66,1,0
BRF:138
BRH:0
end_of_record
TN:
SF:src\components\Trophy3D.tsx
FN:9,CameraRig
FN:12,(anonymous_1)
FN:34,TrophyScene
FN:38,(anonymous_3)
FN:49,Trophy3D
FNF:5
FNH:0
FNDA:0,CameraRig
FNDA:0,(anonymous_1)
FNDA:0,TrophyScene
FNDA:0,(anonymous_3)
FNDA:0,Trophy3D
DA:3,0
DA:4,0
DA:5,0
DA:10,0
DA:12,0
DA:13,0
DA:16,0
DA:19,0
DA:22,0
DA:24,0
DA:25,0
DA:26,0
DA:28,0
DA:31,0
DA:35,0
DA:36,0
DA:38,0
DA:39,0
DA:40,0
DA:41,0
DA:44,0
DA:47,0
DA:49,0
DA:50,0
LF:24
LH:0
BRDA:39,0,0,0
BRF:1
BRH:0
end_of_record
TN:
SF:src\contexts\AuthContext.tsx
FN:18,AuthProvider
FN:23,(anonymous_10)
FN:30,(anonymous_11)
FN:49,(anonymous_12)
FN:68,(anonymous_13)
FN:83,useAuth
FNF:6
FNH:0
FNDA:0,AuthProvider
FNDA:0,(anonymous_10)
FNDA:0,(anonymous_11)
FNDA:0,(anonymous_12)
FNDA:0,(anonymous_13)
FNDA:0,useAuth
DA:3,2
DA:4,2
DA:16,2
DA:18,2
DA:19,0
DA:20,0
DA:21,0
DA:23,0
DA:24,0
DA:25,0
DA:26,0
DA:27,0
DA:30,0
DA:31,0
DA:32,0
DA:33,0
DA:34,0
DA:35,0
DA:36,0
DA:37,0
DA:39,0
DA:40,0
DA:42,0
DA:43,0
DA:45,0
DA:49,0
DA:50,0
DA:51,0
DA:52,0
DA:53,0
DA:54,0
DA:55,0
DA:56,0
DA:58,0
DA:59,0
DA:61,0
DA:62,0
DA:64,0
DA:68,0
DA:69,0
DA:70,0
DA:71,0
DA:73,0
DA:76,0
DA:83,2
DA:84,0
DA:85,0
DA:86,0
LF:48
LH:5
BRDA:26,0,0,0
BRDA:26,1,0,0
BRDA:26,1,1,0
BRDA:35,2,0,0
BRDA:35,3,0,0
BRDA:35,3,1,0
BRDA:39,4,0,0
BRDA:39,4,1,0
BRDA:54,5,0,0
BRDA:54,6,0,0
BRDA:54,6,1,0
BRDA:58,7,0,0
BRDA:58,7,1,0
BRDA:70,8,0,0
BRDA:85,9,0,0
BRF:15
BRH:0
end_of_record
TN:
SF:src\contexts\SidebarContext.tsx
FN:13,(anonymous_0)
FN:14,(anonymous_1)
FN:17,SidebarProvider
FN:20,(anonymous_3)
FN:27,(anonymous_4)
FN:32,(anonymous_5)
FN:33,(anonymous_6)
FN:47,(anonymous_7)
FNF:8
FNH:0
FNDA:0,(anonymous_0)
FNDA:0,(anonymous_1)
FNDA:0,SidebarProvider
FNDA:0,(anonymous_3)
FNDA:0,(anonymous_4)
FNDA:0,(anonymous_5)
FNDA:0,(anonymous_6)
FNDA:0,(anonymous_7)
DA:3,1
DA:11,1
DA:17,1
DA:18,0
DA:20,0
DA:21,0
DA:22,0
DA:23,0
DA:27,0
DA:28,0
DA:29,0
DA:32,0
DA:33,0
DA:34,0
DA:35,0
DA:36,0
DA:40,0
DA:47,1
LF:18
LH:4
BRDA:23,0,0,0
BRF:1
BRH:0
end_of_record
TN:
SF:src\hooks\useT.ts
FN:17,getNestedValue
FN:27,useT
FN:30,(anonymous_3)
FN:36,(anonymous_4)
FN:36,(anonymous_5)
FNF:5
FNH:0
FNDA:0,getNestedValue
FNDA:0,useT
FNDA:0,(anonymous_3)
FNDA:0,(anonymous_4)
FNDA:0,(anonymous_5)
DA:3,1
DA:4,1
DA:5,1
DA:7,1
DA:8,1
DA:9,1
DA:10,1
DA:11,1
DA:12,1
DA:13,1
DA:15,1
DA:18,0
DA:19,0
DA:20,0
DA:21,0
DA:22,0
DA:24,0
DA:27,1
DA:28,0
DA:30,0
DA:31,0
DA:32,0
DA:35,0
DA:36,0
DA:40,0
LF:25
LH:12
BRDA:21,0,0,0
BRDA:21,1,0,0
BRDA:21,1,1,0
BRDA:24,2,0,0
BRDA:24,2,1,0
BRDA:31,3,0,0
BRDA:31,3,1,0
BRDA:32,4,0,0
BRDA:32,4,1,0
BRF:9
BRH:0
end_of_record
TN:
SF:src\i18n\locales.ts
FN:16,(anonymous_0)
FNF:1
FNH:0
FNDA:0,(anonymous_0)
DA:1,1
DA:4,1
DA:6,1
DA:16,1
DA:17,0
LF:5
LH:4
BRF:0
BRH:0
end_of_record
TN:
SF:src\services\api.ts
FN:10,(anonymous_1)
FN:19,(anonymous_2)
FN:29,(anonymous_3)
FN:30,(anonymous_4)
FN:41,(anonymous_5)
FN:46,(anonymous_6)
FN:53,(anonymous_7)
FN:59,(anonymous_8)
FN:64,(anonymous_9)
FN:69,(anonymous_10)
FN:74,(anonymous_11)
FNF:11
FNH:3
FNDA:1,(anonymous_1)
FNDA:0,(anonymous_2)
FNDA:0,(anonymous_3)
FNDA:0,(anonymous_4)
FNDA:1,(anonymous_5)
FNDA:1,(anonymous_6)
FNDA:0,(anonymous_7)
FNDA:0,(anonymous_8)
FNDA:0,(anonymous_9)
FNDA:0,(anonymous_10)
FNDA:0,(anonymous_11)
DA:1,1
DA:4,1
DA:8,1
DA:11,1
DA:19,1
DA:20,0
DA:21,0
DA:22,0
DA:24,0
DA:28,1
DA:29,0
DA:31,0
DA:33,0
DA:34,0
DA:36,0
DA:42,1
DA:43,1
DA:47,1
DA:48,0
DA:50,1
DA:54,0
DA:55,0
DA:56,0
DA:60,0
DA:61,0
DA:65,0
DA:66,0
DA:70,0
DA:71,0
DA:75,0
DA:76,0
DA:80,1
DA:82,1
LF:33
LH:12
BRDA:4,0,0,1
BRDA:4,0,1,1
BRDA:20,1,0,0
BRDA:20,1,1,0
BRDA:21,2,0,0
BRDA:31,3,0,0
BRDA:47,4,0,0
BRF:7
BRH:2
end_of_record
TN:
SF:src\services\auth.ts
FN:33,(anonymous_0)
FN:65,(anonymous_1)
FN:99,(anonymous_2)
FN:104,(anonymous_3)
FN:109,(anonymous_4)
FN:115,(anonymous_5)
FNF:6
FNH:1
FNDA:2,(anonymous_0)
FNDA:0,(anonymous_1)
FNDA:0,(anonymous_2)
FNDA:0,(anonymous_3)
FNDA:0,(anonymous_4)
FNDA:0,(anonymous_5)
DA:32,3
DA:34,2
DA:35,2
DA:41,2
DA:42,2
DA:44,2
DA:45,1
DA:46,0
DA:47,0
DA:49,0
DA:52,1
DA:54,1
DA:55,1
DA:56,1
DA:59,1
DA:61,0
DA:66,0
DA:68,0
DA:80,0
DA:81,0
DA:85,0
DA:86,0
DA:93,0
DA:95,0
DA:100,0
DA:101,0
DA:105,0
DA:106,0
DA:110,0
DA:111,0
DA:112,0
DA:116,0
LF:32
LH:12
BRDA:41,0,0,2
BRDA:41,0,1,0
BRDA:42,1,0,2
BRDA:42,1,1,0
BRDA:44,2,0,1
BRDA:45,3,0,1
BRDA:46,4,0,0
BRDA:52,5,0,0
BRDA:54,6,0,1
BRDA:54,7,0,1
BRDA:54,7,1,1
BRDA:80,8,0,0
BRDA:80,8,1,0
BRDA:81,9,0,0
BRDA:81,9,1,0
BRDA:85,10,0,0
BRDA:85,11,0,0
BRDA:85,11,1,0
BRDA:88,12,0,0
BRDA:88,12,1,0
BRDA:105,13,0,0
BRDA:110,14,0,0
BRDA:112,15,0,0
BRDA:112,15,1,0
BRF:24
BRH:7
end_of_record
TN:
SF:src\services\predictions.ts
FN:13,(anonymous_0)
FN:22,(anonymous_1)
FN:32,(anonymous_2)
FN:36,(anonymous_3)
FN:40,(anonymous_4)
FN:48,(anonymous_5)
FN:54,(anonymous_6)
FN:58,(anonymous_7)
FN:62,(anonymous_8)
FN:72,(anonymous_9)
FN:80,(anonymous_10)
FN:90,(anonymous_11)
FN:94,(anonymous_12)
FN:98,(anonymous_13)
FN:102,(anonymous_14)
FN:106,(anonymous_15)
FN:110,(anonymous_16)
FN:121,(anonymous_17)
FN:125,(anonymous_18)
FN:132,(anonymous_19)
FNF:20
FNH:0
FNDA:0,(anonymous_0)
FNDA:0,(anonymous_1)
FNDA:0,(anonymous_2)
FNDA:0,(anonymous_3)
FNDA:0,(anonymous_4)
FNDA:0,(anonymous_5)
FNDA:0,(anonymous_6)
FNDA:0,(anonymous_7)
FNDA:0,(anonymous_8)
FNDA:0,(anonymous_9)
FNDA:0,(anonymous_10)
FNDA:0,(anonymous_11)
FNDA:0,(anonymous_12)
FNDA:0,(anonymous_13)
FNDA:0,(anonymous_14)
FNDA:0,(anonymous_15)
FNDA:0,(anonymous_16)
FNDA:0,(anonymous_17)
FNDA:0,(anonymous_18)
FNDA:0,(anonymous_19)
DA:1,0
DA:12,0
DA:19,0
DA:29,0
DA:33,0
DA:37,0
DA:41,0
DA:42,0
DA:44,0
DA:49,0
DA:53,0
DA:55,0
DA:59,0
DA:66,0
DA:73,0
DA:79,0
DA:87,0
DA:91,0
DA:95,0
DA:99,0
DA:103,0
DA:107,0
DA:115,0
DA:122,0
DA:129,0
DA:133,0
DA:137,0
LF:27
LH:0
BRF:0
BRH:0
end_of_record
TN:
SF:src\services\publicApi.ts
FN:10,request
FN:21,(anonymous_1)
FNF:2
FNH:0
FNDA:0,request
FNDA:0,(anonymous_1)
DA:2,0
DA:15,0
DA:16,0
DA:19,0
DA:20,0
DA:21,0
DA:22,0
DA:23,0
DA:28,0
DA:36,0
DA:37,0
DA:40,0
DA:41,0
DA:42,0
DA:45,0
DA:48,0
LF:16
LH:0
BRDA:2,0,0,0
BRDA:2,0,1,0
BRDA:15,1,0,0
BRDA:15,1,1,0
BRDA:20,2,0,0
BRDA:22,3,0,0
BRDA:22,4,0,0
BRDA:22,4,1,0
BRDA:22,4,2,0
BRDA:36,5,0,0
BRDA:41,6,0,0
BRDA:41,7,0,0
BRDA:41,7,1,0
BRDA:41,7,2,0
BRF:14
BRH:0
end_of_record
TN:
SF:src\services\publicTournament.ts
FN:35,normalizeTeam
FN:50,normalizeStatus
FN:59,toDate
FN:64,normalizeFixture
FN:109,getCurrentTournament
FN:114,(anonymous_5)
FN:115,(anonymous_6)
FN:126,getTeams
FN:130,(anonymous_8)
FN:140,getTournamentFixtures
FN:146,(anonymous_10)
FN:152,getLiveFixtures
FN:158,(anonymous_12)
FN:164,getFixtureById
FN:177,getAllFixtures
FN:184,(anonymous_15)
FN:192,getTournamentGroups
FN:203,getUserPredictions
FNF:18
FNH:0
FNDA:0,normalizeTeam
FNDA:0,normalizeStatus
FNDA:0,toDate
FNDA:0,normalizeFixture
FNDA:0,getCurrentTournament
FNDA:0,(anonymous_5)
FNDA:0,(anonymous_6)
FNDA:0,getTeams
FNDA:0,(anonymous_8)
FNDA:0,getTournamentFixtures
FNDA:0,(anonymous_10)
FNDA:0,getLiveFixtures
FNDA:0,(anonymous_12)
FNDA:0,getFixtureById
FNDA:0,getAllFixtures
FNDA:0,(anonymous_15)
FNDA:0,getTournamentGroups
FNDA:0,getUserPredictions
DA:2,0
DA:41,0
DA:51,0
DA:52,0
DA:53,0
DA:54,0
DA:55,0
DA:56,0
DA:60,0
DA:61,0
DA:65,0
DA:66,0
DA:67,0
DA:68,0
DA:74,0
DA:81,0
DA:109,0
DA:110,0
DA:111,0
DA:112,0
DA:113,0
DA:114,0
DA:115,0
DA:120,0
DA:126,0
DA:127,0
DA:128,0
DA:129,0
DA:130,0
DA:131,0
DA:134,0
DA:140,0
DA:141,0
DA:142,0
DA:145,0
DA:146,0
DA:148,0
DA:152,0
DA:153,0
DA:154,0
DA:157,0
DA:158,0
DA:160,0
DA:164,0
DA:165,0
DA:166,0
DA:167,0
DA:169,0
DA:177,0
DA:178,0
DA:179,0
DA:180,0
DA:182,0
DA:183,0
DA:184,0
DA:186,0
DA:192,0
DA:193,0
DA:194,0
DA:195,0
DA:197,0
DA:203,0
DA:204,0
DA:205,0
DA:206,0
DA:208,0
LF:66
LH:0
BRDA:37,0,0,0
BRDA:38,1,0,0
BRDA:39,2,0,0
BRDA:42,3,0,0
BRDA:42,3,1,0
BRDA:43,4,0,0
BRDA:43,4,1,0
BRDA:44,5,0,0
BRDA:44,5,1,0
BRDA:44,5,2,0
BRDA:51,6,0,0
BRDA:51,6,1,0
BRDA:52,7,0,0
BRDA:53,8,0,0
BRDA:54,9,0,0
BRDA:55,10,0,0
BRDA:60,11,0,0
BRDA:61,12,0,0
BRDA:61,12,1,0
BRDA:64,13,0,0
BRDA:65,14,0,0
BRDA:65,14,1,0
BRDA:66,15,0,0
BRDA:66,15,1,0
BRDA:67,16,0,0
BRDA:67,16,1,0
BRDA:70,17,0,0
BRDA:70,17,1,0
BRDA:71,18,0,0
BRDA:71,18,1,0
BRDA:72,19,0,0
BRDA:72,19,1,0
BRDA:76,20,0,0
BRDA:76,20,1,0
BRDA:77,21,0,0
BRDA:77,21,1,0
BRDA:78,22,0,0
BRDA:78,22,1,0
BRDA:83,23,0,0
BRDA:83,23,1,0
BRDA:88,24,0,0
BRDA:88,24,1,0
BRDA:89,25,0,0
BRDA:89,25,1,0
BRDA:90,26,0,0
BRDA:90,26,1,0
BRDA:93,27,0,0
BRDA:93,27,1,0
BRDA:94,28,0,0
BRDA:94,28,1,0
BRDA:96,29,0,0
BRDA:96,29,1,0
BRDA:112,30,0,0
BRDA:112,30,1,0
BRDA:112,31,0,0
BRDA:112,31,1,0
BRDA:114,32,0,0
BRDA:114,32,1,0
BRDA:114,32,2,0
BRDA:114,32,3,0
BRDA:129,33,0,0
BRDA:129,33,1,0
BRDA:129,34,0,0
BRDA:129,34,1,0
BRDA:131,35,0,0
BRDA:131,35,1,0
BRDA:131,36,0,0
BRDA:131,36,1,0
BRDA:131,37,0,0
BRDA:131,37,1,0
BRDA:145,38,0,0
BRDA:145,38,1,0
BRDA:145,39,0,0
BRDA:145,39,1,0
BRDA:157,40,0,0
BRDA:157,40,1,0
BRDA:157,41,0,0
BRDA:157,41,1,0
BRDA:180,42,0,0
BRDA:183,43,0,0
BRDA:183,44,0,0
BRDA:183,44,1,0
BRDA:195,45,0,0
BRDA:195,45,1,0
BRDA:195,46,0,0
BRDA:195,46,1,0
BRDA:206,47,0,0
BRDA:206,47,1,0
BRDA:206,48,0,0
BRDA:206,48,1,0
BRF:90
BRH:0
end_of_record
